COMBAT Data
*************************************************


PANROS att = 9  dam = 0
DARATRIS def= 15 HP= 65

HALFELF#CLR#PANROS#(0,1)#47#[6#11#10#6#7#11]#()#SMALL WOODEN SHIELD#LONG SWORD#
	10#76000#28#()#


TROLL#DARATRIS#(-1,-1)#65#[14#23#6#6#23#9]#(LISTEN,SPOT)#THICK SKIN#CLUB#


***********************************

DARATRIS att = 34  dam = 8
PANROS def= 9 HP= 39

TROLL#DARATRIS#(-1,-1)#65#[14#23#6#6#23#9]#(LISTEN,SPOT)#THICK SKIN#CLUB#


HALFELF#CLR#PANROS#(0,1)#39#[6#11#10#6#7#11]#()#SMALL WOODEN SHIELD#LONG SWORD#
	10#76000#28#()#


***********************************

PANROS att = 12  dam = 0
DARATRIS def= 15 HP= 65

HALFELF#CLR#PANROS#(0,1)#39#[6#11#10#6#7#11]#()#SMALL WOODEN SHIELD#LONG SWORD#
	10#76000#28#()#


TROLL#DARATRIS#(-1,-1)#65#[14#23#6#6#23#9]#(LISTEN,SPOT)#THICK SKIN#CLUB#


***********************************

DARATRIS att = 27  dam = 8
PANROS def= 9 HP= 31

TROLL#DARATRIS#(-1,-1)#65#[14#23#6#6#23#9]#(LISTEN,SPOT)#THICK SKIN#CLUB#


HALFELF#CLR#PANROS#(0,1)#31#[6#11#10#6#7#11]#()#SMALL WOODEN SHIELD#LONG SWORD#
	10#76000#28#()#


***********************************

PANROS att = 21  dam = 2
DARATRIS def= 15 HP= 63

HALFELF#CLR#PANROS#(0,1)#31#[6#11#10#6#7#11]#()#SMALL WOODEN SHIELD#LONG SWORD#
	10#76000#28#()#


TROLL#DARATRIS#(-1,-1)#63#[14#23#6#6#23#9]#(LISTEN,SPOT)#THICK SKIN#CLUB#


***********************************

DARATRIS att = 24  dam = 9
PANROS def= 9 HP= 22

TROLL#DARATRIS#(-1,-1)#63#[14#23#6#6#23#9]#(LISTEN,SPOT)#THICK SKIN#CLUB#


HALFELF#CLR#PANROS#(0,1)#22#[6#11#10#6#7#11]#()#SMALL WOODEN SHIELD#LONG SWORD#
	10#76000#28#()#


***********************************

PANROS att = 14  dam = 0
DARATRIS def= 15 HP= 63

HALFELF#CLR#PANROS#(0,1)#22#[6#11#10#6#7#11]#()#SMALL WOODEN SHIELD#LONG SWORD#
	10#76000#28#()#


TROLL#DARATRIS#(-1,-1)#63#[14#23#6#6#23#9]#(LISTEN,SPOT)#THICK SKIN#CLUB#


***********************************

DARATRIS att = 17  dam = 9
PANROS def= 9 HP= 13

TROLL#DARATRIS#(-1,-1)#63#[14#23#6#6#23#9]#(LISTEN,SPOT)#THICK SKIN#CLUB#


HALFELF#CLR#PANROS#(0,1)#13#[6#11#10#6#7#11]#()#SMALL WOODEN SHIELD#LONG SWORD#
	10#76000#28#()#


***********************************

PANROS att = 19  dam = 3
DARATRIS def= 15 HP= 60

HALFELF#CLR#PANROS#(0,1)#13#[6#11#10#6#7#11]#()#SMALL WOODEN SHIELD#LONG SWORD#
	10#76000#28#()#


TROLL#DARATRIS#(-1,-1)#60#[14#23#6#6#23#9]#(LISTEN,SPOT)#THICK SKIN#CLUB#


***********************************

DARATRIS att = 30  dam = 11
PANROS def= 9 HP= 2

TROLL#DARATRIS#(-1,-1)#60#[14#23#6#6#23#9]#(LISTEN,SPOT)#THICK SKIN#CLUB#


HALFELF#CLR#PANROS#(0,1)#2#[6#11#10#6#7#11]#()#SMALL WOODEN SHIELD#LONG SWORD#
	10#76000#28#()#


***********************************

PANROS att = 10  dam = 0
DARATRIS def= 15 HP= 60

HALFELF#CLR#PANROS#(0,1)#2#[6#11#10#6#7#11]#()#SMALL WOODEN SHIELD#LONG SWORD#
	10#76000#28#()#


TROLL#DARATRIS#(-1,-1)#60#[14#23#6#6#23#9]#(LISTEN,SPOT)#THICK SKIN#CLUB#


***********************************

DARATRIS att = 30  dam = 12
PANROS def= 9 HP= -10

TROLL#DARATRIS#(-1,-1)#60#[14#23#6#6#23#9]#(LISTEN,SPOT)#THICK SKIN#CLUB#


HALFELF#CLR#PANROS#(0,1)#-10#[6#11#10#6#7#11]#()#SMALL WOODEN SHIELD#LONG SWORD#
	10#76000#28#()#


***********************************

JANUVIAL att = 25  dam = 9
KEVKUL def= 9 HP= 26

OGRE#JANUVIAL#(-1,-1)#31#[8#15#6#7#21#10]#(INTIMIDATE,LISTEN,SPOT)#SPIKED BANDS#SPEAR#


ORC#ROG#KEVKUL#(0,2)#26#[5#8#5#13#16#12]#(BLUFF,CLIMB,HIDE)#LEATHER#SWORD#
	10#76000#27#(SHORT BOW)#


***********************************

KEVKUL att = 16  dam = 7
JANUVIAL def= 10 HP= 24

ORC#ROG#KEVKUL#(0,2)#26#[5#8#5#13#16#12]#(BLUFF,CLIMB,HIDE)#LEATHER#SWORD#
	10#76000#27#(SHORT BOW)#


OGRE#JANUVIAL#(-1,-1)#24#[8#15#6#7#21#10]#(INTIMIDATE,LISTEN,SPOT)#SPIKED BANDS#SPEAR#


***********************************

JANUVIAL att = 30  dam = 6
KEVKUL def= 9 HP= 20

OGRE#JANUVIAL#(-1,-1)#24#[8#15#6#7#21#10]#(INTIMIDATE,LISTEN,SPOT)#SPIKED BANDS#SPEAR#


ORC#ROG#KEVKUL#(0,2)#20#[5#8#5#13#16#12]#(BLUFF,CLIMB,HIDE)#LEATHER#SWORD#
	10#76000#27#(SHORT BOW)#


***********************************

KEVKUL att = 22  dam = 9
JANUVIAL def= 10 HP= 15

ORC#ROG#KEVKUL#(0,2)#20#[5#8#5#13#16#12]#(BLUFF,CLIMB,HIDE)#LEATHER#SWORD#
	10#76000#27#(SHORT BOW)#


OGRE#JANUVIAL#(-1,-1)#15#[8#15#6#7#21#10]#(INTIMIDATE,LISTEN,SPOT)#SPIKED BANDS#SPEAR#


***********************************

JANUVIAL att = 22  dam = 9
KEVKUL def= 9 HP= 11

OGRE#JANUVIAL#(-1,-1)#15#[8#15#6#7#21#10]#(INTIMIDATE,LISTEN,SPOT)#SPIKED BANDS#SPEAR#


ORC#ROG#KEVKUL#(0,2)#11#[5#8#5#13#16#12]#(BLUFF,CLIMB,HIDE)#LEATHER#SWORD#
	10#76000#27#(SHORT BOW)#


***********************************

KEVKUL att = 18  dam = 4
JANUVIAL def= 10 HP= 11

ORC#ROG#KEVKUL#(0,2)#11#[5#8#5#13#16#12]#(BLUFF,CLIMB,HIDE)#LEATHER#SWORD#
	10#76000#27#(SHORT BOW)#


OGRE#JANUVIAL#(-1,-1)#11#[8#15#6#7#21#10]#(INTIMIDATE,LISTEN,SPOT)#SPIKED BANDS#SPEAR#


***********************************

JANUVIAL att = 15  dam = 8
KEVKUL def= 9 HP= 3

OGRE#JANUVIAL#(-1,-1)#11#[8#15#6#7#21#10]#(INTIMIDATE,LISTEN,SPOT)#SPIKED BANDS#SPEAR#


ORC#ROG#KEVKUL#(0,2)#3#[5#8#5#13#16#12]#(BLUFF,CLIMB,HIDE)#LEATHER#SWORD#
	10#76000#27#(SHORT BOW)#


***********************************

KEVKUL att = 26  dam = 9
JANUVIAL def= 10 HP= 2

ORC#ROG#KEVKUL#(0,2)#3#[5#8#5#13#16#12]#(BLUFF,CLIMB,HIDE)#LEATHER#SWORD#
	10#76000#27#(SHORT BOW)#


OGRE#JANUVIAL#(-1,-1)#2#[8#15#6#7#21#10]#(INTIMIDATE,LISTEN,SPOT)#SPIKED BANDS#SPEAR#


***********************************

JANUVIAL att = 31  dam = 9
KEVKUL def= 9 HP= -6

OGRE#JANUVIAL#(-1,-1)#2#[8#15#6#7#21#10]#(INTIMIDATE,LISTEN,SPOT)#SPIKED BANDS#SPEAR#


ORC#ROG#KEVKUL#(0,2)#-6#[5#8#5#13#16#12]#(BLUFF,CLIMB,HIDE)#LEATHER#SWORD#
	10#76000#27#(SHORT BOW)#


***********************************

DARATRIS att = 27  dam = 7
JAMIAN def= 12 HP= 37

TROLL#DARATRIS#(-1,-1)#60#[14#23#6#6#23#9]#(LISTEN,SPOT)#THICK SKIN#CLUB#


HUMAN#FTR#JAMIAN#(0,1)#37#[8#11#9#13#13#8]#(INTIMIDATE,SWIM)#RIOT SHIELD#SWORD#
	10#76000#29#()#


***********************************

JAMIAN att = 21  dam = 4
DARATRIS def= 15 HP= 56

HUMAN#FTR#JAMIAN#(0,1)#37#[8#11#9#13#13#8]#(INTIMIDATE,SWIM)#RIOT SHIELD#SWORD#
	10#76000#29#()#


TROLL#DARATRIS#(-1,-1)#56#[14#23#6#6#23#9]#(LISTEN,SPOT)#THICK SKIN#CLUB#


***********************************

DARATRIS att = 20  dam = 8
JAMIAN def= 12 HP= 29

TROLL#DARATRIS#(-1,-1)#56#[14#23#6#6#23#9]#(LISTEN,SPOT)#THICK SKIN#CLUB#


HUMAN#FTR#JAMIAN#(0,1)#29#[8#11#9#13#13#8]#(INTIMIDATE,SWIM)#RIOT SHIELD#SWORD#
	10#76000#29#()#


***********************************

JAMIAN att = 15  dam = 0
DARATRIS def= 15 HP= 56

HUMAN#FTR#JAMIAN#(0,1)#29#[8#11#9#13#13#8]#(INTIMIDATE,SWIM)#RIOT SHIELD#SWORD#
	10#76000#29#()#


TROLL#DARATRIS#(-1,-1)#56#[14#23#6#6#23#9]#(LISTEN,SPOT)#THICK SKIN#CLUB#


***********************************

DARATRIS att = 29  dam = 9
JAMIAN def= 12 HP= 20

TROLL#DARATRIS#(-1,-1)#56#[14#23#6#6#23#9]#(LISTEN,SPOT)#THICK SKIN#CLUB#


HUMAN#FTR#JAMIAN#(0,1)#20#[8#11#9#13#13#8]#(INTIMIDATE,SWIM)#RIOT SHIELD#SWORD#
	10#76000#29#()#


***********************************

JAMIAN att = 18  dam = 6
DARATRIS def= 15 HP= 50

HUMAN#FTR#JAMIAN#(0,1)#20#[8#11#9#13#13#8]#(INTIMIDATE,SWIM)#RIOT SHIELD#SWORD#
	10#76000#29#()#


TROLL#DARATRIS#(-1,-1)#50#[14#23#6#6#23#9]#(LISTEN,SPOT)#THICK SKIN#CLUB#


***********************************

DARATRIS att = 20  dam = 11
JAMIAN def= 12 HP= 9

TROLL#DARATRIS#(-1,-1)#50#[14#23#6#6#23#9]#(LISTEN,SPOT)#THICK SKIN#CLUB#


HUMAN#FTR#JAMIAN#(0,1)#9#[8#11#9#13#13#8]#(INTIMIDATE,SWIM)#RIOT SHIELD#SWORD#
	10#76000#29#()#


***********************************

JAMIAN att = 20  dam = 2
DARATRIS def= 15 HP= 48

HUMAN#FTR#JAMIAN#(0,1)#9#[8#11#9#13#13#8]#(INTIMIDATE,SWIM)#RIOT SHIELD#SWORD#
	10#76000#29#()#


TROLL#DARATRIS#(-1,-1)#48#[14#23#6#6#23#9]#(LISTEN,SPOT)#THICK SKIN#CLUB#


***********************************

DARATRIS att = 25  dam = 10
JAMIAN def= 12 HP= -1

TROLL#DARATRIS#(-1,-1)#48#[14#23#6#6#23#9]#(LISTEN,SPOT)#THICK SKIN#CLUB#


HUMAN#FTR#JAMIAN#(0,1)#-1#[8#11#9#13#13#8]#(INTIMIDATE,SWIM)#RIOT SHIELD#SWORD#
	10#76000#29#()#


***********************************

ADEAK att = 10  dam = 0
JANUVIAL def= 10 HP= 2

ELF#WIZ#ADEAK#(0,2)#13#[15#8#11#10#10#15]#(CONCENTRATION,HIDE,USE MAGIC DEVICES)##DAGGER#
	10#76000#27#(QUARTER STAFF)#


OGRE#JANUVIAL#(-1,-1)#2#[8#15#6#7#21#10]#(INTIMIDATE,LISTEN,SPOT)#SPIKED BANDS#SPEAR#


***********************************

JANUVIAL att = 17  dam = 12
ADEAK def= 12 HP= 1

OGRE#JANUVIAL#(-1,-1)#2#[8#15#6#7#21#10]#(INTIMIDATE,LISTEN,SPOT)#SPIKED BANDS#SPEAR#


ELF#WIZ#ADEAK#(0,2)#1#[15#8#11#10#10#15]#(CONCENTRATION,HIDE,USE MAGIC DEVICES)##DAGGER#
	10#76000#27#(QUARTER STAFF)#


***********************************

ADEAK att = 9  dam = 0
JANUVIAL def= 10 HP= 2

ELF#WIZ#ADEAK#(0,2)#1#[15#8#11#10#10#15]#(CONCENTRATION,HIDE,USE MAGIC DEVICES)##DAGGER#
	10#76000#27#(QUARTER STAFF)#


OGRE#JANUVIAL#(-1,-1)#2#[8#15#6#7#21#10]#(INTIMIDATE,LISTEN,SPOT)#SPIKED BANDS#SPEAR#


***********************************

JANUVIAL att = 24  dam = 9
ADEAK def= 12 HP= -8

OGRE#JANUVIAL#(-1,-1)#2#[8#15#6#7#21#10]#(INTIMIDATE,LISTEN,SPOT)#SPIKED BANDS#SPEAR#


ELF#WIZ#ADEAK#(0,2)#-8#[15#8#11#10#10#15]#(CONCENTRATION,HIDE,USE MAGIC DEVICES)##DAGGER#
	10#76000#27#(QUARTER STAFF)#


***********************************

