=============
Program 5 output
=============

*************************************************
SetUp
*************************************************

S1  : DAGGER : 5
S2  : GLOCK 171 : 1
S3  : GLOCK 201 : 2
S4  : LEATHER JACKET : 1
S5  : RIOT SHIELD : 1
S6  : STUN GUN : 1
S7  : SWORD : 3

S8  : MELEE#DAGGER#5#2#20#1#4#1#PIERCING
S9  : MELEE#DAGGER#5#2#20#1#4#1#PIERCING
S10 : MELEE#DAGGER#5#2#20#1#4#1#PIERCING
S11 : MELEE#DAGGER#5#2#20#1#4#1#PIERCING
S12 : MELEE#DAGGER#5#2#20#1#4#1#PIERCING
S13 : RANGE#GLOCK 171#18#2#20#2#6#2#BALLISTIC
S14 : RANGE#GLOCK 201#18#3#20#2#6#2#BALLISTIC
S15 : RANGE#GLOCK 201#18#3#20#2#6#2#BALLISTIC
S16 : ARMOR#LEATHER JACKET#10#4#0#1#30#LEATHER
S17 : ARMOR#RIOT SHIELD#10#6#-1#3#30#PLATE
S18 : MELEE#STUN GUN#5#1#20#1#3#1#ENERGY
S19 : MELEE#SWORD#10#3#19#1#6#2#PIERCING
S20 : MELEE#SWORD#10#3#19#1#6#2#PIERCING
S21 : MELEE#SWORD#10#3#19#1#6#2#PIERCING

S22 : (0,0):0#[ELGEON]##0#WOW! Elgeon is found alive!
S23 : (0,1):3#[DARATRIS]##0#Combat is upon us!  We battle the Troll Daratris
S24 : (0,2):7#[JANUVIAL]##0#Combat is upon us!  We battle the Ogre Januvial
S25 : (1,0):15#[]##0#OH my, encountered destruction
S26 : (1,1):20#[]##0#OH my, encountered  red dragon breath
S27 : (1,2):24#[]##0#OH my, experiencing a polymorph encounter
S28 : (2,0):27#[]#GREAT CLUB#0#A merchant is selling a Great club
S29 : (2,1):38#[]#CONCEALABLE VEST#0#A merchant is selling a Concealable vest
S30 : (2,2):57#[]##0#Learn and  achieve the skill of Spot
S31 : (3,0):62#[]##0#Leader falls into a hole, hits head and suffers Amnesia
S32 : (3,1):65#[]##25#WOW, a bag with 25 gold pieces has been found
S33 : (3,2):70#[]##0#Quite  an adventure so far and increase  XP by 2000
S34 : (4,0):73#[]#SPEAR#0#stumbled onto a chest of equipment -need Open Lock skillck
S35 : (4,1):78#[]##0#team found a magic wand - need Use Magic Devices skillck
S36 : (4,2):82#[]##0#team has fallen victim of a trap - need  Disable Device skillck

S37 : ADEAK
S38 : JAMIAN
S39 : KEVKUL
S40 : PANROS

S41 : HUMAN#FTR#JAMIAN#(-1,-1)#44#[8#11#9#13#13#8]#(INTIMIDATE,SWIM)#LARGE WOODEN SHIELD#SWORD#
	10#76000#29#()#
S42 : ELF#WIZ#ADEAK#(-1,-1)#18#[15#8#11#10#10#15]#(CONCENTRATION,HIDE,USE MAGIC DEVICES)##SHORT BOW#
	10#76000#27#(QUARTER STAFF)#
S43 : HALFELF#CLR#PANROS#(-1,-1)#47#[6#11#10#6#7#11]#(HEAL,USE MAGIC DEVICES)#SMALL WOODEN SHIELD#LONG SWORD#
	10#76000#28#()#
S44 : ORC#ROG#KEVKUL#(-1,-1)#35#[5#8#5#13#16#12]#(BLUFF,CLIMB,HIDE)#LEATHER#RAPIER#
	10#76000#27#(SHORT BOW)#


*************************************************
Mission #1:
*************************************************

**Before Deployment for round #1:

1D1  : DAGGER : 5
1D2  : GLOCK 171 : 1
1D3  : GLOCK 201 : 2
1D4  : LEATHER JACKET : 1
1D5  : RIOT SHIELD : 1
1D6  : STUN GUN : 1
1D7  : SWORD : 3

1D8  : MELEE#DAGGER#5#2#20#1#4#1#PIERCING
1D9  : MELEE#DAGGER#5#2#20#1#4#1#PIERCING
1D10 : MELEE#DAGGER#5#2#20#1#4#1#PIERCING
1D11 : MELEE#DAGGER#5#2#20#1#4#1#PIERCING
1D12 : MELEE#DAGGER#5#2#20#1#4#1#PIERCING
1D13 : RANGE#GLOCK 171#18#2#20#2#6#2#BALLISTIC
1D14 : RANGE#GLOCK 201#18#3#20#2#6#2#BALLISTIC
1D15 : RANGE#GLOCK 201#18#3#20#2#6#2#BALLISTIC
1D16 : ARMOR#LEATHER JACKET#10#4#0#1#30#LEATHER
1D17 : ARMOR#RIOT SHIELD#10#6#-1#3#30#PLATE
1D18 : MELEE#STUN GUN#5#1#20#1#3#1#ENERGY
1D19 : MELEE#SWORD#10#3#19#1#6#2#PIERCING
1D20 : MELEE#SWORD#10#3#19#1#6#2#PIERCING
1D21 : MELEE#SWORD#10#3#19#1#6#2#PIERCING


**Before Move #1:

1B1  : DAGGER : 5
1B2  : GLOCK 171 : 1
1B3  : GLOCK 201 : 2
1B4  : LEATHER JACKET : 1
1B5  : RIOT SHIELD : 1
1B6  : SWORD : 4

1B7  : MELEE#DAGGER#5#2#20#1#4#1#PIERCING
1B8  : MELEE#DAGGER#5#2#20#1#4#1#PIERCING
1B9  : MELEE#DAGGER#5#2#20#1#4#1#PIERCING
1B10 : MELEE#DAGGER#5#2#20#1#4#1#PIERCING
1B11 : MELEE#DAGGER#5#2#20#1#4#1#PIERCING
1B12 : RANGE#GLOCK 171#18#2#20#2#6#2#BALLISTIC
1B13 : RANGE#GLOCK 201#18#3#20#2#6#2#BALLISTIC
1B14 : RANGE#GLOCK 201#18#3#20#2#6#2#BALLISTIC
1B15 : ARMOR#LEATHER JACKET#10#4#0#1#30#LEATHER
1B16 : ARMOR#RIOT SHIELD#10#6#-1#3#30#PLATE
1B17 : MELEE#SWORD#10#3#19#1#6#2#PIERCING
1B18 : MELEE#SWORD#10#3#19#1#6#2#PIERCING
1B19 : MELEE#SWORD#10#3#19#1#6#2#PIERCING
1B20 : MELEE#SWORD#10#3#19#1#6#2#PIERCING

1B21 : O
1B22 : O
1B23 : O
1B24 : O
1B25 : O
1B26 : O
1B27 : O
1B28 : O
1B29 : O
1B30 : O
1B31 : O
1B32 : O
1B33 : O
1B34 : O
1B35 : O

1B36 : HUMAN#FTR#JAMIAN#(-1,-1)#44#[8#11#9#13#13#8]#(INTIMIDATE,SWIM)#LARGE WOODEN SHIELD#STUN GUN#
	10#76000#29#()#
1B37 : ELF#WIZ#ADEAK#(-1,-1)#18#[15#8#11#10#10#15]#(CONCENTRATION,HIDE,USE MAGIC DEVICES)##SHORT BOW#
	10#76000#27#(QUARTER STAFF)#
1B38 : HALFELF#CLR#PANROS#(-1,-1)#47#[6#11#10#6#7#11]#(HEAL,USE MAGIC DEVICES)#SMALL WOODEN SHIELD#LONG SWORD#
	10#76000#28#()#
1B39 : ORC#ROG#KEVKUL#(-1,-1)#35#[5#8#5#13#16#12]#(BLUFF,CLIMB,HIDE)#LEATHER#RAPIER#
	10#76000#27#(SHORT BOW)#


**After Move #1:

1A1  : No prevCell to report
1A2  : (2,1):38#[ADEAK,JAMIAN,KEVKUL,PANROS]##0#A merchant is selling a Concealable vest
1A3  : HUMAN#FTR#JAMIAN#(2,1)#44#[8#11#9#13#13#8]#(INTIMIDATE,SWIM)#CONCEALABLE VEST#STUN GUN#
	10#76000#14#(LARGE WOODEN SHIELD)#
1A4  : ELF#WIZ#ADEAK#(2,1)#18#[15#8#11#10#10#15]#(CONCENTRATION,HIDE,USE MAGIC DEVICES)##SHORT BOW#
	10#76000#27#(QUARTER STAFF)#
1A5  : HALFELF#CLR#PANROS#(2,1)#47#[6#11#10#6#7#11]#(HEAL,USE MAGIC DEVICES)#SMALL WOODEN SHIELD#LONG SWORD#
	10#76000#28#()#
1A6  : ORC#ROG#KEVKUL#(2,1)#35#[5#8#5#13#16#12]#(BLUFF,CLIMB,HIDE)#LEATHER#RAPIER#
	10#76000#27#(SHORT BOW)#



**After Healing #1:

1H1  : ADEAK
1H2  : JAMIAN
1H3  : KEVKUL
1H4  : PANROS

1H5  : HUMAN#FTR#JAMIAN#(2,1)#44#[8#11#9#13#13#8]#(INTIMIDATE,SWIM)#CONCEALABLE VEST#STUN GUN#
	10#76000#14#(LARGE WOODEN SHIELD)#
1H6  : ELF#WIZ#ADEAK#(2,1)#18#[15#8#11#10#10#15]#(CONCENTRATION,HIDE,USE MAGIC DEVICES)##SHORT BOW#
	10#76000#27#(QUARTER STAFF)#
1H7  : HALFELF#CLR#PANROS#(2,1)#47#[6#11#10#6#7#11]#(HEAL,USE MAGIC DEVICES)#SMALL WOODEN SHIELD#LONG SWORD#
	10#76000#28#()#
1H8  : ORC#ROG#KEVKUL#(2,1)#35#[5#8#5#13#16#12]#(BLUFF,CLIMB,HIDE)#LEATHER#RAPIER#
	10#76000#27#(SHORT BOW)#


*************************************************
Mission #2:
*************************************************

**Before Deployment for round #2:

2D1  : DAGGER : 5
2D2  : GLOCK 171 : 1
2D3  : GLOCK 201 : 2
2D4  : LEATHER JACKET : 1
2D5  : RIOT SHIELD : 1
2D6  : SWORD : 4

2D7  : MELEE#DAGGER#5#2#20#1#4#1#PIERCING
2D8  : MELEE#DAGGER#5#2#20#1#4#1#PIERCING
2D9  : MELEE#DAGGER#5#2#20#1#4#1#PIERCING
2D10 : MELEE#DAGGER#5#2#20#1#4#1#PIERCING
2D11 : MELEE#DAGGER#5#2#20#1#4#1#PIERCING
2D12 : RANGE#GLOCK 171#18#2#20#2#6#2#BALLISTIC
2D13 : RANGE#GLOCK 201#18#3#20#2#6#2#BALLISTIC
2D14 : RANGE#GLOCK 201#18#3#20#2#6#2#BALLISTIC
2D15 : ARMOR#LEATHER JACKET#10#4#0#1#30#LEATHER
2D16 : ARMOR#RIOT SHIELD#10#6#-1#3#30#PLATE
2D17 : MELEE#SWORD#10#3#19#1#6#2#PIERCING
2D18 : MELEE#SWORD#10#3#19#1#6#2#PIERCING
2D19 : MELEE#SWORD#10#3#19#1#6#2#PIERCING
2D20 : MELEE#SWORD#10#3#19#1#6#2#PIERCING


**Before Move #2:

2B1  : DAGGER : 4
2B2  : GLOCK 171 : 1
2B3  : GLOCK 201 : 2
2B4  : LEATHER JACKET : 1
2B5  : RIOT SHIELD : 1
2B6  : SHORT BOW : 1
2B7  : SWORD : 4

2B8  : MELEE#DAGGER#5#2#20#1#4#1#PIERCING
2B9  : MELEE#DAGGER#5#2#20#1#4#1#PIERCING
2B10 : MELEE#DAGGER#5#2#20#1#4#1#PIERCING
2B11 : MELEE#DAGGER#5#2#20#1#4#1#PIERCING
2B12 : RANGE#GLOCK 171#18#2#20#2#6#2#BALLISTIC
2B13 : RANGE#GLOCK 201#18#3#20#2#6#2#BALLISTIC
2B14 : RANGE#GLOCK 201#18#3#20#2#6#2#BALLISTIC
2B15 : ARMOR#LEATHER JACKET#10#4#0#1#30#LEATHER
2B16 : ARMOR#RIOT SHIELD#10#6#-1#3#30#PLATE
2B17 : MELEE#SHORT BOW#10#6#20#2#6#3#PIERCING
2B18 : MELEE#SWORD#10#3#19#1#6#2#PIERCING
2B19 : MELEE#SWORD#10#3#19#1#6#2#PIERCING
2B20 : MELEE#SWORD#10#3#19#1#6#2#PIERCING
2B21 : MELEE#SWORD#10#3#19#1#6#2#PIERCING

2B22 : O
2B23 : O
2B24 : O
2B25 : O
2B26 : O
2B27 : O
2B28 : O
2B29 : X
2B30 : O
2B31 : O
2B32 : O
2B33 : O
2B34 : O
2B35 : O
2B36 : O

2B37 : ELF#WIZ#ADEAK#(2,1)#18#[15#8#11#10#10#15]#(CONCENTRATION,HIDE,USE MAGIC DEVICES)##DAGGER#
	10#76000#27#(QUARTER STAFF)#
2B38 : HALFELF#CLR#PANROS#(2,1)#47#[6#11#10#6#7#11]#(HEAL,USE MAGIC DEVICES)#SMALL WOODEN SHIELD#LONG SWORD#
	10#76000#28#()#
2B39 : ORC#ROG#KEVKUL#(2,1)#35#[5#8#5#13#16#12]#(BLUFF,CLIMB,HIDE)#LEATHER#RAPIER#
	10#76000#27#(SHORT BOW)#
2B40 : HUMAN#FTR#JAMIAN#(2,1)#44#[8#11#9#13#13#8]#(INTIMIDATE,SWIM)#CONCEALABLE VEST#STUN GUN#
	10#76000#14#(LARGE WOODEN SHIELD)#


**After Move #2:

2A1  : (2,1):38#[]##0#A merchant is selling a Concealable vest
2A2  : (4,1):78#[ADEAK,JAMIAN,KEVKUL,PANROS]##0#team found a magic wand - need Use Magic Devices skillck
2A3  : ELF#WIZ#ADEAK#(4,1)#38#[15#8#11#10#10#15]#(CONCENTRATION,HIDE,USE MAGIC DEVICES)##DAGGER#
	10#76000#27#(QUARTER STAFF)#
2A4  : HALFELF#CLR#PANROS#(4,1)#67#[6#11#10#6#7#11]#(HEAL,USE MAGIC DEVICES)#SMALL WOODEN SHIELD#LONG SWORD#
	10#76000#28#()#
2A5  : ORC#ROG#KEVKUL#(4,1)#55#[5#8#5#13#16#12]#(BLUFF,CLIMB,HIDE)#LEATHER#RAPIER#
	10#76000#27#(SHORT BOW)#
2A6  : HUMAN#FTR#JAMIAN#(4,1)#64#[8#11#9#13#13#8]#(INTIMIDATE,SWIM)#CONCEALABLE VEST#STUN GUN#
	10#76000#14#(LARGE WOODEN SHIELD)#



**After Healing #2:

2H1  : ADEAK
2H2  : JAMIAN
2H3  : KEVKUL
2H4  : PANROS

2H5  : ELF#WIZ#ADEAK#(4,1)#38#[15#8#11#10#10#15]#(CONCENTRATION,HIDE,USE MAGIC DEVICES)##DAGGER#
	10#76000#27#(QUARTER STAFF)#
2H6  : HALFELF#CLR#PANROS#(4,1)#67#[6#11#10#6#7#11]#(HEAL,USE MAGIC DEVICES)#SMALL WOODEN SHIELD#LONG SWORD#
	10#76000#28#()#
2H7  : ORC#ROG#KEVKUL#(4,1)#55#[5#8#5#13#16#12]#(BLUFF,CLIMB,HIDE)#LEATHER#RAPIER#
	10#76000#27#(SHORT BOW)#
2H8  : HUMAN#FTR#JAMIAN#(4,1)#64#[8#11#9#13#13#8]#(INTIMIDATE,SWIM)#CONCEALABLE VEST#STUN GUN#
	10#76000#14#(LARGE WOODEN SHIELD)#


*************************************************
Mission #3:
*************************************************

**Before Deployment for round #3:

3D1  : DAGGER : 4
3D2  : GLOCK 171 : 1
3D3  : GLOCK 201 : 2
3D4  : LEATHER JACKET : 1
3D5  : RIOT SHIELD : 1
3D6  : SHORT BOW : 1
3D7  : SWORD : 4

3D8  : MELEE#DAGGER#5#2#20#1#4#1#PIERCING
3D9  : MELEE#DAGGER#5#2#20#1#4#1#PIERCING
3D10 : MELEE#DAGGER#5#2#20#1#4#1#PIERCING
3D11 : MELEE#DAGGER#5#2#20#1#4#1#PIERCING
3D12 : RANGE#GLOCK 171#18#2#20#2#6#2#BALLISTIC
3D13 : RANGE#GLOCK 201#18#3#20#2#6#2#BALLISTIC
3D14 : RANGE#GLOCK 201#18#3#20#2#6#2#BALLISTIC
3D15 : ARMOR#LEATHER JACKET#10#4#0#1#30#LEATHER
3D16 : ARMOR#RIOT SHIELD#10#6#-1#3#30#PLATE
3D17 : MELEE#SHORT BOW#10#6#20#2#6#3#PIERCING
3D18 : MELEE#SWORD#10#3#19#1#6#2#PIERCING
3D19 : MELEE#SWORD#10#3#19#1#6#2#PIERCING
3D20 : MELEE#SWORD#10#3#19#1#6#2#PIERCING
3D21 : MELEE#SWORD#10#3#19#1#6#2#PIERCING


**Before Move #3:

3B1  : DAGGER : 4
3B2  : GLOCK 171 : 1
3B3  : GLOCK 201 : 2
3B4  : RIOT SHIELD : 1
3B5  : SHORT BOW : 1
3B6  : SMALL WOODEN SHIELD : 1
3B7  : SWORD : 4

3B8  : MELEE#DAGGER#5#2#20#1#4#1#PIERCING
3B9  : MELEE#DAGGER#5#2#20#1#4#1#PIERCING
3B10 : MELEE#DAGGER#5#2#20#1#4#1#PIERCING
3B11 : MELEE#DAGGER#5#2#20#1#4#1#PIERCING
3B12 : RANGE#GLOCK 171#18#2#20#2#6#2#BALLISTIC
3B13 : RANGE#GLOCK 201#18#3#20#2#6#2#BALLISTIC
3B14 : RANGE#GLOCK 201#18#3#20#2#6#2#BALLISTIC
3B15 : ARMOR#RIOT SHIELD#10#6#-1#3#30#PLATE
3B16 : MELEE#SHORT BOW#10#6#20#2#6#3#PIERCING
3B17 : ARMOR#SMALL WOODEN SHIELD#5#6#-1#1#30#PLATE
3B18 : MELEE#SWORD#10#3#19#1#6#2#PIERCING
3B19 : MELEE#SWORD#10#3#19#1#6#2#PIERCING
3B20 : MELEE#SWORD#10#3#19#1#6#2#PIERCING
3B21 : MELEE#SWORD#10#3#19#1#6#2#PIERCING

3B22 : O
3B23 : O
3B24 : O
3B25 : O
3B26 : O
3B27 : O
3B28 : O
3B29 : O
3B30 : O
3B31 : O
3B32 : O
3B33 : O
3B34 : O
3B35 : X
3B36 : O

3B37 : HALFELF#CLR#PANROS#(4,1)#67#[6#11#10#6#7#11]#(HEAL,USE MAGIC DEVICES)#LEATHER JACKET#LONG SWORD#
	10#76000#28#()#
3B38 : ORC#ROG#KEVKUL#(4,1)#55#[5#8#5#13#16#12]#(BLUFF,CLIMB,HIDE)#LEATHER#RAPIER#
	10#76000#27#(SHORT BOW)#
3B39 : HUMAN#FTR#JAMIAN#(4,1)#64#[8#11#9#13#13#8]#(INTIMIDATE,SWIM)#CONCEALABLE VEST#STUN GUN#
	10#76000#14#(LARGE WOODEN SHIELD)#
3B40 : ELF#WIZ#ADEAK#(4,1)#38#[15#8#11#10#10#15]#(CONCENTRATION,HIDE,USE MAGIC DEVICES)##DAGGER#
	10#76000#27#(QUARTER STAFF)#


**After Move #3:

3A1  : (4,1):78#[]##0#team found a magic wand - need Use Magic Devices skillck
3A2  : (4,2):82#[ADEAK,JAMIAN,KEVKUL,PANROS]##0#team has fallen victim of a trap - need  Disable Device skillck
3A3  : HALFELF#CLR#PANROS#(4,2)#57#[6#11#10#6#7#11]#(HEAL,USE MAGIC DEVICES)#LEATHER JACKET#LONG SWORD#
	10#76000#28#()#
3A4  : ORC#ROG#KEVKUL#(4,2)#45#[5#8#5#13#16#12]#(BLUFF,CLIMB,HIDE)#LEATHER#RAPIER#
	10#76000#27#(SHORT BOW)#
3A5  : HUMAN#FTR#JAMIAN#(4,2)#54#[8#11#9#13#13#8]#(INTIMIDATE,SWIM)#CONCEALABLE VEST#STUN GUN#
	10#76000#14#(LARGE WOODEN SHIELD)#
3A6  : ELF#WIZ#ADEAK#(4,2)#28#[15#8#11#10#10#15]#(CONCENTRATION,HIDE,USE MAGIC DEVICES)##DAGGER#
	10#76000#27#(QUARTER STAFF)#



**After Healing #3:

3H1  : ADEAK
3H2  : JAMIAN
3H3  : KEVKUL
3H4  : PANROS

3H5  : HALFELF#CLR#PANROS#(4,2)#57#[6#11#10#6#7#11]#(HEAL,USE MAGIC DEVICES)#LEATHER JACKET#LONG SWORD#
	10#76000#28#()#
3H6  : ORC#ROG#KEVKUL#(4,2)#45#[5#8#5#13#16#12]#(BLUFF,CLIMB,HIDE)#LEATHER#RAPIER#
	10#76000#27#(SHORT BOW)#
3H7  : HUMAN#FTR#JAMIAN#(4,2)#54#[8#11#9#13#13#8]#(INTIMIDATE,SWIM)#CONCEALABLE VEST#STUN GUN#
	10#76000#14#(LARGE WOODEN SHIELD)#
3H8  : ELF#WIZ#ADEAK#(4,2)#28#[15#8#11#10#10#15]#(CONCENTRATION,HIDE,USE MAGIC DEVICES)##DAGGER#
	10#76000#27#(QUARTER STAFF)#


*************************************************
Mission #4:
*************************************************

**Before Deployment for round #4:

4D1  : DAGGER : 4
4D2  : GLOCK 171 : 1
4D3  : GLOCK 201 : 2
4D4  : RIOT SHIELD : 1
4D5  : SHORT BOW : 1
4D6  : SMALL WOODEN SHIELD : 1
4D7  : SWORD : 4

4D8  : MELEE#DAGGER#5#2#20#1#4#1#PIERCING
4D9  : MELEE#DAGGER#5#2#20#1#4#1#PIERCING
4D10 : MELEE#DAGGER#5#2#20#1#4#1#PIERCING
4D11 : MELEE#DAGGER#5#2#20#1#4#1#PIERCING
4D12 : RANGE#GLOCK 171#18#2#20#2#6#2#BALLISTIC
4D13 : RANGE#GLOCK 201#18#3#20#2#6#2#BALLISTIC
4D14 : RANGE#GLOCK 201#18#3#20#2#6#2#BALLISTIC
4D15 : ARMOR#RIOT SHIELD#10#6#-1#3#30#PLATE
4D16 : MELEE#SHORT BOW#10#6#20#2#6#3#PIERCING
4D17 : ARMOR#SMALL WOODEN SHIELD#5#6#-1#1#30#PLATE
4D18 : MELEE#SWORD#10#3#19#1#6#2#PIERCING
4D19 : MELEE#SWORD#10#3#19#1#6#2#PIERCING
4D20 : MELEE#SWORD#10#3#19#1#6#2#PIERCING
4D21 : MELEE#SWORD#10#3#19#1#6#2#PIERCING


**Before Move #4:

4B1  : DAGGER : 4
4B2  : GLOCK 171 : 1
4B3  : GLOCK 201 : 1
4B4  : RAPIER : 1
4B5  : RIOT SHIELD : 1
4B6  : SHORT BOW : 1
4B7  : SMALL WOODEN SHIELD : 1
4B8  : SWORD : 4

4B9  : MELEE#DAGGER#5#2#20#1#4#1#PIERCING
4B10 : MELEE#DAGGER#5#2#20#1#4#1#PIERCING
4B11 : MELEE#DAGGER#5#2#20#1#4#1#PIERCING
4B12 : MELEE#DAGGER#5#2#20#1#4#1#PIERCING
4B13 : RANGE#GLOCK 171#18#2#20#2#6#2#BALLISTIC
4B14 : RANGE#GLOCK 201#18#3#20#2#6#2#BALLISTIC
4B15 : MELEE#RAPIER#10#3#18#1#6#3#PIERCING
4B16 : ARMOR#RIOT SHIELD#10#6#-1#3#30#PLATE
4B17 : MELEE#SHORT BOW#10#6#20#2#6#3#PIERCING
4B18 : ARMOR#SMALL WOODEN SHIELD#5#6#-1#1#30#PLATE
4B19 : MELEE#SWORD#10#3#19#1#6#2#PIERCING
4B20 : MELEE#SWORD#10#3#19#1#6#2#PIERCING
4B21 : MELEE#SWORD#10#3#19#1#6#2#PIERCING
4B22 : MELEE#SWORD#10#3#19#1#6#2#PIERCING

4B23 : O
4B24 : O
4B25 : O
4B26 : O
4B27 : O
4B28 : O
4B29 : O
4B30 : O
4B31 : O
4B32 : O
4B33 : O
4B34 : O
4B35 : O
4B36 : O
4B37 : X

4B38 : ORC#ROG#KEVKUL#(4,2)#45#[5#8#5#13#16#12]#(BLUFF,CLIMB,HIDE)#LEATHER#GLOCK 201#
	10#76000#27#(SHORT BOW)#
4B39 : HUMAN#FTR#JAMIAN#(4,2)#54#[8#11#9#13#13#8]#(INTIMIDATE,SWIM)#CONCEALABLE VEST#STUN GUN#
	10#76000#14#(LARGE WOODEN SHIELD)#
4B40 : ELF#WIZ#ADEAK#(4,2)#28#[15#8#11#10#10#15]#(CONCENTRATION,HIDE,USE MAGIC DEVICES)##DAGGER#
	10#76000#27#(QUARTER STAFF)#
4B41 : HALFELF#CLR#PANROS#(4,2)#57#[6#11#10#6#7#11]#(HEAL,USE MAGIC DEVICES)#LEATHER JACKET#LONG SWORD#
	10#76000#28#()#


**After Move #4:

4A1  : (4,2):82#[]##0#team has fallen victim of a trap - need  Disable Device skillck
4A2  : (0,2):7#[ADEAK,JAMIAN,JANUVIAL,KEVKUL,PANROS]##0#Combat is upon us!  We battle the Ogre Januvial
4A3  : ORC#ROG#KEVKUL#(0,2)#-7#[5#8#5#13#16#12]#(BLUFF,CLIMB,HIDE)#LEATHER#GLOCK 201#
	10#76000#27#(SHORT BOW)#
4A4  : HUMAN#FTR#JAMIAN#(0,2)#54#[8#11#9#13#13#8]#(INTIMIDATE,SWIM)#CONCEALABLE VEST#STUN GUN#
	10#76000#14#(LARGE WOODEN SHIELD)#
4A5  : ELF#WIZ#ADEAK#(0,2)#28#[15#8#11#10#10#15]#(CONCENTRATION,HIDE,USE MAGIC DEVICES)##DAGGER#
	10#76000#27#(QUARTER STAFF)#
4A6  : HALFELF#CLR#PANROS#(0,2)#57#[6#11#10#6#7#11]#(HEAL,USE MAGIC DEVICES)#LEATHER JACKET#LONG SWORD#
	10#76000#28#()#



**After Healing #4:

4H1  : ADEAK
4H2  : JAMIAN
4H3  : KEVKUL
4H4  : PANROS

4H5  : ORC#ROG#KEVKUL#(0,2)#8#[5#8#5#13#16#12]#(BLUFF,CLIMB,HIDE)#LEATHER#GLOCK 201#
	10#76000#27#(SHORT BOW)#
4H6  : HUMAN#FTR#JAMIAN#(0,2)#54#[8#11#9#13#13#8]#(INTIMIDATE,SWIM)#CONCEALABLE VEST#STUN GUN#
	10#76000#14#(LARGE WOODEN SHIELD)#
4H7  : ELF#WIZ#ADEAK#(0,2)#28#[15#8#11#10#10#15]#(CONCENTRATION,HIDE,USE MAGIC DEVICES)##DAGGER#
	10#76000#27#(QUARTER STAFF)#
4H8  : HALFELF#CLR#PANROS#(0,2)#57#[6#11#10#6#7#11]#(HEAL,USE MAGIC DEVICES)#LEATHER JACKET#LONG SWORD#
	10#76000#28#()#


*************************************************
Mission #5:
*************************************************

**Before Deployment for round #5:

5D1  : DAGGER : 4
5D2  : GLOCK 171 : 1
5D3  : GLOCK 201 : 1
5D4  : RAPIER : 1
5D5  : RIOT SHIELD : 1
5D6  : SHORT BOW : 1
5D7  : SMALL WOODEN SHIELD : 1
5D8  : SWORD : 4

5D9  : MELEE#DAGGER#5#2#20#1#4#1#PIERCING
5D10 : MELEE#DAGGER#5#2#20#1#4#1#PIERCING
5D11 : MELEE#DAGGER#5#2#20#1#4#1#PIERCING
5D12 : MELEE#DAGGER#5#2#20#1#4#1#PIERCING
5D13 : RANGE#GLOCK 171#18#2#20#2#6#2#BALLISTIC
5D14 : RANGE#GLOCK 201#18#3#20#2#6#2#BALLISTIC
5D15 : MELEE#RAPIER#10#3#18#1#6#3#PIERCING
5D16 : ARMOR#RIOT SHIELD#10#6#-1#3#30#PLATE
5D17 : MELEE#SHORT BOW#10#6#20#2#6#3#PIERCING
5D18 : ARMOR#SMALL WOODEN SHIELD#5#6#-1#1#30#PLATE
5D19 : MELEE#SWORD#10#3#19#1#6#2#PIERCING
5D20 : MELEE#SWORD#10#3#19#1#6#2#PIERCING
5D21 : MELEE#SWORD#10#3#19#1#6#2#PIERCING
5D22 : MELEE#SWORD#10#3#19#1#6#2#PIERCING


**Before Move #5:

5B1  : CONCEALABLE VEST : 1
5B2  : DAGGER : 4
5B3  : GLOCK 171 : 1
5B4  : GLOCK 201 : 1
5B5  : RAPIER : 1
5B6  : SHORT BOW : 1
5B7  : SMALL WOODEN SHIELD : 1
5B8  : SWORD : 4

5B9  : ARMOR#CONCEALABLE VEST#15#4#-3#4#25#CLOTH
5B10 : MELEE#DAGGER#5#2#20#1#4#1#PIERCING
5B11 : MELEE#DAGGER#5#2#20#1#4#1#PIERCING
5B12 : MELEE#DAGGER#5#2#20#1#4#1#PIERCING
5B13 : MELEE#DAGGER#5#2#20#1#4#1#PIERCING
5B14 : RANGE#GLOCK 171#18#2#20#2#6#2#BALLISTIC
5B15 : RANGE#GLOCK 201#18#3#20#2#6#2#BALLISTIC
5B16 : MELEE#RAPIER#10#3#18#1#6#3#PIERCING
5B17 : MELEE#SHORT BOW#10#6#20#2#6#3#PIERCING
5B18 : ARMOR#SMALL WOODEN SHIELD#5#6#-1#1#30#PLATE
5B19 : MELEE#SWORD#10#3#19#1#6#2#PIERCING
5B20 : MELEE#SWORD#10#3#19#1#6#2#PIERCING
5B21 : MELEE#SWORD#10#3#19#1#6#2#PIERCING
5B22 : MELEE#SWORD#10#3#19#1#6#2#PIERCING

5B23 : O
5B24 : O
5B25 : X
5B26 : O
5B27 : O
5B28 : O
5B29 : O
5B30 : O
5B31 : O
5B32 : O
5B33 : O
5B34 : O
5B35 : O
5B36 : O
5B37 : O

5B38 : HUMAN#FTR#JAMIAN#(0,2)#54#[8#11#9#13#13#8]#(INTIMIDATE,SWIM)#RIOT SHIELD#STUN GUN#
	10#76000#14#(LARGE WOODEN SHIELD)#
5B39 : ELF#WIZ#ADEAK#(0,2)#28#[15#8#11#10#10#15]#(CONCENTRATION,HIDE,USE MAGIC DEVICES)##DAGGER#
	10#76000#27#(QUARTER STAFF)#
5B40 : HALFELF#CLR#PANROS#(0,2)#57#[6#11#10#6#7#11]#(HEAL,USE MAGIC DEVICES)#LEATHER JACKET#LONG SWORD#
	10#76000#28#()#
5B41 : ORC#ROG#KEVKUL#(0,2)#8#[5#8#5#13#16#12]#(BLUFF,CLIMB,HIDE)#LEATHER#GLOCK 201#
	10#76000#27#(SHORT BOW)#


**After Move #5:

5A1  : (0,2):7#[JANUVIAL]##0#Combat is upon us!  We battle the Ogre Januvial
5A2  : (0,0):0#[ADEAK,ELGEON,JAMIAN,KEVKUL,PANROS]##0#WOW! Elgeon is found alive!
5A3  : HUMAN#FTR#JAMIAN#(0,0)#54#[8#11#9#13#13#8]#(INTIMIDATE,SWIM)#RIOT SHIELD#STUN GUN#
	10#76000#14#(LARGE WOODEN SHIELD)#
5A4  : ELF#WIZ#ADEAK#(0,0)#28#[15#8#11#10#10#15]#(CONCENTRATION,HIDE,USE MAGIC DEVICES)##DAGGER#
	10#76000#27#(QUARTER STAFF)#
5A5  : HALFELF#CLR#PANROS#(0,0)#57#[6#11#10#6#7#11]#(HEAL,USE MAGIC DEVICES)#LEATHER JACKET#LONG SWORD#
	10#76000#28#()#
5A6  : ORC#ROG#KEVKUL#(0,0)#8#[5#8#5#13#16#12]#(BLUFF,CLIMB,HIDE)#LEATHER#GLOCK 201#
	10#76000#27#(SHORT BOW)#



**After Healing #5:

5H1  : ADEAK
5H2  : JAMIAN
5H3  : KEVKUL
5H4  : PANROS

5H5  : HUMAN#FTR#JAMIAN#(0,0)#54#[8#11#9#13#13#8]#(INTIMIDATE,SWIM)#RIOT SHIELD#STUN GUN#
	10#76000#14#(LARGE WOODEN SHIELD)#
5H6  : ELF#WIZ#ADEAK#(0,0)#28#[15#8#11#10#10#15]#(CONCENTRATION,HIDE,USE MAGIC DEVICES)##DAGGER#
	10#76000#27#(QUARTER STAFF)#
5H7  : HALFELF#CLR#PANROS#(0,0)#57#[6#11#10#6#7#11]#(HEAL,USE MAGIC DEVICES)#LEATHER JACKET#LONG SWORD#
	10#76000#28#()#
5H8  : ORC#ROG#KEVKUL#(0,0)#8#[5#8#5#13#16#12]#(BLUFF,CLIMB,HIDE)#LEATHER#GLOCK 201#
	10#76000#27#(SHORT BOW)#


*************************************************
GameOver: Elgeon Rescued
*************************************************

G1  : CONCEALABLE VEST : 1
G2  : DAGGER : 4
G3  : GLOCK 171 : 1
G4  : GLOCK 201 : 1
G5  : RAPIER : 1
G6  : SHORT BOW : 1
G7  : SMALL WOODEN SHIELD : 1
G8  : SWORD : 4

G9  : ARMOR#CONCEALABLE VEST#15#4#-3#4#25#CLOTH
G10 : MELEE#DAGGER#5#2#20#1#4#1#PIERCING
G11 : MELEE#DAGGER#5#2#20#1#4#1#PIERCING
G12 : MELEE#DAGGER#5#2#20#1#4#1#PIERCING
G13 : MELEE#DAGGER#5#2#20#1#4#1#PIERCING
G14 : RANGE#GLOCK 171#18#2#20#2#6#2#BALLISTIC
G15 : RANGE#GLOCK 201#18#3#20#2#6#2#BALLISTIC
G16 : MELEE#RAPIER#10#3#18#1#6#3#PIERCING
G17 : MELEE#SHORT BOW#10#6#20#2#6#3#PIERCING
G18 : ARMOR#SMALL WOODEN SHIELD#5#6#-1#1#30#PLATE
G19 : MELEE#SWORD#10#3#19#1#6#2#PIERCING
G20 : MELEE#SWORD#10#3#19#1#6#2#PIERCING
G21 : MELEE#SWORD#10#3#19#1#6#2#PIERCING
G22 : MELEE#SWORD#10#3#19#1#6#2#PIERCING

G23 : (0,0):0#[ADEAK,ELGEON,JAMIAN,KEVKUL,PANROS]##0#WOW! Elgeon is found alive!
G24 : (0,1):3#[DARATRIS]##0#Combat is upon us!  We battle the Troll Daratris
G25 : (0,2):7#[JANUVIAL]##0#Combat is upon us!  We battle the Ogre Januvial
G26 : (1,0):15#[]##0#OH my, encountered destruction
G27 : (1,1):20#[]##0#OH my, encountered  red dragon breath
G28 : (1,2):24#[]##0#OH my, experiencing a polymorph encounter
G29 : (2,0):27#[]#GREAT CLUB#0#A merchant is selling a Great club
G30 : (2,1):38#[]##0#A merchant is selling a Concealable vest
G31 : (2,2):57#[]##0#Learn and  achieve the skill of Spot
G32 : (3,0):62#[]##0#Leader falls into a hole, hits head and suffers Amnesia
G33 : (3,1):65#[]##25#WOW, a bag with 25 gold pieces has been found
G34 : (3,2):70#[]##0#Quite  an adventure so far and increase  XP by 2000
G35 : (4,0):73#[]#SPEAR#0#stumbled onto a chest of equipment -need Open Lock skillck
G36 : (4,1):78#[]##0#team found a magic wand - need Use Magic Devices skillck
G37 : (4,2):82#[]##0#team has fallen victim of a trap - need  Disable Device skillck

G38 : ADEAK
G39 : JAMIAN
G40 : KEVKUL
G41 : PANROS

G42 : HUMAN#FTR#JAMIAN#(0,0)#54#[8#11#9#13#13#8]#(INTIMIDATE,SWIM)#RIOT SHIELD#STUN GUN#
	10#76000#14#(LARGE WOODEN SHIELD)#
G43 : ELF#WIZ#ADEAK#(0,0)#28#[15#8#11#10#10#15]#(CONCENTRATION,HIDE,USE MAGIC DEVICES)##DAGGER#
	10#76000#27#(QUARTER STAFF)#
G44 : HALFELF#CLR#PANROS#(0,0)#57#[6#11#10#6#7#11]#(HEAL,USE MAGIC DEVICES)#LEATHER JACKET#LONG SWORD#
	10#76000#28#()#
G45 : ORC#ROG#KEVKUL#(0,0)#8#[5#8#5#13#16#12]#(BLUFF,CLIMB,HIDE)#LEATHER#GLOCK 201#
	10#76000#27#(SHORT BOW)#

*************************************************
GameOver: Elgeon Rescued
*************************************************


