=============
Program 5 output
=============

*************************************************
SetUp
*************************************************

S1  : DAGGER : 5
S2  : GLOCK 171 : 1
S3  : GLOCK 201 : 2
S4  : LEATHER JACKET : 1
S5  : RIOT SHIELD : 1
S6  : STUN GUN : 1
S7  : SWORD : 3

S8  : MELEE#DAGGER#5#2#20#1#4#1#PIERCING
S9  : MELEE#DAGGER#5#2#20#1#4#1#PIERCING
S10 : MELEE#DAGGER#5#2#20#1#4#1#PIERCING
S11 : MELEE#DAGGER#5#2#20#1#4#1#PIERCING
S12 : MELEE#DAGGER#5#2#20#1#4#1#PIERCING
S13 : RANGE#GLOCK 171#18#2#20#2#6#2#BALLISTIC
S14 : RANGE#GLOCK 201#18#3#20#2#6#2#BALLISTIC
S15 : RANGE#GLOCK 201#18#3#20#2#6#2#BALLISTIC
S16 : ARMOR#LEATHER JACKET#10#4#0#1#30#LEATHER
S17 : ARMOR#RIOT SHIELD#10#6#-1#3#30#PLATE
S18 : MELEE#STUN GUN#5#1#20#1#3#1#ENERGY
S19 : MELEE#SWORD#10#3#19#1#6#2#PIERCING
S20 : MELEE#SWORD#10#3#19#1#6#2#PIERCING
S21 : MELEE#SWORD#10#3#19#1#6#2#PIERCING

S22 : (0,0):0#[ELGEON]##0#WOW! Elgeon is found alive!
S23 : (0,1):3#[DARATRIS]##0#Combat is upon us!  We battle the Troll Daratris
S24 : (0,2):7#[JANUVIAL]##0#Combat is upon us!  We battle the Ogre Januvial
S25 : (1,0):15#[]##0#OH my, encountered destruction
S26 : (1,1):20#[]##0#OH my, encountered  red dragon breath
S27 : (1,2):24#[]##0#OH my, experiencing a polymorph encounter
S28 : (2,0):27#[]#GREAT CLUB#0#A merchant is selling a Great club
S29 : (2,1):38#[]#CONCEALABLE VEST#0#A merchant is selling a Concealable vest
S30 : (2,2):57#[]##0#Learn and  achieve the skill of Spot
S31 : (3,0):62#[]##0#Leader falls into a hole, hits head and suffers Amnesia
S32 : (3,1):65#[]##25#WOW, a bag with 25 gold pieces has been found
S33 : (3,2):70#[]##0#Quite  an adventure so far and increase  XP by 2000
S34 : (4,0):73#[]#SPEAR#0#stumbled onto a chest of equipment -need Open Lock skillck
S35 : (4,1):78#[]##0#team found a magic wand - need Use Magic Devices skillck
S36 : (4,2):82#[]##0#team has fallen victim of a trap - need  Disable Device skillck

S37 : ADEAK
S38 : JAMIAN
S39 : KEVKUL
S40 : PANROS

S41 : HUMAN#FTR#JAMIAN#(-1,-1)#44#[8#11#9#13#13#8]#(INTIMIDATE,SWIM)#LARGE WOODEN SHIELD#SWORD#
	10#76000#29#()#
S42 : ELF#WIZ#ADEAK#(-1,-1)#18#[15#8#11#10#10#15]#(CONCENTRATION,HIDE,USE MAGIC DEVICES)##SHORT BOW#
	10#76000#27#(QUARTER STAFF)#
S43 : HALFELF#CLR#PANROS#(-1,-1)#47#[6#11#10#6#7#11]#(HEAL,USE MAGIC DEVICES)#SMALL WOODEN SHIELD#LONG SWORD#
	10#76000#28#()#
S44 : ORC#ROG#KEVKUL#(-1,-1)#35#[5#8#5#13#16#12]#(BLUFF,CLIMB,HIDE)#LEATHER#RAPIER#
	10#76000#27#(SHORT BOW)#


*************************************************
Mission #1:
*************************************************

**Before Deployment for round #1:

1D1  : DAGGER : 5
1D2  : GLOCK 171 : 1
1D3  : GLOCK 201 : 2
1D4  : LEATHER JACKET : 1
1D5  : RIOT SHIELD : 1
1D6  : STUN GUN : 1
1D7  : SWORD : 3

1D8  : MELEE#DAGGER#5#2#20#1#4#1#PIERCING
1D9  : MELEE#DAGGER#5#2#20#1#4#1#PIERCING
1D10 : MELEE#DAGGER#5#2#20#1#4#1#PIERCING
1D11 : MELEE#DAGGER#5#2#20#1#4#1#PIERCING
1D12 : MELEE#DAGGER#5#2#20#1#4#1#PIERCING
1D13 : RANGE#GLOCK 171#18#2#20#2#6#2#BALLISTIC
1D14 : RANGE#GLOCK 201#18#3#20#2#6#2#BALLISTIC
1D15 : RANGE#GLOCK 201#18#3#20#2#6#2#BALLISTIC
1D16 : ARMOR#LEATHER JACKET#10#4#0#1#30#LEATHER
1D17 : ARMOR#RIOT SHIELD#10#6#-1#3#30#PLATE
1D18 : MELEE#STUN GUN#5#1#20#1#3#1#ENERGY
1D19 : MELEE#SWORD#10#3#19#1#6#2#PIERCING
1D20 : MELEE#SWORD#10#3#19#1#6#2#PIERCING
1D21 : MELEE#SWORD#10#3#19#1#6#2#PIERCING


**Before Move #1:

1B1  : DAGGER : 5
1B2  : GLOCK 171 : 1
1B3  : GLOCK 201 : 2
1B4  : LEATHER JACKET : 1
1B5  : RIOT SHIELD : 1
1B6  : STUN GUN : 1
1B7  : SWORD : 3

1B8  : MELEE#DAGGER#5#2#20#1#4#1#PIERCING
1B9  : MELEE#DAGGER#5#2#20#1#4#1#PIERCING
1B10 : MELEE#DAGGER#5#2#20#1#4#1#PIERCING
1B11 : MELEE#DAGGER#5#2#20#1#4#1#PIERCING
1B12 : MELEE#DAGGER#5#2#20#1#4#1#PIERCING
1B13 : RANGE#GLOCK 171#18#2#20#2#6#2#BALLISTIC
1B14 : RANGE#GLOCK 201#18#3#20#2#6#2#BALLISTIC
1B15 : RANGE#GLOCK 201#18#3#20#2#6#2#BALLISTIC
1B16 : ARMOR#LEATHER JACKET#10#4#0#1#30#LEATHER
1B17 : ARMOR#RIOT SHIELD#10#6#-1#3#30#PLATE
1B18 : MELEE#STUN GUN#5#1#20#1#3#1#ENERGY
1B19 : MELEE#SWORD#10#3#19#1#6#2#PIERCING
1B20 : MELEE#SWORD#10#3#19#1#6#2#PIERCING
1B21 : MELEE#SWORD#10#3#19#1#6#2#PIERCING

1B22 : O
1B23 : O
1B24 : O
1B25 : O
1B26 : O
1B27 : O
1B28 : O
1B29 : O
1B30 : O
1B31 : O
1B32 : O
1B33 : O
1B34 : O
1B35 : O
1B36 : O

1B37 : HUMAN#FTR#JAMIAN#(-1,-1)#44#[8#11#9#13#13#8]#(INTIMIDATE,SWIM)#LARGE WOODEN SHIELD#SWORD#
	10#76000#29#()#
1B38 : ELF#WIZ#ADEAK#(-1,-1)#18#[15#8#11#10#10#15]#(CONCENTRATION,HIDE,USE MAGIC DEVICES)##SHORT BOW#
	10#76000#27#(QUARTER STAFF)#
1B39 : HALFELF#CLR#PANROS#(-1,-1)#47#[6#11#10#6#7#11]#(HEAL,USE MAGIC DEVICES)#SMALL WOODEN SHIELD#LONG SWORD#
	10#76000#28#()#
1B40 : ORC#ROG#KEVKUL#(-1,-1)#35#[5#8#5#13#16#12]#(BLUFF,CLIMB,HIDE)#LEATHER#RAPIER#
	10#76000#27#(SHORT BOW)#


**After Move #1:

1A1  : No prevCell to report
1A2  : (1,2):24#[ADEAK,JAMIAN,KEVKUL,PANROS]##0#OH my, experiencing a polymorph encounter
1A3  : HUMAN#FTR#JAMIAN#(1,2)#44#[8#11#9#13#13#8]#(INTIMIDATE,SWIM)#LARGE WOODEN SHIELD#SWORD#
	10#76000#29#()#
1A4  : ELF#WIZ#ADEAK#(1,2)#18#[15#8#11#10#10#15]#(CONCENTRATION,HIDE,USE MAGIC DEVICES)##SHORT BOW#
	10#76000#27#(QUARTER STAFF)#
1A5  : HALFELF#CLR#PANROS#(1,2)#47#[6#11#10#6#7#11]#(HEAL,USE MAGIC DEVICES)#SMALL WOODEN SHIELD#LONG SWORD#
	10#76000#28#()#
1A6  : ORC#ROG#KEVKUL#(1,2)#35#[5#8#5#13#16#12]#(BLUFF,CLIMB,HIDE)#LEATHER#RAPIER#
	10#76000#27#(SHORT BOW)#



**After Healing #1:

1H1  : ADEAK
1H2  : JAMIAN
1H3  : KEVKUL
1H4  : PANROS

1H5  : HUMAN#FTR#JAMIAN#(1,2)#44#[8#11#9#13#13#8]#(INTIMIDATE,SWIM)#LARGE WOODEN SHIELD#SWORD#
	10#76000#29#()#
1H6  : ELF#WIZ#ADEAK#(1,2)#18#[15#8#11#10#10#15]#(CONCENTRATION,HIDE,USE MAGIC DEVICES)##SHORT BOW#
	10#76000#27#(QUARTER STAFF)#
1H7  : HALFELF#CLR#PANROS#(1,2)#47#[6#11#10#6#7#11]#(HEAL,USE MAGIC DEVICES)#SMALL WOODEN SHIELD#LONG SWORD#
	10#76000#28#()#
1H8  : ORC#ROG#KEVKUL#(1,2)#35#[5#8#5#13#16#12]#(BLUFF,CLIMB,HIDE)#LEATHER#RAPIER#
	10#76000#27#(SHORT BOW)#


*************************************************
Mission #2:
*************************************************

**Before Deployment for round #2:

2D1  : DAGGER : 5
2D2  : GLOCK 171 : 1
2D3  : GLOCK 201 : 2
2D4  : LEATHER JACKET : 1
2D5  : RIOT SHIELD : 1
2D6  : STUN GUN : 1
2D7  : SWORD : 3

2D8  : MELEE#DAGGER#5#2#20#1#4#1#PIERCING
2D9  : MELEE#DAGGER#5#2#20#1#4#1#PIERCING
2D10 : MELEE#DAGGER#5#2#20#1#4#1#PIERCING
2D11 : MELEE#DAGGER#5#2#20#1#4#1#PIERCING
2D12 : MELEE#DAGGER#5#2#20#1#4#1#PIERCING
2D13 : RANGE#GLOCK 171#18#2#20#2#6#2#BALLISTIC
2D14 : RANGE#GLOCK 201#18#3#20#2#6#2#BALLISTIC
2D15 : RANGE#GLOCK 201#18#3#20#2#6#2#BALLISTIC
2D16 : ARMOR#LEATHER JACKET#10#4#0#1#30#LEATHER
2D17 : ARMOR#RIOT SHIELD#10#6#-1#3#30#PLATE
2D18 : MELEE#STUN GUN#5#1#20#1#3#1#ENERGY
2D19 : MELEE#SWORD#10#3#19#1#6#2#PIERCING
2D20 : MELEE#SWORD#10#3#19#1#6#2#PIERCING
2D21 : MELEE#SWORD#10#3#19#1#6#2#PIERCING


**Before Move #2:

2B1  : DAGGER : 4
2B2  : GLOCK 171 : 1
2B3  : GLOCK 201 : 2
2B4  : LEATHER JACKET : 1
2B5  : RIOT SHIELD : 1
2B6  : SHORT BOW : 1
2B7  : STUN GUN : 1
2B8  : SWORD : 3

2B9  : MELEE#DAGGER#5#2#20#1#4#1#PIERCING
2B10 : MELEE#DAGGER#5#2#20#1#4#1#PIERCING
2B11 : MELEE#DAGGER#5#2#20#1#4#1#PIERCING
2B12 : MELEE#DAGGER#5#2#20#1#4#1#PIERCING
2B13 : RANGE#GLOCK 171#18#2#20#2#6#2#BALLISTIC
2B14 : RANGE#GLOCK 201#18#3#20#2#6#2#BALLISTIC
2B15 : RANGE#GLOCK 201#18#3#20#2#6#2#BALLISTIC
2B16 : ARMOR#LEATHER JACKET#10#4#0#1#30#LEATHER
2B17 : ARMOR#RIOT SHIELD#10#6#-1#3#30#PLATE
2B18 : MELEE#SHORT BOW#10#6#20#2#6#3#PIERCING
2B19 : MELEE#STUN GUN#5#1#20#1#3#1#ENERGY
2B20 : MELEE#SWORD#10#3#19#1#6#2#PIERCING
2B21 : MELEE#SWORD#10#3#19#1#6#2#PIERCING
2B22 : MELEE#SWORD#10#3#19#1#6#2#PIERCING

2B23 : O
2B24 : O
2B25 : O
2B26 : O
2B27 : O
2B28 : X
2B29 : O
2B30 : O
2B31 : O
2B32 : O
2B33 : O
2B34 : O
2B35 : O
2B36 : O
2B37 : O

2B38 : ELF#WIZ#ADEAK#(1,2)#18#[15#8#11#10#10#15]#(CONCENTRATION,HIDE,USE MAGIC DEVICES)##DAGGER#
	10#76000#27#(QUARTER STAFF)#
2B39 : HALFELF#CLR#PANROS#(1,2)#47#[6#11#10#6#7#11]#(HEAL,USE MAGIC DEVICES)#SMALL WOODEN SHIELD#LONG SWORD#
	10#76000#28#()#
2B40 : ORC#ROG#KEVKUL#(1,2)#35#[5#8#5#13#16#12]#(BLUFF,CLIMB,HIDE)#LEATHER#RAPIER#
	10#76000#27#(SHORT BOW)#
2B41 : HUMAN#FTR#JAMIAN#(1,2)#44#[8#11#9#13#13#8]#(INTIMIDATE,SWIM)#LARGE WOODEN SHIELD#SWORD#
	10#76000#29#()#


**After Move #2:

2A1  : (1,2):24#[]##0#OH my, experiencing a polymorph encounter
2A2  : (1,0):15#[ADEAK,JAMIAN,KEVKUL,PANROS]##0#OH my, encountered destruction
2A3  : ELF#WIZ#ADEAK#(1,0)#18#[15#8#11#10#10#15]#(CONCENTRATION,HIDE,USE MAGIC DEVICES)##DAGGER#
	10#76000#27#(QUARTER STAFF)#
2A4  : HALFELF#CLR#PANROS#(1,0)#47#[6#11#10#6#7#11]#(HEAL,USE MAGIC DEVICES)#SMALL WOODEN SHIELD#LONG SWORD#
	10#76000#28#()#
2A5  : ORC#ROG#KEVKUL#(1,0)#35#[5#8#5#13#16#12]#(BLUFF,CLIMB,HIDE)#LEATHER#RAPIER#
	10#76000#27#(SHORT BOW)#
2A6  : HUMAN#FTR#JAMIAN#(1,0)#44#[8#11#9#13#13#8]#(INTIMIDATE,SWIM)#LARGE WOODEN SHIELD#SWORD#
	10#76000#29#()#



**After Healing #2:

2H1  : ADEAK
2H2  : JAMIAN
2H3  : KEVKUL
2H4  : PANROS

2H5  : ELF#WIZ#ADEAK#(1,0)#18#[15#8#11#10#10#15]#(CONCENTRATION,HIDE,USE MAGIC DEVICES)##DAGGER#
	10#76000#27#(QUARTER STAFF)#
2H6  : HALFELF#CLR#PANROS#(1,0)#47#[6#11#10#6#7#11]#(HEAL,USE MAGIC DEVICES)#SMALL WOODEN SHIELD#LONG SWORD#
	10#76000#28#()#
2H7  : ORC#ROG#KEVKUL#(1,0)#35#[5#8#5#13#16#12]#(BLUFF,CLIMB,HIDE)#LEATHER#RAPIER#
	10#76000#27#(SHORT BOW)#
2H8  : HUMAN#FTR#JAMIAN#(1,0)#44#[8#11#9#13#13#8]#(INTIMIDATE,SWIM)#LARGE WOODEN SHIELD#SWORD#
	10#76000#29#()#


*************************************************
Mission #3:
*************************************************

**Before Deployment for round #3:

3D1  : DAGGER : 4
3D2  : GLOCK 171 : 1
3D3  : GLOCK 201 : 2
3D4  : LEATHER JACKET : 1
3D5  : RIOT SHIELD : 1
3D6  : SHORT BOW : 1
3D7  : STUN GUN : 1
3D8  : SWORD : 3

3D9  : MELEE#DAGGER#5#2#20#1#4#1#PIERCING
3D10 : MELEE#DAGGER#5#2#20#1#4#1#PIERCING
3D11 : MELEE#DAGGER#5#2#20#1#4#1#PIERCING
3D12 : MELEE#DAGGER#5#2#20#1#4#1#PIERCING
3D13 : RANGE#GLOCK 171#18#2#20#2#6#2#BALLISTIC
3D14 : RANGE#GLOCK 201#18#3#20#2#6#2#BALLISTIC
3D15 : RANGE#GLOCK 201#18#3#20#2#6#2#BALLISTIC
3D16 : ARMOR#LEATHER JACKET#10#4#0#1#30#LEATHER
3D17 : ARMOR#RIOT SHIELD#10#6#-1#3#30#PLATE
3D18 : MELEE#SHORT BOW#10#6#20#2#6#3#PIERCING
3D19 : MELEE#STUN GUN#5#1#20#1#3#1#ENERGY
3D20 : MELEE#SWORD#10#3#19#1#6#2#PIERCING
3D21 : MELEE#SWORD#10#3#19#1#6#2#PIERCING
3D22 : MELEE#SWORD#10#3#19#1#6#2#PIERCING


**Before Move #3:

3B1  : DAGGER : 4
3B2  : GLOCK 171 : 1
3B3  : GLOCK 201 : 2
3B4  : LEATHER JACKET : 1
3B5  : LONG SWORD : 1
3B6  : RIOT SHIELD : 1
3B7  : SHORT BOW : 1
3B8  : SWORD : 3

3B9  : MELEE#DAGGER#5#2#20#1#4#1#PIERCING
3B10 : MELEE#DAGGER#5#2#20#1#4#1#PIERCING
3B11 : MELEE#DAGGER#5#2#20#1#4#1#PIERCING
3B12 : MELEE#DAGGER#5#2#20#1#4#1#PIERCING
3B13 : RANGE#GLOCK 171#18#2#20#2#6#2#BALLISTIC
3B14 : RANGE#GLOCK 201#18#3#20#2#6#2#BALLISTIC
3B15 : RANGE#GLOCK 201#18#3#20#2#6#2#BALLISTIC
3B16 : ARMOR#LEATHER JACKET#10#4#0#1#30#LEATHER
3B17 : MELEE#LONG SWORD#11#4#19#1#8#3#SLASHING
3B18 : ARMOR#RIOT SHIELD#10#6#-1#3#30#PLATE
3B19 : MELEE#SHORT BOW#10#6#20#2#6#3#PIERCING
3B20 : MELEE#SWORD#10#3#19#1#6#2#PIERCING
3B21 : MELEE#SWORD#10#3#19#1#6#2#PIERCING
3B22 : MELEE#SWORD#10#3#19#1#6#2#PIERCING

3B23 : O
3B24 : O
3B25 : O
3B26 : X
3B27 : O
3B28 : O
3B29 : O
3B30 : O
3B31 : O
3B32 : O
3B33 : O
3B34 : O
3B35 : O
3B36 : O
3B37 : O

3B38 : HALFELF#CLR#PANROS#(1,0)#47#[6#11#10#6#7#11]#(HEAL,USE MAGIC DEVICES)#SMALL WOODEN SHIELD#STUN GUN#
	10#76000#28#()#
3B39 : ORC#ROG#KEVKUL#(1,0)#35#[5#8#5#13#16#12]#(BLUFF,CLIMB,HIDE)#LEATHER#RAPIER#
	10#76000#27#(SHORT BOW)#
3B40 : HUMAN#FTR#JAMIAN#(1,0)#44#[8#11#9#13#13#8]#(INTIMIDATE,SWIM)#LARGE WOODEN SHIELD#SWORD#
	10#76000#29#()#
3B41 : ELF#WIZ#ADEAK#(1,0)#18#[15#8#11#10#10#15]#(CONCENTRATION,HIDE,USE MAGIC DEVICES)##DAGGER#
	10#76000#27#(QUARTER STAFF)#


**After Move #3:

3A1  : (1,0):15#[]##0#OH my, encountered destruction
3A2  : (3,0):62#[ADEAK,JAMIAN,KEVKUL,PANROS]##0#Leader falls into a hole, hits head and suffers Amnesia
3A3  : HALFELF#CLR#PANROS#(3,0)#47#[6#11#10#6#7#11]#()#SMALL WOODEN SHIELD#STUN GUN#
	10#76000#28#()#
3A4  : ORC#ROG#KEVKUL#(3,0)#35#[5#8#5#13#16#12]#(BLUFF,CLIMB,HIDE)#LEATHER#RAPIER#
	10#76000#27#(SHORT BOW)#
3A5  : HUMAN#FTR#JAMIAN#(3,0)#44#[8#11#9#13#13#8]#(INTIMIDATE,SWIM)#LARGE WOODEN SHIELD#SWORD#
	10#76000#29#()#
3A6  : ELF#WIZ#ADEAK#(3,0)#18#[15#8#11#10#10#15]#(CONCENTRATION,HIDE,USE MAGIC DEVICES)##DAGGER#
	10#76000#27#(QUARTER STAFF)#



**After Healing #3:

3H1  : ADEAK
3H2  : JAMIAN
3H3  : KEVKUL
3H4  : PANROS

3H5  : HALFELF#CLR#PANROS#(3,0)#47#[6#11#10#6#7#11]#()#SMALL WOODEN SHIELD#STUN GUN#
	10#76000#28#()#
3H6  : ORC#ROG#KEVKUL#(3,0)#35#[5#8#5#13#16#12]#(BLUFF,CLIMB,HIDE)#LEATHER#RAPIER#
	10#76000#27#(SHORT BOW)#
3H7  : HUMAN#FTR#JAMIAN#(3,0)#44#[8#11#9#13#13#8]#(INTIMIDATE,SWIM)#LARGE WOODEN SHIELD#SWORD#
	10#76000#29#()#
3H8  : ELF#WIZ#ADEAK#(3,0)#18#[15#8#11#10#10#15]#(CONCENTRATION,HIDE,USE MAGIC DEVICES)##DAGGER#
	10#76000#27#(QUARTER STAFF)#


*************************************************
Mission #4:
*************************************************

**Before Deployment for round #4:

4D1  : DAGGER : 4
4D2  : GLOCK 171 : 1
4D3  : GLOCK 201 : 2
4D4  : LEATHER JACKET : 1
4D5  : LONG SWORD : 1
4D6  : RIOT SHIELD : 1
4D7  : SHORT BOW : 1
4D8  : SWORD : 3

4D9  : MELEE#DAGGER#5#2#20#1#4#1#PIERCING
4D10 : MELEE#DAGGER#5#2#20#1#4#1#PIERCING
4D11 : MELEE#DAGGER#5#2#20#1#4#1#PIERCING
4D12 : MELEE#DAGGER#5#2#20#1#4#1#PIERCING
4D13 : RANGE#GLOCK 171#18#2#20#2#6#2#BALLISTIC
4D14 : RANGE#GLOCK 201#18#3#20#2#6#2#BALLISTIC
4D15 : RANGE#GLOCK 201#18#3#20#2#6#2#BALLISTIC
4D16 : ARMOR#LEATHER JACKET#10#4#0#1#30#LEATHER
4D17 : MELEE#LONG SWORD#11#4#19#1#8#3#SLASHING
4D18 : ARMOR#RIOT SHIELD#10#6#-1#3#30#PLATE
4D19 : MELEE#SHORT BOW#10#6#20#2#6#3#PIERCING
4D20 : MELEE#SWORD#10#3#19#1#6#2#PIERCING
4D21 : MELEE#SWORD#10#3#19#1#6#2#PIERCING
4D22 : MELEE#SWORD#10#3#19#1#6#2#PIERCING


**Before Move #4:

4B1  : DAGGER : 4
4B2  : GLOCK 171 : 1
4B3  : GLOCK 201 : 1
4B4  : LEATHER JACKET : 1
4B5  : LONG SWORD : 1
4B6  : RAPIER : 1
4B7  : RIOT SHIELD : 1
4B8  : SHORT BOW : 1
4B9  : SWORD : 3

4B10 : MELEE#DAGGER#5#2#20#1#4#1#PIERCING
4B11 : MELEE#DAGGER#5#2#20#1#4#1#PIERCING
4B12 : MELEE#DAGGER#5#2#20#1#4#1#PIERCING
4B13 : MELEE#DAGGER#5#2#20#1#4#1#PIERCING
4B14 : RANGE#GLOCK 171#18#2#20#2#6#2#BALLISTIC
4B15 : RANGE#GLOCK 201#18#3#20#2#6#2#BALLISTIC
4B16 : ARMOR#LEATHER JACKET#10#4#0#1#30#LEATHER
4B17 : MELEE#LONG SWORD#11#4#19#1#8#3#SLASHING
4B18 : MELEE#RAPIER#10#3#18#1#6#3#PIERCING
4B19 : ARMOR#RIOT SHIELD#10#6#-1#3#30#PLATE
4B20 : MELEE#SHORT BOW#10#6#20#2#6#3#PIERCING
4B21 : MELEE#SWORD#10#3#19#1#6#2#PIERCING
4B22 : MELEE#SWORD#10#3#19#1#6#2#PIERCING
4B23 : MELEE#SWORD#10#3#19#1#6#2#PIERCING

4B24 : O
4B25 : O
4B26 : O
4B27 : O
4B28 : O
4B29 : O
4B30 : O
4B31 : O
4B32 : O
4B33 : X
4B34 : O
4B35 : O
4B36 : O
4B37 : O
4B38 : O

4B39 : ORC#ROG#KEVKUL#(3,0)#35#[5#8#5#13#16#12]#(BLUFF,CLIMB,HIDE)#LEATHER#GLOCK 201#
	10#76000#27#(SHORT BOW)#
4B40 : HUMAN#FTR#JAMIAN#(3,0)#44#[8#11#9#13#13#8]#(INTIMIDATE,SWIM)#LARGE WOODEN SHIELD#SWORD#
	10#76000#29#()#
4B41 : ELF#WIZ#ADEAK#(3,0)#18#[15#8#11#10#10#15]#(CONCENTRATION,HIDE,USE MAGIC DEVICES)##DAGGER#
	10#76000#27#(QUARTER STAFF)#
4B42 : HALFELF#CLR#PANROS#(3,0)#47#[6#11#10#6#7#11]#()#SMALL WOODEN SHIELD#STUN GUN#
	10#76000#28#()#


**After Move #4:

4A1  : (3,0):62#[]##0#Leader falls into a hole, hits head and suffers Amnesia
4A2  : (1,0):15#[ADEAK,JAMIAN,KEVKUL,PANROS]##0#OH my, encountered destruction
4A3  : ORC#ROG#KEVKUL#(1,0)#35#[5#8#5#13#16#12]#(BLUFF,CLIMB,HIDE)#LEATHER#GLOCK 201#
	10#76000#27#(SHORT BOW)#
4A4  : HUMAN#FTR#JAMIAN#(1,0)#44#[8#11#9#13#13#8]#(INTIMIDATE,SWIM)#LARGE WOODEN SHIELD#SWORD#
	10#76000#29#()#
4A5  : ELF#WIZ#ADEAK#(1,0)#18#[15#8#11#10#10#15]#(CONCENTRATION,HIDE,USE MAGIC DEVICES)##DAGGER#
	10#76000#27#(QUARTER STAFF)#
4A6  : HALFELF#CLR#PANROS#(1,0)#47#[6#11#10#6#7#11]#()#SMALL WOODEN SHIELD#STUN GUN#
	10#76000#28#()#



**After Healing #4:

4H1  : ADEAK
4H2  : JAMIAN
4H3  : KEVKUL
4H4  : PANROS

4H5  : ORC#ROG#KEVKUL#(1,0)#35#[5#8#5#13#16#12]#(BLUFF,CLIMB,HIDE)#LEATHER#GLOCK 201#
	10#76000#27#(SHORT BOW)#
4H6  : HUMAN#FTR#JAMIAN#(1,0)#44#[8#11#9#13#13#8]#(INTIMIDATE,SWIM)#LARGE WOODEN SHIELD#SWORD#
	10#76000#29#()#
4H7  : ELF#WIZ#ADEAK#(1,0)#18#[15#8#11#10#10#15]#(CONCENTRATION,HIDE,USE MAGIC DEVICES)##DAGGER#
	10#76000#27#(QUARTER STAFF)#
4H8  : HALFELF#CLR#PANROS#(1,0)#47#[6#11#10#6#7#11]#()#SMALL WOODEN SHIELD#STUN GUN#
	10#76000#28#()#


*************************************************
Mission #5:
*************************************************

**Before Deployment for round #5:

5D1  : DAGGER : 4
5D2  : GLOCK 171 : 1
5D3  : GLOCK 201 : 1
5D4  : LEATHER JACKET : 1
5D5  : LONG SWORD : 1
5D6  : RAPIER : 1
5D7  : RIOT SHIELD : 1
5D8  : SHORT BOW : 1
5D9  : SWORD : 3

5D10 : MELEE#DAGGER#5#2#20#1#4#1#PIERCING
5D11 : MELEE#DAGGER#5#2#20#1#4#1#PIERCING
5D12 : MELEE#DAGGER#5#2#20#1#4#1#PIERCING
5D13 : MELEE#DAGGER#5#2#20#1#4#1#PIERCING
5D14 : RANGE#GLOCK 171#18#2#20#2#6#2#BALLISTIC
5D15 : RANGE#GLOCK 201#18#3#20#2#6#2#BALLISTIC
5D16 : ARMOR#LEATHER JACKET#10#4#0#1#30#LEATHER
5D17 : MELEE#LONG SWORD#11#4#19#1#8#3#SLASHING
5D18 : MELEE#RAPIER#10#3#18#1#6#3#PIERCING
5D19 : ARMOR#RIOT SHIELD#10#6#-1#3#30#PLATE
5D20 : MELEE#SHORT BOW#10#6#20#2#6#3#PIERCING
5D21 : MELEE#SWORD#10#3#19#1#6#2#PIERCING
5D22 : MELEE#SWORD#10#3#19#1#6#2#PIERCING
5D23 : MELEE#SWORD#10#3#19#1#6#2#PIERCING


**Before Move #5:

5B1  : DAGGER : 4
5B2  : GLOCK 171 : 1
5B3  : GLOCK 201 : 1
5B4  : LARGE WOODEN SHIELD : 1
5B5  : LEATHER JACKET : 1
5B6  : LONG SWORD : 1
5B7  : RAPIER : 1
5B8  : SHORT BOW : 1
5B9  : SWORD : 3

5B10 : MELEE#DAGGER#5#2#20#1#4#1#PIERCING
5B11 : MELEE#DAGGER#5#2#20#1#4#1#PIERCING
5B12 : MELEE#DAGGER#5#2#20#1#4#1#PIERCING
5B13 : MELEE#DAGGER#5#2#20#1#4#1#PIERCING
5B14 : RANGE#GLOCK 171#18#2#20#2#6#2#BALLISTIC
5B15 : RANGE#GLOCK 201#18#3#20#2#6#2#BALLISTIC
5B16 : ARMOR#LARGE WOODEN SHIELD#7#15#-2#2#30#PLATE
5B17 : ARMOR#LEATHER JACKET#10#4#0#1#30#LEATHER
5B18 : MELEE#LONG SWORD#11#4#19#1#8#3#SLASHING
5B19 : MELEE#RAPIER#10#3#18#1#6#3#PIERCING
5B20 : MELEE#SHORT BOW#10#6#20#2#6#3#PIERCING
5B21 : MELEE#SWORD#10#3#19#1#6#2#PIERCING
5B22 : MELEE#SWORD#10#3#19#1#6#2#PIERCING
5B23 : MELEE#SWORD#10#3#19#1#6#2#PIERCING

5B24 : O
5B25 : O
5B26 : O
5B27 : X
5B28 : O
5B29 : O
5B30 : O
5B31 : O
5B32 : O
5B33 : O
5B34 : O
5B35 : O
5B36 : O
5B37 : O
5B38 : O

5B39 : HUMAN#FTR#JAMIAN#(1,0)#44#[8#11#9#13#13#8]#(INTIMIDATE,SWIM)#RIOT SHIELD#SWORD#
	10#76000#29#()#
5B40 : ELF#WIZ#ADEAK#(1,0)#18#[15#8#11#10#10#15]#(CONCENTRATION,HIDE,USE MAGIC DEVICES)##DAGGER#
	10#76000#27#(QUARTER STAFF)#
5B41 : HALFELF#CLR#PANROS#(1,0)#47#[6#11#10#6#7#11]#()#SMALL WOODEN SHIELD#STUN GUN#
	10#76000#28#()#
5B42 : ORC#ROG#KEVKUL#(1,0)#35#[5#8#5#13#16#12]#(BLUFF,CLIMB,HIDE)#LEATHER#GLOCK 201#
	10#76000#27#(SHORT BOW)#


**After Move #5:

5A1  : (1,0):15#[]##0#OH my, encountered destruction
5A2  : (1,2):24#[ADEAK,JAMIAN,KEVKUL,PANROS]##0#OH my, experiencing a polymorph encounter
5A3  : HUMAN#FTR#JAMIAN#(1,2)#44#[8#11#9#13#13#8]#(INTIMIDATE,SWIM)#RIOT SHIELD#SWORD#
	10#76000#29#()#
5A4  : ELF#WIZ#ADEAK#(1,2)#18#[15#8#11#10#10#15]#(CONCENTRATION,HIDE,USE MAGIC DEVICES)##DAGGER#
	10#76000#27#(QUARTER STAFF)#
5A5  : HALFELF#CLR#PANROS#(1,2)#47#[6#11#10#6#7#11]#()#SMALL WOODEN SHIELD#STUN GUN#
	10#76000#28#()#
5A6  : ORC#ROG#KEVKUL#(1,2)#35#[5#8#5#13#16#12]#(BLUFF,CLIMB,HIDE)#LEATHER#GLOCK 201#
	10#76000#27#(SHORT BOW)#



**After Healing #5:

5H1  : ADEAK
5H2  : JAMIAN
5H3  : KEVKUL
5H4  : PANROS

5H5  : HUMAN#FTR#JAMIAN#(1,2)#44#[8#11#9#13#13#8]#(INTIMIDATE,SWIM)#RIOT SHIELD#SWORD#
	10#76000#29#()#
5H6  : ELF#WIZ#ADEAK#(1,2)#18#[15#8#11#10#10#15]#(CONCENTRATION,HIDE,USE MAGIC DEVICES)##DAGGER#
	10#76000#27#(QUARTER STAFF)#
5H7  : HALFELF#CLR#PANROS#(1,2)#47#[6#11#10#6#7#11]#()#SMALL WOODEN SHIELD#STUN GUN#
	10#76000#28#()#
5H8  : ORC#ROG#KEVKUL#(1,2)#35#[5#8#5#13#16#12]#(BLUFF,CLIMB,HIDE)#LEATHER#GLOCK 201#
	10#76000#27#(SHORT BOW)#


*************************************************
Mission #6:
*************************************************

**Before Deployment for round #6:

6D1  : DAGGER : 4
6D2  : GLOCK 171 : 1
6D3  : GLOCK 201 : 1
6D4  : LARGE WOODEN SHIELD : 1
6D5  : LEATHER JACKET : 1
6D6  : LONG SWORD : 1
6D7  : RAPIER : 1
6D8  : SHORT BOW : 1
6D9  : SWORD : 3

6D10 : MELEE#DAGGER#5#2#20#1#4#1#PIERCING
6D11 : MELEE#DAGGER#5#2#20#1#4#1#PIERCING
6D12 : MELEE#DAGGER#5#2#20#1#4#1#PIERCING
6D13 : MELEE#DAGGER#5#2#20#1#4#1#PIERCING
6D14 : RANGE#GLOCK 171#18#2#20#2#6#2#BALLISTIC
6D15 : RANGE#GLOCK 201#18#3#20#2#6#2#BALLISTIC
6D16 : ARMOR#LARGE WOODEN SHIELD#7#15#-2#2#30#PLATE
6D17 : ARMOR#LEATHER JACKET#10#4#0#1#30#LEATHER
6D18 : MELEE#LONG SWORD#11#4#19#1#8#3#SLASHING
6D19 : MELEE#RAPIER#10#3#18#1#6#3#PIERCING
6D20 : MELEE#SHORT BOW#10#6#20#2#6#3#PIERCING
6D21 : MELEE#SWORD#10#3#19#1#6#2#PIERCING
6D22 : MELEE#SWORD#10#3#19#1#6#2#PIERCING
6D23 : MELEE#SWORD#10#3#19#1#6#2#PIERCING


**Before Move #6:

6B1  : DAGGER : 4
6B2  : GLOCK 171 : 1
6B3  : GLOCK 201 : 1
6B4  : LARGE WOODEN SHIELD : 1
6B5  : LEATHER JACKET : 1
6B6  : LONG SWORD : 1
6B7  : RAPIER : 1
6B8  : SHORT BOW : 1
6B9  : SWORD : 3

6B10 : MELEE#DAGGER#5#2#20#1#4#1#PIERCING
6B11 : MELEE#DAGGER#5#2#20#1#4#1#PIERCING
6B12 : MELEE#DAGGER#5#2#20#1#4#1#PIERCING
6B13 : MELEE#DAGGER#5#2#20#1#4#1#PIERCING
6B14 : RANGE#GLOCK 171#18#2#20#2#6#2#BALLISTIC
6B15 : RANGE#GLOCK 201#18#3#20#2#6#2#BALLISTIC
6B16 : ARMOR#LARGE WOODEN SHIELD#7#15#-2#2#30#PLATE
6B17 : ARMOR#LEATHER JACKET#10#4#0#1#30#LEATHER
6B18 : MELEE#LONG SWORD#11#4#19#1#8#3#SLASHING
6B19 : MELEE#RAPIER#10#3#18#1#6#3#PIERCING
6B20 : MELEE#SHORT BOW#10#6#20#2#6#3#PIERCING
6B21 : MELEE#SWORD#10#3#19#1#6#2#PIERCING
6B22 : MELEE#SWORD#10#3#19#1#6#2#PIERCING
6B23 : MELEE#SWORD#10#3#19#1#6#2#PIERCING

6B24 : O
6B25 : O
6B26 : O
6B27 : O
6B28 : O
6B29 : X
6B30 : O
6B31 : O
6B32 : O
6B33 : O
6B34 : O
6B35 : O
6B36 : O
6B37 : O
6B38 : O

6B39 : ELF#WIZ#ADEAK#(1,2)#18#[15#8#11#10#10#15]#(CONCENTRATION,HIDE,USE MAGIC DEVICES)##DAGGER#
	10#76000#27#(QUARTER STAFF)#
6B40 : HALFELF#CLR#PANROS#(1,2)#47#[6#11#10#6#7#11]#()#SMALL WOODEN SHIELD#STUN GUN#
	10#76000#28#()#
6B41 : ORC#ROG#KEVKUL#(1,2)#35#[5#8#5#13#16#12]#(BLUFF,CLIMB,HIDE)#LEATHER#GLOCK 201#
	10#76000#27#(SHORT BOW)#
6B42 : HUMAN#FTR#JAMIAN#(1,2)#44#[8#11#9#13#13#8]#(INTIMIDATE,SWIM)#RIOT SHIELD#SWORD#
	10#76000#29#()#


**After Move #6:

6A1  : (1,2):24#[]##0#OH my, experiencing a polymorph encounter
6A2  : (1,1):20#[ADEAK,JAMIAN,KEVKUL,PANROS]##0#OH my, encountered  red dragon breath
6A3  : ELF#WIZ#ADEAK#(1,1)#13#[15#8#11#10#10#15]#(CONCENTRATION,HIDE,USE MAGIC DEVICES)##DAGGER#
	10#76000#27#(QUARTER STAFF)#
6A4  : HALFELF#CLR#PANROS#(1,1)#47#[6#11#10#6#7#11]#()#SMALL WOODEN SHIELD#STUN GUN#
	10#76000#28#()#
6A5  : ORC#ROG#KEVKUL#(1,1)#35#[5#8#5#13#16#12]#(BLUFF,CLIMB,HIDE)#LEATHER#GLOCK 201#
	10#76000#27#(SHORT BOW)#
6A6  : HUMAN#FTR#JAMIAN#(1,1)#44#[8#11#9#13#13#8]#(INTIMIDATE,SWIM)#RIOT SHIELD#SWORD#
	10#76000#29#()#



**After Healing #6:

6H1  : ADEAK
6H2  : JAMIAN
6H3  : KEVKUL
6H4  : PANROS

6H5  : ELF#WIZ#ADEAK#(1,1)#13#[15#8#11#10#10#15]#(CONCENTRATION,HIDE,USE MAGIC DEVICES)##DAGGER#
	10#76000#27#(QUARTER STAFF)#
6H6  : HALFELF#CLR#PANROS#(1,1)#47#[6#11#10#6#7#11]#()#SMALL WOODEN SHIELD#STUN GUN#
	10#76000#28#()#
6H7  : ORC#ROG#KEVKUL#(1,1)#35#[5#8#5#13#16#12]#(BLUFF,CLIMB,HIDE)#LEATHER#GLOCK 201#
	10#76000#27#(SHORT BOW)#
6H8  : HUMAN#FTR#JAMIAN#(1,1)#44#[8#11#9#13#13#8]#(INTIMIDATE,SWIM)#RIOT SHIELD#SWORD#
	10#76000#29#()#


*************************************************
Mission #7:
*************************************************

**Before Deployment for round #7:

7D1  : DAGGER : 4
7D2  : GLOCK 171 : 1
7D3  : GLOCK 201 : 1
7D4  : LARGE WOODEN SHIELD : 1
7D5  : LEATHER JACKET : 1
7D6  : LONG SWORD : 1
7D7  : RAPIER : 1
7D8  : SHORT BOW : 1
7D9  : SWORD : 3

7D10 : MELEE#DAGGER#5#2#20#1#4#1#PIERCING
7D11 : MELEE#DAGGER#5#2#20#1#4#1#PIERCING
7D12 : MELEE#DAGGER#5#2#20#1#4#1#PIERCING
7D13 : MELEE#DAGGER#5#2#20#1#4#1#PIERCING
7D14 : RANGE#GLOCK 171#18#2#20#2#6#2#BALLISTIC
7D15 : RANGE#GLOCK 201#18#3#20#2#6#2#BALLISTIC
7D16 : ARMOR#LARGE WOODEN SHIELD#7#15#-2#2#30#PLATE
7D17 : ARMOR#LEATHER JACKET#10#4#0#1#30#LEATHER
7D18 : MELEE#LONG SWORD#11#4#19#1#8#3#SLASHING
7D19 : MELEE#RAPIER#10#3#18#1#6#3#PIERCING
7D20 : MELEE#SHORT BOW#10#6#20#2#6#3#PIERCING
7D21 : MELEE#SWORD#10#3#19#1#6#2#PIERCING
7D22 : MELEE#SWORD#10#3#19#1#6#2#PIERCING
7D23 : MELEE#SWORD#10#3#19#1#6#2#PIERCING


**Before Move #7:

7B1  : DAGGER : 4
7B2  : GLOCK 171 : 1
7B3  : GLOCK 201 : 1
7B4  : LARGE WOODEN SHIELD : 1
7B5  : LEATHER JACKET : 1
7B6  : RAPIER : 1
7B7  : SHORT BOW : 1
7B8  : STUN GUN : 1
7B9  : SWORD : 3

7B10 : MELEE#DAGGER#5#2#20#1#4#1#PIERCING
7B11 : MELEE#DAGGER#5#2#20#1#4#1#PIERCING
7B12 : MELEE#DAGGER#5#2#20#1#4#1#PIERCING
7B13 : MELEE#DAGGER#5#2#20#1#4#1#PIERCING
7B14 : RANGE#GLOCK 171#18#2#20#2#6#2#BALLISTIC
7B15 : RANGE#GLOCK 201#18#3#20#2#6#2#BALLISTIC
7B16 : ARMOR#LARGE WOODEN SHIELD#7#15#-2#2#30#PLATE
7B17 : ARMOR#LEATHER JACKET#10#4#0#1#30#LEATHER
7B18 : MELEE#RAPIER#10#3#18#1#6#3#PIERCING
7B19 : MELEE#SHORT BOW#10#6#20#2#6#3#PIERCING
7B20 : MELEE#STUN GUN#5#1#20#1#3#1#ENERGY
7B21 : MELEE#SWORD#10#3#19#1#6#2#PIERCING
7B22 : MELEE#SWORD#10#3#19#1#6#2#PIERCING
7B23 : MELEE#SWORD#10#3#19#1#6#2#PIERCING

7B24 : O
7B25 : O
7B26 : O
7B27 : O
7B28 : X
7B29 : O
7B30 : O
7B31 : O
7B32 : O
7B33 : O
7B34 : O
7B35 : O
7B36 : O
7B37 : O
7B38 : O

7B39 : HALFELF#CLR#PANROS#(1,1)#47#[6#11#10#6#7#11]#()#SMALL WOODEN SHIELD#LONG SWORD#
	10#76000#28#()#
7B40 : ORC#ROG#KEVKUL#(1,1)#35#[5#8#5#13#16#12]#(BLUFF,CLIMB,HIDE)#LEATHER#GLOCK 201#
	10#76000#27#(SHORT BOW)#
7B41 : HUMAN#FTR#JAMIAN#(1,1)#44#[8#11#9#13#13#8]#(INTIMIDATE,SWIM)#RIOT SHIELD#SWORD#
	10#76000#29#()#
7B42 : ELF#WIZ#ADEAK#(1,1)#13#[15#8#11#10#10#15]#(CONCENTRATION,HIDE,USE MAGIC DEVICES)##DAGGER#
	10#76000#27#(QUARTER STAFF)#


**After Move #7:

7A1  : (1,1):20#[]##0#OH my, encountered  red dragon breath
7A2  : (0,1):3#[ADEAK,DARATRIS,JAMIAN,KEVKUL,PANROS]##0#Combat is upon us!  We battle the Troll Daratris
7A3  : HALFELF#CLR#PANROS#(0,1)#-10#[6#11#10#6#7#11]#()#SMALL WOODEN SHIELD#LONG SWORD#
	10#76000#28#()#
7A4  : ORC#ROG#KEVKUL#(0,1)#35#[5#8#5#13#16#12]#(BLUFF,CLIMB,HIDE)#LEATHER#GLOCK 201#
	10#76000#27#(SHORT BOW)#
7A5  : HUMAN#FTR#JAMIAN#(0,1)#44#[8#11#9#13#13#8]#(INTIMIDATE,SWIM)#RIOT SHIELD#SWORD#
	10#76000#29#()#
7A6  : ELF#WIZ#ADEAK#(0,1)#13#[15#8#11#10#10#15]#(CONCENTRATION,HIDE,USE MAGIC DEVICES)##DAGGER#
	10#76000#27#(QUARTER STAFF)#



**After Healing #7:

7H1  : ADEAK
7H2  : JAMIAN
7H3  : KEVKUL

7H4  : HALFELF#CLR#PANROS#(0,1)#-10#[6#11#10#6#7#11]#()#SMALL WOODEN SHIELD#LONG SWORD#
	10#76000#28#()#
7H5  : ORC#ROG#KEVKUL#(0,1)#35#[5#8#5#13#16#12]#(BLUFF,CLIMB,HIDE)#LEATHER#GLOCK 201#
	10#76000#27#(SHORT BOW)#
7H6  : HUMAN#FTR#JAMIAN#(0,1)#44#[8#11#9#13#13#8]#(INTIMIDATE,SWIM)#RIOT SHIELD#SWORD#
	10#76000#29#()#
7H7  : ELF#WIZ#ADEAK#(0,1)#13#[15#8#11#10#10#15]#(CONCENTRATION,HIDE,USE MAGIC DEVICES)##DAGGER#
	10#76000#27#(QUARTER STAFF)#


*************************************************
Mission #8:
*************************************************

**Before Deployment for round #8:

8D1  : DAGGER : 4
8D2  : GLOCK 171 : 1
8D3  : GLOCK 201 : 1
8D4  : LARGE WOODEN SHIELD : 1
8D5  : LEATHER JACKET : 1
8D6  : RAPIER : 1
8D7  : SHORT BOW : 1
8D8  : STUN GUN : 1
8D9  : SWORD : 3

8D10 : MELEE#DAGGER#5#2#20#1#4#1#PIERCING
8D11 : MELEE#DAGGER#5#2#20#1#4#1#PIERCING
8D12 : MELEE#DAGGER#5#2#20#1#4#1#PIERCING
8D13 : MELEE#DAGGER#5#2#20#1#4#1#PIERCING
8D14 : RANGE#GLOCK 171#18#2#20#2#6#2#BALLISTIC
8D15 : RANGE#GLOCK 201#18#3#20#2#6#2#BALLISTIC
8D16 : ARMOR#LARGE WOODEN SHIELD#7#15#-2#2#30#PLATE
8D17 : ARMOR#LEATHER JACKET#10#4#0#1#30#LEATHER
8D18 : MELEE#RAPIER#10#3#18#1#6#3#PIERCING
8D19 : MELEE#SHORT BOW#10#6#20#2#6#3#PIERCING
8D20 : MELEE#STUN GUN#5#1#20#1#3#1#ENERGY
8D21 : MELEE#SWORD#10#3#19#1#6#2#PIERCING
8D22 : MELEE#SWORD#10#3#19#1#6#2#PIERCING
8D23 : MELEE#SWORD#10#3#19#1#6#2#PIERCING


**Before Move #8:

8B1  : DAGGER : 4
8B2  : GLOCK 171 : 1
8B3  : GLOCK 201 : 2
8B4  : LARGE WOODEN SHIELD : 1
8B5  : LEATHER JACKET : 1
8B6  : RAPIER : 1
8B7  : SHORT BOW : 1
8B8  : STUN GUN : 1
8B9  : SWORD : 2

8B10 : MELEE#DAGGER#5#2#20#1#4#1#PIERCING
8B11 : MELEE#DAGGER#5#2#20#1#4#1#PIERCING
8B12 : MELEE#DAGGER#5#2#20#1#4#1#PIERCING
8B13 : MELEE#DAGGER#5#2#20#1#4#1#PIERCING
8B14 : RANGE#GLOCK 171#18#2#20#2#6#2#BALLISTIC
8B15 : RANGE#GLOCK 201#18#3#20#2#6#2#BALLISTIC
8B16 : RANGE#GLOCK 201#18#3#20#2#6#2#BALLISTIC
8B17 : ARMOR#LARGE WOODEN SHIELD#7#15#-2#2#30#PLATE
8B18 : ARMOR#LEATHER JACKET#10#4#0#1#30#LEATHER
8B19 : MELEE#RAPIER#10#3#18#1#6#3#PIERCING
8B20 : MELEE#SHORT BOW#10#6#20#2#6#3#PIERCING
8B21 : MELEE#STUN GUN#5#1#20#1#3#1#ENERGY
8B22 : MELEE#SWORD#10#3#19#1#6#2#PIERCING
8B23 : MELEE#SWORD#10#3#19#1#6#2#PIERCING

8B24 : O
8B25 : X
8B26 : O
8B27 : O
8B28 : O
8B29 : O
8B30 : O
8B31 : O
8B32 : O
8B33 : O
8B34 : O
8B35 : O
8B36 : O
8B37 : O
8B38 : O

8B39 : ORC#ROG#KEVKUL#(0,1)#35#[5#8#5#13#16#12]#(BLUFF,CLIMB,HIDE)#LEATHER#SWORD#
	10#76000#27#(SHORT BOW)#
8B40 : HUMAN#FTR#JAMIAN#(0,1)#44#[8#11#9#13#13#8]#(INTIMIDATE,SWIM)#RIOT SHIELD#SWORD#
	10#76000#29#()#
8B41 : ELF#WIZ#ADEAK#(0,1)#13#[15#8#11#10#10#15]#(CONCENTRATION,HIDE,USE MAGIC DEVICES)##DAGGER#
	10#76000#27#(QUARTER STAFF)#
8B42 : HALFELF#CLR#PANROS#(0,1)#-10#[6#11#10#6#7#11]#()#SMALL WOODEN SHIELD#LONG SWORD#
	10#76000#28#()#


**After Move #8:

8A1  : (0,1):3#[DARATRIS]##0#Combat is upon us!  We battle the Troll Daratris
8A2  : (0,2):7#[ADEAK,JAMIAN,JANUVIAL,KEVKUL,PANROS]##0#Combat is upon us!  We battle the Ogre Januvial
8A3  : ORC#ROG#KEVKUL#(0,2)#-6#[5#8#5#13#16#12]#(BLUFF,CLIMB,HIDE)#LEATHER#SWORD#
	10#76000#27#(SHORT BOW)#
8A4  : HUMAN#FTR#JAMIAN#(0,2)#44#[8#11#9#13#13#8]#(INTIMIDATE,SWIM)#RIOT SHIELD#SWORD#
	10#76000#29#()#
8A5  : ELF#WIZ#ADEAK#(0,2)#13#[15#8#11#10#10#15]#(CONCENTRATION,HIDE,USE MAGIC DEVICES)##DAGGER#
	10#76000#27#(QUARTER STAFF)#
8A6  : HALFELF#CLR#PANROS#(0,2)#-10#[6#11#10#6#7#11]#()#SMALL WOODEN SHIELD#LONG SWORD#
	10#76000#28#()#



**After Healing #8:

8H1  : ADEAK
8H2  : JAMIAN

8H3  : ORC#ROG#KEVKUL#(0,2)#-6#[5#8#5#13#16#12]#(BLUFF,CLIMB,HIDE)#LEATHER#SWORD#
	10#76000#27#(SHORT BOW)#
8H4  : HUMAN#FTR#JAMIAN#(0,2)#44#[8#11#9#13#13#8]#(INTIMIDATE,SWIM)#RIOT SHIELD#SWORD#
	10#76000#29#()#
8H5  : ELF#WIZ#ADEAK#(0,2)#13#[15#8#11#10#10#15]#(CONCENTRATION,HIDE,USE MAGIC DEVICES)##DAGGER#
	10#76000#27#(QUARTER STAFF)#
8H6  : HALFELF#CLR#PANROS#(0,2)#-10#[6#11#10#6#7#11]#()#SMALL WOODEN SHIELD#LONG SWORD#
	10#76000#28#()#


*************************************************
Mission #9:
*************************************************

**Before Deployment for round #9:

9D1  : DAGGER : 4
9D2  : GLOCK 171 : 1
9D3  : GLOCK 201 : 2
9D4  : LARGE WOODEN SHIELD : 1
9D5  : LEATHER JACKET : 1
9D6  : RAPIER : 1
9D7  : SHORT BOW : 1
9D8  : STUN GUN : 1
9D9  : SWORD : 2

9D10 : MELEE#DAGGER#5#2#20#1#4#1#PIERCING
9D11 : MELEE#DAGGER#5#2#20#1#4#1#PIERCING
9D12 : MELEE#DAGGER#5#2#20#1#4#1#PIERCING
9D13 : MELEE#DAGGER#5#2#20#1#4#1#PIERCING
9D14 : RANGE#GLOCK 171#18#2#20#2#6#2#BALLISTIC
9D15 : RANGE#GLOCK 201#18#3#20#2#6#2#BALLISTIC
9D16 : RANGE#GLOCK 201#18#3#20#2#6#2#BALLISTIC
9D17 : ARMOR#LARGE WOODEN SHIELD#7#15#-2#2#30#PLATE
9D18 : ARMOR#LEATHER JACKET#10#4#0#1#30#LEATHER
9D19 : MELEE#RAPIER#10#3#18#1#6#3#PIERCING
9D20 : MELEE#SHORT BOW#10#6#20#2#6#3#PIERCING
9D21 : MELEE#STUN GUN#5#1#20#1#3#1#ENERGY
9D22 : MELEE#SWORD#10#3#19#1#6#2#PIERCING
9D23 : MELEE#SWORD#10#3#19#1#6#2#PIERCING


**Before Move #9:

9B1  : DAGGER : 3
9B2  : GLOCK 171 : 1
9B3  : GLOCK 201 : 2
9B4  : LARGE WOODEN SHIELD : 1
9B5  : LEATHER JACKET : 1
9B6  : RAPIER : 1
9B7  : SHORT BOW : 1
9B8  : STUN GUN : 1
9B9  : SWORD : 3

9B10 : MELEE#DAGGER#5#2#20#1#4#1#PIERCING
9B11 : MELEE#DAGGER#5#2#20#1#4#1#PIERCING
9B12 : MELEE#DAGGER#5#2#20#1#4#1#PIERCING
9B13 : RANGE#GLOCK 171#18#2#20#2#6#2#BALLISTIC
9B14 : RANGE#GLOCK 201#18#3#20#2#6#2#BALLISTIC
9B15 : RANGE#GLOCK 201#18#3#20#2#6#2#BALLISTIC
9B16 : ARMOR#LARGE WOODEN SHIELD#7#15#-2#2#30#PLATE
9B17 : ARMOR#LEATHER JACKET#10#4#0#1#30#LEATHER
9B18 : MELEE#RAPIER#10#3#18#1#6#3#PIERCING
9B19 : MELEE#SHORT BOW#10#6#20#2#6#3#PIERCING
9B20 : MELEE#STUN GUN#5#1#20#1#3#1#ENERGY
9B21 : MELEE#SWORD#10#3#19#1#6#2#PIERCING
9B22 : MELEE#SWORD#10#3#19#1#6#2#PIERCING
9B23 : MELEE#SWORD#10#3#19#1#6#2#PIERCING

9B24 : O
9B25 : O
9B26 : X
9B27 : O
9B28 : O
9B29 : O
9B30 : O
9B31 : O
9B32 : O
9B33 : O
9B34 : O
9B35 : O
9B36 : O
9B37 : O
9B38 : O

9B39 : HUMAN#FTR#JAMIAN#(0,2)#44#[8#11#9#13#13#8]#(INTIMIDATE,SWIM)#RIOT SHIELD#DAGGER#
	10#76000#29#()#
9B40 : ELF#WIZ#ADEAK#(0,2)#13#[15#8#11#10#10#15]#(CONCENTRATION,HIDE,USE MAGIC DEVICES)##DAGGER#
	10#76000#27#(QUARTER STAFF)#
9B41 : HALFELF#CLR#PANROS#(0,2)#-10#[6#11#10#6#7#11]#()#SMALL WOODEN SHIELD#LONG SWORD#
	10#76000#28#()#
9B42 : ORC#ROG#KEVKUL#(0,2)#-6#[5#8#5#13#16#12]#(BLUFF,CLIMB,HIDE)#LEATHER#SWORD#
	10#76000#27#(SHORT BOW)#


**After Move #9:

9A1  : (0,2):7#[JANUVIAL]##0#Combat is upon us!  We battle the Ogre Januvial
9A2  : (1,2):24#[ADEAK,JAMIAN,KEVKUL,PANROS]##0#OH my, experiencing a polymorph encounter
9A3  : HUMAN#FTR#JAMIAN#(1,2)#44#[8#11#9#13#13#8]#(INTIMIDATE,SWIM)#RIOT SHIELD#DAGGER#
	10#76000#29#()#
9A4  : ELF#WIZ#ADEAK#(1,2)#13#[15#8#11#10#10#15]#(CONCENTRATION,HIDE,USE MAGIC DEVICES)##DAGGER#
	10#76000#27#(QUARTER STAFF)#
9A5  : HALFELF#CLR#PANROS#(1,2)#-10#[6#11#10#6#7#11]#()#SMALL WOODEN SHIELD#LONG SWORD#
	10#76000#28#()#
9A6  : ORC#ROG#KEVKUL#(1,2)#-6#[5#8#5#13#16#12]#(BLUFF,CLIMB,HIDE)#LEATHER#SWORD#
	10#76000#27#(SHORT BOW)#



**After Healing #9:

9H1  : ADEAK
9H2  : JAMIAN

9H3  : HUMAN#FTR#JAMIAN#(1,2)#44#[8#11#9#13#13#8]#(INTIMIDATE,SWIM)#RIOT SHIELD#DAGGER#
	10#76000#29#()#
9H4  : ELF#WIZ#ADEAK#(1,2)#13#[15#8#11#10#10#15]#(CONCENTRATION,HIDE,USE MAGIC DEVICES)##DAGGER#
	10#76000#27#(QUARTER STAFF)#
9H5  : HALFELF#CLR#PANROS#(1,2)#-10#[6#11#10#6#7#11]#()#SMALL WOODEN SHIELD#LONG SWORD#
	10#76000#28#()#
9H6  : ORC#ROG#KEVKUL#(1,2)#-6#[5#8#5#13#16#12]#(BLUFF,CLIMB,HIDE)#LEATHER#SWORD#
	10#76000#27#(SHORT BOW)#


*************************************************
Mission #10:
*************************************************

**Before Deployment for round #10:

10D1  : DAGGER : 3
10D2  : GLOCK 171 : 1
10D3  : GLOCK 201 : 2
10D4  : LARGE WOODEN SHIELD : 1
10D5  : LEATHER JACKET : 1
10D6  : RAPIER : 1
10D7  : SHORT BOW : 1
10D8  : STUN GUN : 1
10D9  : SWORD : 3

10D10 : MELEE#DAGGER#5#2#20#1#4#1#PIERCING
10D11 : MELEE#DAGGER#5#2#20#1#4#1#PIERCING
10D12 : MELEE#DAGGER#5#2#20#1#4#1#PIERCING
10D13 : RANGE#GLOCK 171#18#2#20#2#6#2#BALLISTIC
10D14 : RANGE#GLOCK 201#18#3#20#2#6#2#BALLISTIC
10D15 : RANGE#GLOCK 201#18#3#20#2#6#2#BALLISTIC
10D16 : ARMOR#LARGE WOODEN SHIELD#7#15#-2#2#30#PLATE
10D17 : ARMOR#LEATHER JACKET#10#4#0#1#30#LEATHER
10D18 : MELEE#RAPIER#10#3#18#1#6#3#PIERCING
10D19 : MELEE#SHORT BOW#10#6#20#2#6#3#PIERCING
10D20 : MELEE#STUN GUN#5#1#20#1#3#1#ENERGY
10D21 : MELEE#SWORD#10#3#19#1#6#2#PIERCING
10D22 : MELEE#SWORD#10#3#19#1#6#2#PIERCING
10D23 : MELEE#SWORD#10#3#19#1#6#2#PIERCING


**Before Move #10:

10B1  : DAGGER : 3
10B2  : GLOCK 171 : 1
10B3  : GLOCK 201 : 2
10B4  : LARGE WOODEN SHIELD : 1
10B5  : LEATHER JACKET : 1
10B6  : RAPIER : 1
10B7  : SHORT BOW : 1
10B8  : STUN GUN : 1
10B9  : SWORD : 3

10B10 : MELEE#DAGGER#5#2#20#1#4#1#PIERCING
10B11 : MELEE#DAGGER#5#2#20#1#4#1#PIERCING
10B12 : MELEE#DAGGER#5#2#20#1#4#1#PIERCING
10B13 : RANGE#GLOCK 171#18#2#20#2#6#2#BALLISTIC
10B14 : RANGE#GLOCK 201#18#3#20#2#6#2#BALLISTIC
10B15 : RANGE#GLOCK 201#18#3#20#2#6#2#BALLISTIC
10B16 : ARMOR#LARGE WOODEN SHIELD#7#15#-2#2#30#PLATE
10B17 : ARMOR#LEATHER JACKET#10#4#0#1#30#LEATHER
10B18 : MELEE#RAPIER#10#3#18#1#6#3#PIERCING
10B19 : MELEE#SHORT BOW#10#6#20#2#6#3#PIERCING
10B20 : MELEE#STUN GUN#5#1#20#1#3#1#ENERGY
10B21 : MELEE#SWORD#10#3#19#1#6#2#PIERCING
10B22 : MELEE#SWORD#10#3#19#1#6#2#PIERCING
10B23 : MELEE#SWORD#10#3#19#1#6#2#PIERCING

10B24 : O
10B25 : O
10B26 : O
10B27 : O
10B28 : O
10B29 : X
10B30 : O
10B31 : O
10B32 : O
10B33 : O
10B34 : O
10B35 : O
10B36 : O
10B37 : O
10B38 : O

10B39 : ELF#WIZ#ADEAK#(1,2)#13#[15#8#11#10#10#15]#(CONCENTRATION,HIDE,USE MAGIC DEVICES)##DAGGER#
	10#76000#27#(QUARTER STAFF)#
10B40 : HALFELF#CLR#PANROS#(1,2)#-10#[6#11#10#6#7#11]#()#SMALL WOODEN SHIELD#LONG SWORD#
	10#76000#28#()#
10B41 : ORC#ROG#KEVKUL#(1,2)#-6#[5#8#5#13#16#12]#(BLUFF,CLIMB,HIDE)#LEATHER#SWORD#
	10#76000#27#(SHORT BOW)#
10B42 : HUMAN#FTR#JAMIAN#(1,2)#44#[8#11#9#13#13#8]#(INTIMIDATE,SWIM)#RIOT SHIELD#DAGGER#
	10#76000#29#()#


**After Move #10:

10A1  : (1,2):24#[]##0#OH my, experiencing a polymorph encounter
10A2  : (1,1):20#[ADEAK,JAMIAN,KEVKUL,PANROS]##0#OH my, encountered  red dragon breath
10A3  : ELF#WIZ#ADEAK#(1,1)#13#[15#8#11#10#10#15]#(CONCENTRATION,HIDE,USE MAGIC DEVICES)##DAGGER#
	10#76000#27#(QUARTER STAFF)#
10A4  : HALFELF#CLR#PANROS#(1,1)#-10#[6#11#10#6#7#11]#()#SMALL WOODEN SHIELD#LONG SWORD#
	10#76000#28#()#
10A5  : ORC#ROG#KEVKUL#(1,1)#-6#[5#8#5#13#16#12]#(BLUFF,CLIMB,HIDE)#LEATHER#SWORD#
	10#76000#27#(SHORT BOW)#
10A6  : HUMAN#FTR#JAMIAN#(1,1)#44#[8#11#9#13#13#8]#(INTIMIDATE,SWIM)#RIOT SHIELD#DAGGER#
	10#76000#29#()#



**After Healing #10:

10H1  : ADEAK
10H2  : JAMIAN

10H3  : ELF#WIZ#ADEAK#(1,1)#13#[15#8#11#10#10#15]#(CONCENTRATION,HIDE,USE MAGIC DEVICES)##DAGGER#
	10#76000#27#(QUARTER STAFF)#
10H4  : HALFELF#CLR#PANROS#(1,1)#-10#[6#11#10#6#7#11]#()#SMALL WOODEN SHIELD#LONG SWORD#
	10#76000#28#()#
10H5  : ORC#ROG#KEVKUL#(1,1)#-6#[5#8#5#13#16#12]#(BLUFF,CLIMB,HIDE)#LEATHER#SWORD#
	10#76000#27#(SHORT BOW)#
10H6  : HUMAN#FTR#JAMIAN#(1,1)#44#[8#11#9#13#13#8]#(INTIMIDATE,SWIM)#RIOT SHIELD#DAGGER#
	10#76000#29#()#


*************************************************
Mission #11:
*************************************************

**Before Deployment for round #11:

11D1  : DAGGER : 3
11D2  : GLOCK 171 : 1
11D3  : GLOCK 201 : 2
11D4  : LARGE WOODEN SHIELD : 1
11D5  : LEATHER JACKET : 1
11D6  : RAPIER : 1
11D7  : SHORT BOW : 1
11D8  : STUN GUN : 1
11D9  : SWORD : 3

11D10 : MELEE#DAGGER#5#2#20#1#4#1#PIERCING
11D11 : MELEE#DAGGER#5#2#20#1#4#1#PIERCING
11D12 : MELEE#DAGGER#5#2#20#1#4#1#PIERCING
11D13 : RANGE#GLOCK 171#18#2#20#2#6#2#BALLISTIC
11D14 : RANGE#GLOCK 201#18#3#20#2#6#2#BALLISTIC
11D15 : RANGE#GLOCK 201#18#3#20#2#6#2#BALLISTIC
11D16 : ARMOR#LARGE WOODEN SHIELD#7#15#-2#2#30#PLATE
11D17 : ARMOR#LEATHER JACKET#10#4#0#1#30#LEATHER
11D18 : MELEE#RAPIER#10#3#18#1#6#3#PIERCING
11D19 : MELEE#SHORT BOW#10#6#20#2#6#3#PIERCING
11D20 : MELEE#STUN GUN#5#1#20#1#3#1#ENERGY
11D21 : MELEE#SWORD#10#3#19#1#6#2#PIERCING
11D22 : MELEE#SWORD#10#3#19#1#6#2#PIERCING
11D23 : MELEE#SWORD#10#3#19#1#6#2#PIERCING


**Before Move #11:

11B1  : DAGGER : 4
11B2  : GLOCK 171 : 1
11B3  : GLOCK 201 : 2
11B4  : LARGE WOODEN SHIELD : 1
11B5  : LEATHER JACKET : 1
11B6  : RAPIER : 1
11B7  : SHORT BOW : 1
11B8  : STUN GUN : 1
11B9  : SWORD : 2

11B10 : MELEE#DAGGER#5#2#20#1#4#1#PIERCING
11B11 : MELEE#DAGGER#5#2#20#1#4#1#PIERCING
11B12 : MELEE#DAGGER#5#2#20#1#4#1#PIERCING
11B13 : MELEE#DAGGER#5#2#20#1#4#1#PIERCING
11B14 : RANGE#GLOCK 171#18#2#20#2#6#2#BALLISTIC
11B15 : RANGE#GLOCK 201#18#3#20#2#6#2#BALLISTIC
11B16 : RANGE#GLOCK 201#18#3#20#2#6#2#BALLISTIC
11B17 : ARMOR#LARGE WOODEN SHIELD#7#15#-2#2#30#PLATE
11B18 : ARMOR#LEATHER JACKET#10#4#0#1#30#LEATHER
11B19 : MELEE#RAPIER#10#3#18#1#6#3#PIERCING
11B20 : MELEE#SHORT BOW#10#6#20#2#6#3#PIERCING
11B21 : MELEE#STUN GUN#5#1#20#1#3#1#ENERGY
11B22 : MELEE#SWORD#10#3#19#1#6#2#PIERCING
11B23 : MELEE#SWORD#10#3#19#1#6#2#PIERCING

11B24 : O
11B25 : O
11B26 : O
11B27 : O
11B28 : X
11B29 : O
11B30 : O
11B31 : O
11B32 : O
11B33 : O
11B34 : O
11B35 : O
11B36 : O
11B37 : O
11B38 : O

11B39 : HUMAN#FTR#JAMIAN#(1,1)#44#[8#11#9#13#13#8]#(INTIMIDATE,SWIM)#RIOT SHIELD#SWORD#
	10#76000#29#()#
11B40 : ELF#WIZ#ADEAK#(1,1)#13#[15#8#11#10#10#15]#(CONCENTRATION,HIDE,USE MAGIC DEVICES)##DAGGER#
	10#76000#27#(QUARTER STAFF)#
11B41 : HALFELF#CLR#PANROS#(1,1)#-10#[6#11#10#6#7#11]#()#SMALL WOODEN SHIELD#LONG SWORD#
	10#76000#28#()#
11B42 : ORC#ROG#KEVKUL#(1,1)#-6#[5#8#5#13#16#12]#(BLUFF,CLIMB,HIDE)#LEATHER#SWORD#
	10#76000#27#(SHORT BOW)#


**After Move #11:

11A1  : (1,1):20#[]##0#OH my, encountered  red dragon breath
11A2  : (0,1):3#[ADEAK,DARATRIS,JAMIAN,KEVKUL,PANROS]##0#Combat is upon us!  We battle the Troll Daratris
11A3  : HUMAN#FTR#JAMIAN#(0,1)#-1#[8#11#9#13#13#8]#(INTIMIDATE,SWIM)#RIOT SHIELD#SWORD#
	10#76000#29#()#
11A4  : ELF#WIZ#ADEAK#(0,1)#13#[15#8#11#10#10#15]#(CONCENTRATION,HIDE,USE MAGIC DEVICES)##DAGGER#
	10#76000#27#(QUARTER STAFF)#
11A5  : HALFELF#CLR#PANROS#(0,1)#-10#[6#11#10#6#7#11]#()#SMALL WOODEN SHIELD#LONG SWORD#
	10#76000#28#()#
11A6  : ORC#ROG#KEVKUL#(0,1)#-6#[5#8#5#13#16#12]#(BLUFF,CLIMB,HIDE)#LEATHER#SWORD#
	10#76000#27#(SHORT BOW)#



**After Healing #11:

11H1  : ADEAK

11H2  : HUMAN#FTR#JAMIAN#(0,1)#-1#[8#11#9#13#13#8]#(INTIMIDATE,SWIM)#RIOT SHIELD#SWORD#
	10#76000#29#()#
11H3  : ELF#WIZ#ADEAK#(0,1)#13#[15#8#11#10#10#15]#(CONCENTRATION,HIDE,USE MAGIC DEVICES)##DAGGER#
	10#76000#27#(QUARTER STAFF)#
11H4  : HALFELF#CLR#PANROS#(0,1)#-10#[6#11#10#6#7#11]#()#SMALL WOODEN SHIELD#LONG SWORD#
	10#76000#28#()#
11H5  : ORC#ROG#KEVKUL#(0,1)#-6#[5#8#5#13#16#12]#(BLUFF,CLIMB,HIDE)#LEATHER#SWORD#
	10#76000#27#(SHORT BOW)#


*************************************************
Mission #12:
*************************************************

**Before Deployment for round #12:

12D1  : DAGGER : 4
12D2  : GLOCK 171 : 1
12D3  : GLOCK 201 : 2
12D4  : LARGE WOODEN SHIELD : 1
12D5  : LEATHER JACKET : 1
12D6  : RAPIER : 1
12D7  : SHORT BOW : 1
12D8  : STUN GUN : 1
12D9  : SWORD : 2

12D10 : MELEE#DAGGER#5#2#20#1#4#1#PIERCING
12D11 : MELEE#DAGGER#5#2#20#1#4#1#PIERCING
12D12 : MELEE#DAGGER#5#2#20#1#4#1#PIERCING
12D13 : MELEE#DAGGER#5#2#20#1#4#1#PIERCING
12D14 : RANGE#GLOCK 171#18#2#20#2#6#2#BALLISTIC
12D15 : RANGE#GLOCK 201#18#3#20#2#6#2#BALLISTIC
12D16 : RANGE#GLOCK 201#18#3#20#2#6#2#BALLISTIC
12D17 : ARMOR#LARGE WOODEN SHIELD#7#15#-2#2#30#PLATE
12D18 : ARMOR#LEATHER JACKET#10#4#0#1#30#LEATHER
12D19 : MELEE#RAPIER#10#3#18#1#6#3#PIERCING
12D20 : MELEE#SHORT BOW#10#6#20#2#6#3#PIERCING
12D21 : MELEE#STUN GUN#5#1#20#1#3#1#ENERGY
12D22 : MELEE#SWORD#10#3#19#1#6#2#PIERCING
12D23 : MELEE#SWORD#10#3#19#1#6#2#PIERCING


**Before Move #12:

12B1  : DAGGER : 4
12B2  : GLOCK 171 : 1
12B3  : GLOCK 201 : 2
12B4  : LARGE WOODEN SHIELD : 1
12B5  : LEATHER JACKET : 1
12B6  : RAPIER : 1
12B7  : SHORT BOW : 1
12B8  : STUN GUN : 1
12B9  : SWORD : 2

12B10 : MELEE#DAGGER#5#2#20#1#4#1#PIERCING
12B11 : MELEE#DAGGER#5#2#20#1#4#1#PIERCING
12B12 : MELEE#DAGGER#5#2#20#1#4#1#PIERCING
12B13 : MELEE#DAGGER#5#2#20#1#4#1#PIERCING
12B14 : RANGE#GLOCK 171#18#2#20#2#6#2#BALLISTIC
12B15 : RANGE#GLOCK 201#18#3#20#2#6#2#BALLISTIC
12B16 : RANGE#GLOCK 201#18#3#20#2#6#2#BALLISTIC
12B17 : ARMOR#LARGE WOODEN SHIELD#7#15#-2#2#30#PLATE
12B18 : ARMOR#LEATHER JACKET#10#4#0#1#30#LEATHER
12B19 : MELEE#RAPIER#10#3#18#1#6#3#PIERCING
12B20 : MELEE#SHORT BOW#10#6#20#2#6#3#PIERCING
12B21 : MELEE#STUN GUN#5#1#20#1#3#1#ENERGY
12B22 : MELEE#SWORD#10#3#19#1#6#2#PIERCING
12B23 : MELEE#SWORD#10#3#19#1#6#2#PIERCING

12B24 : O
12B25 : X
12B26 : O
12B27 : O
12B28 : O
12B29 : O
12B30 : O
12B31 : O
12B32 : O
12B33 : O
12B34 : O
12B35 : O
12B36 : O
12B37 : O
12B38 : O

12B39 : ELF#WIZ#ADEAK#(0,1)#13#[15#8#11#10#10#15]#(CONCENTRATION,HIDE,USE MAGIC DEVICES)##DAGGER#
	10#76000#27#(QUARTER STAFF)#
12B40 : HALFELF#CLR#PANROS#(0,1)#-10#[6#11#10#6#7#11]#()#SMALL WOODEN SHIELD#LONG SWORD#
	10#76000#28#()#
12B41 : ORC#ROG#KEVKUL#(0,1)#-6#[5#8#5#13#16#12]#(BLUFF,CLIMB,HIDE)#LEATHER#SWORD#
	10#76000#27#(SHORT BOW)#
12B42 : HUMAN#FTR#JAMIAN#(0,1)#-1#[8#11#9#13#13#8]#(INTIMIDATE,SWIM)#RIOT SHIELD#SWORD#
	10#76000#29#()#


**After Move #12:

12A1  : (0,1):3#[DARATRIS]##0#Combat is upon us!  We battle the Troll Daratris
12A2  : (0,2):7#[ADEAK,JAMIAN,JANUVIAL,KEVKUL,PANROS]##0#Combat is upon us!  We battle the Ogre Januvial
12A3  : ELF#WIZ#ADEAK#(0,2)#-8#[15#8#11#10#10#15]#(CONCENTRATION,HIDE,USE MAGIC DEVICES)##DAGGER#
	10#76000#27#(QUARTER STAFF)#
12A4  : HALFELF#CLR#PANROS#(0,2)#-10#[6#11#10#6#7#11]#()#SMALL WOODEN SHIELD#LONG SWORD#
	10#76000#28#()#
12A5  : ORC#ROG#KEVKUL#(0,2)#-6#[5#8#5#13#16#12]#(BLUFF,CLIMB,HIDE)#LEATHER#SWORD#
	10#76000#27#(SHORT BOW)#
12A6  : HUMAN#FTR#JAMIAN#(0,2)#-1#[8#11#9#13#13#8]#(INTIMIDATE,SWIM)#RIOT SHIELD#SWORD#
	10#76000#29#()#



**After Healing #12:

12H1  : No Active Players

12H2  : ELF#WIZ#ADEAK#(0,2)#-8#[15#8#11#10#10#15]#(CONCENTRATION,HIDE,USE MAGIC DEVICES)##DAGGER#
	10#76000#27#(QUARTER STAFF)#
12H3  : HALFELF#CLR#PANROS#(0,2)#-10#[6#11#10#6#7#11]#()#SMALL WOODEN SHIELD#LONG SWORD#
	10#76000#28#()#
12H4  : ORC#ROG#KEVKUL#(0,2)#-6#[5#8#5#13#16#12]#(BLUFF,CLIMB,HIDE)#LEATHER#SWORD#
	10#76000#27#(SHORT BOW)#
12H5  : HUMAN#FTR#JAMIAN#(0,2)#-1#[8#11#9#13#13#8]#(INTIMIDATE,SWIM)#RIOT SHIELD#SWORD#
	10#76000#29#()#


*************************************************
GameOver: Search Party NOT ACTIVE
*************************************************

G1  : DAGGER : 4
G2  : GLOCK 171 : 1
G3  : GLOCK 201 : 2
G4  : LARGE WOODEN SHIELD : 1
G5  : LEATHER JACKET : 1
G6  : RAPIER : 1
G7  : SHORT BOW : 1
G8  : STUN GUN : 1
G9  : SWORD : 2

G10 : MELEE#DAGGER#5#2#20#1#4#1#PIERCING
G11 : MELEE#DAGGER#5#2#20#1#4#1#PIERCING
G12 : MELEE#DAGGER#5#2#20#1#4#1#PIERCING
G13 : MELEE#DAGGER#5#2#20#1#4#1#PIERCING
G14 : RANGE#GLOCK 171#18#2#20#2#6#2#BALLISTIC
G15 : RANGE#GLOCK 201#18#3#20#2#6#2#BALLISTIC
G16 : RANGE#GLOCK 201#18#3#20#2#6#2#BALLISTIC
G17 : ARMOR#LARGE WOODEN SHIELD#7#15#-2#2#30#PLATE
G18 : ARMOR#LEATHER JACKET#10#4#0#1#30#LEATHER
G19 : MELEE#RAPIER#10#3#18#1#6#3#PIERCING
G20 : MELEE#SHORT BOW#10#6#20#2#6#3#PIERCING
G21 : MELEE#STUN GUN#5#1#20#1#3#1#ENERGY
G22 : MELEE#SWORD#10#3#19#1#6#2#PIERCING
G23 : MELEE#SWORD#10#3#19#1#6#2#PIERCING

G24 : (0,0):0#[ELGEON]##0#WOW! Elgeon is found alive!
G25 : (0,1):3#[DARATRIS]##0#Combat is upon us!  We battle the Troll Daratris
G26 : (0,2):7#[ADEAK,JAMIAN,JANUVIAL,KEVKUL,PANROS]##0#Combat is upon us!  We battle the Ogre Januvial
G27 : (1,0):15#[]##0#OH my, encountered destruction
G28 : (1,1):20#[]##0#OH my, encountered  red dragon breath
G29 : (1,2):24#[]##0#OH my, experiencing a polymorph encounter
G30 : (2,0):27#[]#GREAT CLUB#0#A merchant is selling a Great club
G31 : (2,1):38#[]#CONCEALABLE VEST#0#A merchant is selling a Concealable vest
G32 : (2,2):57#[]##0#Learn and  achieve the skill of Spot
G33 : (3,0):62#[]##0#Leader falls into a hole, hits head and suffers Amnesia
G34 : (3,1):65#[]##25#WOW, a bag with 25 gold pieces has been found
G35 : (3,2):70#[]##0#Quite  an adventure so far and increase  XP by 2000
G36 : (4,0):73#[]#SPEAR#0#stumbled onto a chest of equipment -need Open Lock skillck
G37 : (4,1):78#[]##0#team found a magic wand - need Use Magic Devices skillck
G38 : (4,2):82#[]##0#team has fallen victim of a trap - need  Disable Device skillck

G39 : No Active Players

G40 : ELF#WIZ#ADEAK#(0,2)#-8#[15#8#11#10#10#15]#(CONCENTRATION,HIDE,USE MAGIC DEVICES)##DAGGER#
	10#76000#27#(QUARTER STAFF)#
G41 : HALFELF#CLR#PANROS#(0,2)#-10#[6#11#10#6#7#11]#()#SMALL WOODEN SHIELD#LONG SWORD#
	10#76000#28#()#
G42 : ORC#ROG#KEVKUL#(0,2)#-6#[5#8#5#13#16#12]#(BLUFF,CLIMB,HIDE)#LEATHER#SWORD#
	10#76000#27#(SHORT BOW)#
G43 : HUMAN#FTR#JAMIAN#(0,2)#-1#[8#11#9#13#13#8]#(INTIMIDATE,SWIM)#RIOT SHIELD#SWORD#
	10#76000#29#()#

*************************************************
GameOver: Search Party NOT ACTIVE
*************************************************


