=============
Program 5 output
=============

*************************************************
SetUp
*************************************************

S1  : DAGGER : 5
S2  : GLOCK 171 : 1
S3  : GLOCK 201 : 2
S4  : LEATHER JACKET : 1
S5  : RIOT SHIELD : 1
S6  : STUN GUN : 1
S7  : SWORD : 3

S8  : MELEE#DAGGER#5#2#20#1#4#1#PIERCING
S9  : MELEE#DAGGER#5#2#20#1#4#1#PIERCING
S10 : MELEE#DAGGER#5#2#20#1#4#1#PIERCING
S11 : MELEE#DAGGER#5#2#20#1#4#1#PIERCING
S12 : MELEE#DAGGER#5#2#20#1#4#1#PIERCING
S13 : RANGE#GLOCK 171#18#2#20#2#6#2#BALLISTIC
S14 : RANGE#GLOCK 201#18#3#20#2#6#2#BALLISTIC
S15 : RANGE#GLOCK 201#18#3#20#2#6#2#BALLISTIC
S16 : ARMOR#LEATHER JACKET#10#4#0#1#30#LEATHER
S17 : ARMOR#RIOT SHIELD#10#6#-1#3#30#PLATE
S18 : MELEE#STUN GUN#5#1#20#1#3#1#ENERGY
S19 : MELEE#SWORD#10#3#19#1#6#2#PIERCING
S20 : MELEE#SWORD#10#3#19#1#6#2#PIERCING
S21 : MELEE#SWORD#10#3#19#1#6#2#PIERCING

S22 : (0,0):0#[ELGEON]##0#WOW! Elgeon is found alive!
S23 : (0,1):3#[DARATRIS]##0#Combat is upon us!  We battle the Troll Daratris
S24 : (0,2):7#[JANUVIAL]##0#Combat is upon us!  We battle the Ogre Januvial
S25 : (1,0):15#[]##0#OH my, encountered destruction
S26 : (1,1):20#[]##0#OH my, encountered  red dragon breath
S27 : (1,2):24#[]##0#OH my, experiencing a polymorph encounter
S28 : (2,0):27#[]#GREAT CLUB#0#A merchant is selling a Great club
S29 : (2,1):38#[]#CONCEALABLE VEST#0#A merchant is selling a Concealable vest
S30 : (2,2):57#[]##0#Learn and  achieve the skill of Spot
S31 : (3,0):62#[]##0#Leader falls into a hole, hits head and suffers Amnesia
S32 : (3,1):65#[]##25#WOW, a bag with 25 gold pieces has been found
S33 : (3,2):70#[]##0#Quite  an adventure so far and increase  XP by 2000
S34 : (4,0):73#[]#SPEAR#0#stumbled onto a chest of equipment -need Open Lock skillck
S35 : (4,1):78#[]##0#team found a magic wand - need Use Magic Devices skillck
S36 : (4,2):82#[]##0#team has fallen victim of a trap - need  Disable Device skillck

S37 : ADEAK
S38 : JAMIAN
S39 : KEVKUL
S40 : PANROS

S41 : HUMAN#FTR#JAMIAN#(-1,-1)#44#[8#11#9#13#13#8]#(INTIMIDATE,SWIM)#LARGE WOODEN SHIELD#SWORD#
	10#76000#29#()#
S42 : ELF#WIZ#ADEAK#(-1,-1)#18#[15#8#11#10#10#15]#(CONCENTRATION,HIDE,USE MAGIC DEVICES)##SHORT BOW#
	10#76000#27#(QUARTER STAFF)#
S43 : HALFELF#CLR#PANROS#(-1,-1)#47#[6#11#10#6#7#11]#(HEAL,USE MAGIC DEVICES)#SMALL WOODEN SHIELD#LONG SWORD#
	10#76000#28#()#
S44 : ORC#ROG#KEVKUL#(-1,-1)#35#[5#8#5#13#16#12]#(BLUFF,CLIMB,HIDE)#LEATHER#RAPIER#
	10#76000#27#(SHORT BOW)#


*************************************************
Mission #1:
*************************************************

**Before Deployment for round #1:

1D1  : DAGGER : 5
1D2  : GLOCK 171 : 1
1D3  : GLOCK 201 : 2
1D4  : LEATHER JACKET : 1
1D5  : RIOT SHIELD : 1
1D6  : STUN GUN : 1
1D7  : SWORD : 3

1D8  : MELEE#DAGGER#5#2#20#1#4#1#PIERCING
1D9  : MELEE#DAGGER#5#2#20#1#4#1#PIERCING
1D10 : MELEE#DAGGER#5#2#20#1#4#1#PIERCING
1D11 : MELEE#DAGGER#5#2#20#1#4#1#PIERCING
1D12 : MELEE#DAGGER#5#2#20#1#4#1#PIERCING
1D13 : RANGE#GLOCK 171#18#2#20#2#6#2#BALLISTIC
1D14 : RANGE#GLOCK 201#18#3#20#2#6#2#BALLISTIC
1D15 : RANGE#GLOCK 201#18#3#20#2#6#2#BALLISTIC
1D16 : ARMOR#LEATHER JACKET#10#4#0#1#30#LEATHER
1D17 : ARMOR#RIOT SHIELD#10#6#-1#3#30#PLATE
1D18 : MELEE#STUN GUN#5#1#20#1#3#1#ENERGY
1D19 : MELEE#SWORD#10#3#19#1#6#2#PIERCING
1D20 : MELEE#SWORD#10#3#19#1#6#2#PIERCING
1D21 : MELEE#SWORD#10#3#19#1#6#2#PIERCING


**Before Move #1:

1B1  : DAGGER : 5
1B2  : GLOCK 171 : 1
1B3  : GLOCK 201 : 2
1B4  : LEATHER JACKET : 1
1B5  : RIOT SHIELD : 1
1B6  : STUN GUN : 1
1B7  : SWORD : 3

1B8  : MELEE#DAGGER#5#2#20#1#4#1#PIERCING
1B9  : MELEE#DAGGER#5#2#20#1#4#1#PIERCING
1B10 : MELEE#DAGGER#5#2#20#1#4#1#PIERCING
1B11 : MELEE#DAGGER#5#2#20#1#4#1#PIERCING
1B12 : MELEE#DAGGER#5#2#20#1#4#1#PIERCING
1B13 : RANGE#GLOCK 171#18#2#20#2#6#2#BALLISTIC
1B14 : RANGE#GLOCK 201#18#3#20#2#6#2#BALLISTIC
1B15 : RANGE#GLOCK 201#18#3#20#2#6#2#BALLISTIC
1B16 : ARMOR#LEATHER JACKET#10#4#0#1#30#LEATHER
1B17 : ARMOR#RIOT SHIELD#10#6#-1#3#30#PLATE
1B18 : MELEE#STUN GUN#5#1#20#1#3#1#ENERGY
1B19 : MELEE#SWORD#10#3#19#1#6#2#PIERCING
1B20 : MELEE#SWORD#10#3#19#1#6#2#PIERCING
1B21 : MELEE#SWORD#10#3#19#1#6#2#PIERCING

1B22 : O
1B23 : O
1B24 : O
1B25 : O
1B26 : O
1B27 : O
1B28 : O
1B29 : O
1B30 : O
1B31 : O
1B32 : O
1B33 : O
1B34 : O
1B35 : O
1B36 : O

1B37 : HUMAN#FTR#JAMIAN#(-1,-1)#44#[8#11#9#13#13#8]#(INTIMIDATE,SWIM)#LARGE WOODEN SHIELD#SWORD#
	10#76000#29#()#
1B38 : ELF#WIZ#ADEAK#(-1,-1)#18#[15#8#11#10#10#15]#(CONCENTRATION,HIDE,USE MAGIC DEVICES)##SHORT BOW#
	10#76000#27#(QUARTER STAFF)#
1B39 : HALFELF#CLR#PANROS#(-1,-1)#47#[6#11#10#6#7#11]#(HEAL,USE MAGIC DEVICES)#SMALL WOODEN SHIELD#LONG SWORD#
	10#76000#28#()#
1B40 : ORC#ROG#KEVKUL#(-1,-1)#35#[5#8#5#13#16#12]#(BLUFF,CLIMB,HIDE)#LEATHER#RAPIER#
	10#76000#27#(SHORT BOW)#


**After Move #1:

1A1  : No prevCell to report
1A2  : (1,2):24#[ADEAK,JAMIAN,KEVKUL,PANROS]##0#OH my, experiencing a polymorph encounter
1A3  : HUMAN#FTR#JAMIAN#(1,2)#44#[8#11#9#13#13#8]#(INTIMIDATE,SWIM)#LARGE WOODEN SHIELD#SWORD#
	10#76000#29#()#
1A4  : ELF#WIZ#ADEAK#(1,2)#18#[15#8#11#10#10#15]#(CONCENTRATION,HIDE,USE MAGIC DEVICES)##SHORT BOW#
	10#76000#27#(QUARTER STAFF)#
1A5  : HALFELF#CLR#PANROS#(1,2)#47#[6#11#10#6#7#11]#(HEAL,USE MAGIC DEVICES)#SMALL WOODEN SHIELD#LONG SWORD#
	10#76000#28#()#
1A6  : ORC#ROG#KEVKUL#(1,2)#35#[5#8#5#13#16#12]#(BLUFF,CLIMB,HIDE)#LEATHER#RAPIER#
	10#76000#27#(SHORT BOW)#



**After Healing #1:

1H1  : ADEAK
1H2  : JAMIAN
1H3  : KEVKUL
1H4  : PANROS

1H5  : HUMAN#FTR#JAMIAN#(1,2)#44#[8#11#9#13#13#8]#(INTIMIDATE,SWIM)#LARGE WOODEN SHIELD#SWORD#
	10#76000#29#()#
1H6  : ELF#WIZ#ADEAK#(1,2)#18#[15#8#11#10#10#15]#(CONCENTRATION,HIDE,USE MAGIC DEVICES)##SHORT BOW#
	10#76000#27#(QUARTER STAFF)#
1H7  : HALFELF#CLR#PANROS#(1,2)#47#[6#11#10#6#7#11]#(HEAL,USE MAGIC DEVICES)#SMALL WOODEN SHIELD#LONG SWORD#
	10#76000#28#()#
1H8  : ORC#ROG#KEVKUL#(1,2)#35#[5#8#5#13#16#12]#(BLUFF,CLIMB,HIDE)#LEATHER#RAPIER#
	10#76000#27#(SHORT BOW)#


*************************************************
Mission #2:
*************************************************

**Before Deployment for round #2:

2D1  : DAGGER : 5
2D2  : GLOCK 171 : 1
2D3  : GLOCK 201 : 2
2D4  : LEATHER JACKET : 1
2D5  : RIOT SHIELD : 1
2D6  : STUN GUN : 1
2D7  : SWORD : 3

2D8  : MELEE#DAGGER#5#2#20#1#4#1#PIERCING
2D9  : MELEE#DAGGER#5#2#20#1#4#1#PIERCING
2D10 : MELEE#DAGGER#5#2#20#1#4#1#PIERCING
2D11 : MELEE#DAGGER#5#2#20#1#4#1#PIERCING
2D12 : MELEE#DAGGER#5#2#20#1#4#1#PIERCING
2D13 : RANGE#GLOCK 171#18#2#20#2#6#2#BALLISTIC
2D14 : RANGE#GLOCK 201#18#3#20#2#6#2#BALLISTIC
2D15 : RANGE#GLOCK 201#18#3#20#2#6#2#BALLISTIC
2D16 : ARMOR#LEATHER JACKET#10#4#0#1#30#LEATHER
2D17 : ARMOR#RIOT SHIELD#10#6#-1#3#30#PLATE
2D18 : MELEE#STUN GUN#5#1#20#1#3#1#ENERGY
2D19 : MELEE#SWORD#10#3#19#1#6#2#PIERCING
2D20 : MELEE#SWORD#10#3#19#1#6#2#PIERCING
2D21 : MELEE#SWORD#10#3#19#1#6#2#PIERCING


**Before Move #2:

2B1  : DAGGER : 4
2B2  : GLOCK 171 : 1
2B3  : GLOCK 201 : 2
2B4  : LEATHER JACKET : 1
2B5  : RIOT SHIELD : 1
2B6  : SHORT BOW : 1
2B7  : STUN GUN : 1
2B8  : SWORD : 3

2B9  : MELEE#DAGGER#5#2#20#1#4#1#PIERCING
2B10 : MELEE#DAGGER#5#2#20#1#4#1#PIERCING
2B11 : MELEE#DAGGER#5#2#20#1#4#1#PIERCING
2B12 : MELEE#DAGGER#5#2#20#1#4#1#PIERCING
2B13 : RANGE#GLOCK 171#18#2#20#2#6#2#BALLISTIC
2B14 : RANGE#GLOCK 201#18#3#20#2#6#2#BALLISTIC
2B15 : RANGE#GLOCK 201#18#3#20#2#6#2#BALLISTIC
2B16 : ARMOR#LEATHER JACKET#10#4#0#1#30#LEATHER
2B17 : ARMOR#RIOT SHIELD#10#6#-1#3#30#PLATE
2B18 : MELEE#SHORT BOW#10#6#20#2#6#3#PIERCING
2B19 : MELEE#STUN GUN#5#1#20#1#3#1#ENERGY
2B20 : MELEE#SWORD#10#3#19#1#6#2#PIERCING
2B21 : MELEE#SWORD#10#3#19#1#6#2#PIERCING
2B22 : MELEE#SWORD#10#3#19#1#6#2#PIERCING

2B23 : O
2B24 : O
2B25 : O
2B26 : O
2B27 : O
2B28 : X
2B29 : O
2B30 : O
2B31 : O
2B32 : O
2B33 : O
2B34 : O
2B35 : O
2B36 : O
2B37 : O

2B38 : ELF#WIZ#ADEAK#(1,2)#18#[15#8#11#10#10#15]#(CONCENTRATION,HIDE,USE MAGIC DEVICES)##DAGGER#
	10#76000#27#(QUARTER STAFF)#
2B39 : HALFELF#CLR#PANROS#(1,2)#47#[6#11#10#6#7#11]#(HEAL,USE MAGIC DEVICES)#SMALL WOODEN SHIELD#LONG SWORD#
	10#76000#28#()#
2B40 : ORC#ROG#KEVKUL#(1,2)#35#[5#8#5#13#16#12]#(BLUFF,CLIMB,HIDE)#LEATHER#RAPIER#
	10#76000#27#(SHORT BOW)#
2B41 : HUMAN#FTR#JAMIAN#(1,2)#44#[8#11#9#13#13#8]#(INTIMIDATE,SWIM)#LARGE WOODEN SHIELD#SWORD#
	10#76000#29#()#


**After Move #2:

2A1  : (1,2):24#[]##0#OH my, experiencing a polymorph encounter
2A2  : (1,0):15#[ADEAK,JAMIAN,KEVKUL,PANROS]##0#OH my, encountered destruction
2A3  : ELF#WIZ#ADEAK#(1,0)#18#[15#8#11#10#10#15]#(CONCENTRATION,HIDE,USE MAGIC DEVICES)##DAGGER#
	10#76000#27#(QUARTER STAFF)#
2A4  : HALFELF#CLR#PANROS#(1,0)#47#[6#11#10#6#7#11]#(HEAL,USE MAGIC DEVICES)#SMALL WOODEN SHIELD#LONG SWORD#
	10#76000#28#()#
2A5  : ORC#ROG#KEVKUL#(1,0)#35#[5#8#5#13#16#12]#(BLUFF,CLIMB,HIDE)#LEATHER#RAPIER#
	10#76000#27#(SHORT BOW)#
2A6  : HUMAN#FTR#JAMIAN#(1,0)#44#[8#11#9#13#13#8]#(INTIMIDATE,SWIM)#LARGE WOODEN SHIELD#SWORD#
	10#76000#29#()#



**After Healing #2:

2H1  : ADEAK
2H2  : JAMIAN
2H3  : KEVKUL
2H4  : PANROS

2H5  : ELF#WIZ#ADEAK#(1,0)#18#[15#8#11#10#10#15]#(CONCENTRATION,HIDE,USE MAGIC DEVICES)##DAGGER#
	10#76000#27#(QUARTER STAFF)#
2H6  : HALFELF#CLR#PANROS#(1,0)#47#[6#11#10#6#7#11]#(HEAL,USE MAGIC DEVICES)#SMALL WOODEN SHIELD#LONG SWORD#
	10#76000#28#()#
2H7  : ORC#ROG#KEVKUL#(1,0)#35#[5#8#5#13#16#12]#(BLUFF,CLIMB,HIDE)#LEATHER#RAPIER#
	10#76000#27#(SHORT BOW)#
2H8  : HUMAN#FTR#JAMIAN#(1,0)#44#[8#11#9#13#13#8]#(INTIMIDATE,SWIM)#LARGE WOODEN SHIELD#SWORD#
	10#76000#29#()#


*************************************************
Mission #3:
*************************************************

**Before Deployment for round #3:

3D1  : DAGGER : 4
3D2  : GLOCK 171 : 1
3D3  : GLOCK 201 : 2
3D4  : LEATHER JACKET : 1
3D5  : RIOT SHIELD : 1
3D6  : SHORT BOW : 1
3D7  : STUN GUN : 1
3D8  : SWORD : 3

3D9  : MELEE#DAGGER#5#2#20#1#4#1#PIERCING
3D10 : MELEE#DAGGER#5#2#20#1#4#1#PIERCING
3D11 : MELEE#DAGGER#5#2#20#1#4#1#PIERCING
3D12 : MELEE#DAGGER#5#2#20#1#4#1#PIERCING
3D13 : RANGE#GLOCK 171#18#2#20#2#6#2#BALLISTIC
3D14 : RANGE#GLOCK 201#18#3#20#2#6#2#BALLISTIC
3D15 : RANGE#GLOCK 201#18#3#20#2#6#2#BALLISTIC
3D16 : ARMOR#LEATHER JACKET#10#4#0#1#30#LEATHER
3D17 : ARMOR#RIOT SHIELD#10#6#-1#3#30#PLATE
3D18 : MELEE#SHORT BOW#10#6#20#2#6#3#PIERCING
3D19 : MELEE#STUN GUN#5#1#20#1#3#1#ENERGY
3D20 : MELEE#SWORD#10#3#19#1#6#2#PIERCING
3D21 : MELEE#SWORD#10#3#19#1#6#2#PIERCING
3D22 : MELEE#SWORD#10#3#19#1#6#2#PIERCING


**Before Move #3:

3B1  : DAGGER : 4
3B2  : GLOCK 171 : 1
3B3  : GLOCK 201 : 2
3B4  : LEATHER JACKET : 1
3B5  : LONG SWORD : 1
3B6  : RIOT SHIELD : 1
3B7  : SHORT BOW : 1
3B8  : SWORD : 3

3B9  : MELEE#DAGGER#5#2#20#1#4#1#PIERCING
3B10 : MELEE#DAGGER#5#2#20#1#4#1#PIERCING
3B11 : MELEE#DAGGER#5#2#20#1#4#1#PIERCING
3B12 : MELEE#DAGGER#5#2#20#1#4#1#PIERCING
3B13 : RANGE#GLOCK 171#18#2#20#2#6#2#BALLISTIC
3B14 : RANGE#GLOCK 201#18#3#20#2#6#2#BALLISTIC
3B15 : RANGE#GLOCK 201#18#3#20#2#6#2#BALLISTIC
3B16 : ARMOR#LEATHER JACKET#10#4#0#1#30#LEATHER
3B17 : MELEE#LONG SWORD#11#4#19#1#8#3#SLASHING
3B18 : ARMOR#RIOT SHIELD#10#6#-1#3#30#PLATE
3B19 : MELEE#SHORT BOW#10#6#20#2#6#3#PIERCING
3B20 : MELEE#SWORD#10#3#19#1#6#2#PIERCING
3B21 : MELEE#SWORD#10#3#19#1#6#2#PIERCING
3B22 : MELEE#SWORD#10#3#19#1#6#2#PIERCING

3B23 : O
3B24 : O
3B25 : O
3B26 : X
3B27 : O
3B28 : O
3B29 : O
3B30 : O
3B31 : O
3B32 : O
3B33 : O
3B34 : O
3B35 : O
3B36 : O
3B37 : O

3B38 : HALFELF#CLR#PANROS#(1,0)#47#[6#11#10#6#7#11]#(HEAL,USE MAGIC DEVICES)#SMALL WOODEN SHIELD#STUN GUN#
	10#76000#28#()#
3B39 : ORC#ROG#KEVKUL#(1,0)#35#[5#8#5#13#16#12]#(BLUFF,CLIMB,HIDE)#LEATHER#RAPIER#
	10#76000#27#(SHORT BOW)#
3B40 : HUMAN#FTR#JAMIAN#(1,0)#44#[8#11#9#13#13#8]#(INTIMIDATE,SWIM)#LARGE WOODEN SHIELD#SWORD#
	10#76000#29#()#
3B41 : ELF#WIZ#ADEAK#(1,0)#18#[15#8#11#10#10#15]#(CONCENTRATION,HIDE,USE MAGIC DEVICES)##DAGGER#
	10#76000#27#(QUARTER STAFF)#


**After Move #3:

3A1  : (1,0):15#[]##0#OH my, encountered destruction
3A2  : (4,0):73#[ADEAK,JAMIAN,KEVKUL,PANROS]#SPEAR#0#stumbled onto a chest of equipment -need Open Lock skillck
3A3  : HALFELF#CLR#PANROS#(4,0)#47#[6#11#10#6#7#11]#(HEAL,USE MAGIC DEVICES)#SMALL WOODEN SHIELD#STUN GUN#
	10#76000#28#()#
3A4  : ORC#ROG#KEVKUL#(4,0)#35#[5#8#5#13#16#12]#(BLUFF,CLIMB,HIDE)#LEATHER#RAPIER#
	10#76000#27#(SHORT BOW)#
3A5  : HUMAN#FTR#JAMIAN#(4,0)#44#[8#11#9#13#13#8]#(INTIMIDATE,SWIM)#LARGE WOODEN SHIELD#SWORD#
	10#76000#29#()#
3A6  : ELF#WIZ#ADEAK#(4,0)#18#[15#8#11#10#10#15]#(CONCENTRATION,HIDE,USE MAGIC DEVICES)##DAGGER#
	10#76000#27#(QUARTER STAFF)#



**After Healing #3:

3H1  : ADEAK
3H2  : JAMIAN
3H3  : KEVKUL
3H4  : PANROS

3H5  : HALFELF#CLR#PANROS#(4,0)#47#[6#11#10#6#7#11]#(HEAL,USE MAGIC DEVICES)#SMALL WOODEN SHIELD#STUN GUN#
	10#76000#28#()#
3H6  : ORC#ROG#KEVKUL#(4,0)#35#[5#8#5#13#16#12]#(BLUFF,CLIMB,HIDE)#LEATHER#RAPIER#
	10#76000#27#(SHORT BOW)#
3H7  : HUMAN#FTR#JAMIAN#(4,0)#44#[8#11#9#13#13#8]#(INTIMIDATE,SWIM)#LARGE WOODEN SHIELD#SWORD#
	10#76000#29#()#
3H8  : ELF#WIZ#ADEAK#(4,0)#18#[15#8#11#10#10#15]#(CONCENTRATION,HIDE,USE MAGIC DEVICES)##DAGGER#
	10#76000#27#(QUARTER STAFF)#


*************************************************
Mission #4:
*************************************************

**Before Deployment for round #4:

4D1  : DAGGER : 4
4D2  : GLOCK 171 : 1
4D3  : GLOCK 201 : 2
4D4  : LEATHER JACKET : 1
4D5  : LONG SWORD : 1
4D6  : RIOT SHIELD : 1
4D7  : SHORT BOW : 1
4D8  : SWORD : 3

4D9  : MELEE#DAGGER#5#2#20#1#4#1#PIERCING
4D10 : MELEE#DAGGER#5#2#20#1#4#1#PIERCING
4D11 : MELEE#DAGGER#5#2#20#1#4#1#PIERCING
4D12 : MELEE#DAGGER#5#2#20#1#4#1#PIERCING
4D13 : RANGE#GLOCK 171#18#2#20#2#6#2#BALLISTIC
4D14 : RANGE#GLOCK 201#18#3#20#2#6#2#BALLISTIC
4D15 : RANGE#GLOCK 201#18#3#20#2#6#2#BALLISTIC
4D16 : ARMOR#LEATHER JACKET#10#4#0#1#30#LEATHER
4D17 : MELEE#LONG SWORD#11#4#19#1#8#3#SLASHING
4D18 : ARMOR#RIOT SHIELD#10#6#-1#3#30#PLATE
4D19 : MELEE#SHORT BOW#10#6#20#2#6#3#PIERCING
4D20 : MELEE#SWORD#10#3#19#1#6#2#PIERCING
4D21 : MELEE#SWORD#10#3#19#1#6#2#PIERCING
4D22 : MELEE#SWORD#10#3#19#1#6#2#PIERCING


**Before Move #4:

4B1  : DAGGER : 4
4B2  : GLOCK 171 : 1
4B3  : GLOCK 201 : 1
4B4  : LEATHER JACKET : 1
4B5  : LONG SWORD : 1
4B6  : RAPIER : 1
4B7  : RIOT SHIELD : 1
4B8  : SHORT BOW : 1
4B9  : SWORD : 3

4B10 : MELEE#DAGGER#5#2#20#1#4#1#PIERCING
4B11 : MELEE#DAGGER#5#2#20#1#4#1#PIERCING
4B12 : MELEE#DAGGER#5#2#20#1#4#1#PIERCING
4B13 : MELEE#DAGGER#5#2#20#1#4#1#PIERCING
4B14 : RANGE#GLOCK 171#18#2#20#2#6#2#BALLISTIC
4B15 : RANGE#GLOCK 201#18#3#20#2#6#2#BALLISTIC
4B16 : ARMOR#LEATHER JACKET#10#4#0#1#30#LEATHER
4B17 : MELEE#LONG SWORD#11#4#19#1#8#3#SLASHING
4B18 : MELEE#RAPIER#10#3#18#1#6#3#PIERCING
4B19 : ARMOR#RIOT SHIELD#10#6#-1#3#30#PLATE
4B20 : MELEE#SHORT BOW#10#6#20#2#6#3#PIERCING
4B21 : MELEE#SWORD#10#3#19#1#6#2#PIERCING
4B22 : MELEE#SWORD#10#3#19#1#6#2#PIERCING
4B23 : MELEE#SWORD#10#3#19#1#6#2#PIERCING

4B24 : O
4B25 : O
4B26 : O
4B27 : O
4B28 : O
4B29 : O
4B30 : O
4B31 : O
4B32 : O
4B33 : O
4B34 : O
4B35 : O
4B36 : X
4B37 : O
4B38 : O

4B39 : ORC#ROG#KEVKUL#(4,0)#35#[5#8#5#13#16#12]#(BLUFF,CLIMB,HIDE)#LEATHER#GLOCK 201#
	10#76000#27#(SHORT BOW)#
4B40 : HUMAN#FTR#JAMIAN#(4,0)#44#[8#11#9#13#13#8]#(INTIMIDATE,SWIM)#LARGE WOODEN SHIELD#SWORD#
	10#76000#29#()#
4B41 : ELF#WIZ#ADEAK#(4,0)#18#[15#8#11#10#10#15]#(CONCENTRATION,HIDE,USE MAGIC DEVICES)##DAGGER#
	10#76000#27#(QUARTER STAFF)#
4B42 : HALFELF#CLR#PANROS#(4,0)#47#[6#11#10#6#7#11]#(HEAL,USE MAGIC DEVICES)#SMALL WOODEN SHIELD#STUN GUN#
	10#76000#28#()#


**After Move #4:

4A1  : (4,0):73#[]#SPEAR#0#stumbled onto a chest of equipment -need Open Lock skillck
4A2  : (2,0):27#[ADEAK,JAMIAN,KEVKUL,PANROS]##0#A merchant is selling a Great club
4A3  : ORC#ROG#KEVKUL#(2,0)#35#[5#8#5#13#16#12]#(BLUFF,CLIMB,HIDE)#LEATHER#GREAT CLUB#
	10#76000#21#(GLOCK 201,SHORT BOW)#
4A4  : HUMAN#FTR#JAMIAN#(2,0)#44#[8#11#9#13#13#8]#(INTIMIDATE,SWIM)#LARGE WOODEN SHIELD#SWORD#
	10#76000#29#()#
4A5  : ELF#WIZ#ADEAK#(2,0)#18#[15#8#11#10#10#15]#(CONCENTRATION,HIDE,USE MAGIC DEVICES)##DAGGER#
	10#76000#27#(QUARTER STAFF)#
4A6  : HALFELF#CLR#PANROS#(2,0)#47#[6#11#10#6#7#11]#(HEAL,USE MAGIC DEVICES)#SMALL WOODEN SHIELD#STUN GUN#
	10#76000#28#()#



**After Healing #4:

4H1  : ADEAK
4H2  : JAMIAN
4H3  : KEVKUL
4H4  : PANROS

4H5  : ORC#ROG#KEVKUL#(2,0)#35#[5#8#5#13#16#12]#(BLUFF,CLIMB,HIDE)#LEATHER#GREAT CLUB#
	10#76000#21#(GLOCK 201,SHORT BOW)#
4H6  : HUMAN#FTR#JAMIAN#(2,0)#44#[8#11#9#13#13#8]#(INTIMIDATE,SWIM)#LARGE WOODEN SHIELD#SWORD#
	10#76000#29#()#
4H7  : ELF#WIZ#ADEAK#(2,0)#18#[15#8#11#10#10#15]#(CONCENTRATION,HIDE,USE MAGIC DEVICES)##DAGGER#
	10#76000#27#(QUARTER STAFF)#
4H8  : HALFELF#CLR#PANROS#(2,0)#47#[6#11#10#6#7#11]#(HEAL,USE MAGIC DEVICES)#SMALL WOODEN SHIELD#STUN GUN#
	10#76000#28#()#


*************************************************
Mission #5:
*************************************************

**Before Deployment for round #5:

5D1  : DAGGER : 4
5D2  : GLOCK 171 : 1
5D3  : GLOCK 201 : 1
5D4  : LEATHER JACKET : 1
5D5  : LONG SWORD : 1
5D6  : RAPIER : 1
5D7  : RIOT SHIELD : 1
5D8  : SHORT BOW : 1
5D9  : SWORD : 3

5D10 : MELEE#DAGGER#5#2#20#1#4#1#PIERCING
5D11 : MELEE#DAGGER#5#2#20#1#4#1#PIERCING
5D12 : MELEE#DAGGER#5#2#20#1#4#1#PIERCING
5D13 : MELEE#DAGGER#5#2#20#1#4#1#PIERCING
5D14 : RANGE#GLOCK 171#18#2#20#2#6#2#BALLISTIC
5D15 : RANGE#GLOCK 201#18#3#20#2#6#2#BALLISTIC
5D16 : ARMOR#LEATHER JACKET#10#4#0#1#30#LEATHER
5D17 : MELEE#LONG SWORD#11#4#19#1#8#3#SLASHING
5D18 : MELEE#RAPIER#10#3#18#1#6#3#PIERCING
5D19 : ARMOR#RIOT SHIELD#10#6#-1#3#30#PLATE
5D20 : MELEE#SHORT BOW#10#6#20#2#6#3#PIERCING
5D21 : MELEE#SWORD#10#3#19#1#6#2#PIERCING
5D22 : MELEE#SWORD#10#3#19#1#6#2#PIERCING
5D23 : MELEE#SWORD#10#3#19#1#6#2#PIERCING


**Before Move #5:

5B1  : DAGGER : 4
5B2  : GLOCK 171 : 1
5B3  : GLOCK 201 : 1
5B4  : LARGE WOODEN SHIELD : 1
5B5  : LEATHER JACKET : 1
5B6  : LONG SWORD : 1
5B7  : RAPIER : 1
5B8  : SHORT BOW : 1
5B9  : SWORD : 3

5B10 : MELEE#DAGGER#5#2#20#1#4#1#PIERCING
5B11 : MELEE#DAGGER#5#2#20#1#4#1#PIERCING
5B12 : MELEE#DAGGER#5#2#20#1#4#1#PIERCING
5B13 : MELEE#DAGGER#5#2#20#1#4#1#PIERCING
5B14 : RANGE#GLOCK 171#18#2#20#2#6#2#BALLISTIC
5B15 : RANGE#GLOCK 201#18#3#20#2#6#2#BALLISTIC
5B16 : ARMOR#LARGE WOODEN SHIELD#7#15#-2#2#30#PLATE
5B17 : ARMOR#LEATHER JACKET#10#4#0#1#30#LEATHER
5B18 : MELEE#LONG SWORD#11#4#19#1#8#3#SLASHING
5B19 : MELEE#RAPIER#10#3#18#1#6#3#PIERCING
5B20 : MELEE#SHORT BOW#10#6#20#2#6#3#PIERCING
5B21 : MELEE#SWORD#10#3#19#1#6#2#PIERCING
5B22 : MELEE#SWORD#10#3#19#1#6#2#PIERCING
5B23 : MELEE#SWORD#10#3#19#1#6#2#PIERCING

5B24 : O
5B25 : O
5B26 : O
5B27 : O
5B28 : O
5B29 : O
5B30 : X
5B31 : O
5B32 : O
5B33 : O
5B34 : O
5B35 : O
5B36 : O
5B37 : O
5B38 : O

5B39 : HUMAN#FTR#JAMIAN#(2,0)#44#[8#11#9#13#13#8]#(INTIMIDATE,SWIM)#RIOT SHIELD#SWORD#
	10#76000#29#()#
5B40 : ELF#WIZ#ADEAK#(2,0)#18#[15#8#11#10#10#15]#(CONCENTRATION,HIDE,USE MAGIC DEVICES)##DAGGER#
	10#76000#27#(QUARTER STAFF)#
5B41 : HALFELF#CLR#PANROS#(2,0)#47#[6#11#10#6#7#11]#(HEAL,USE MAGIC DEVICES)#SMALL WOODEN SHIELD#STUN GUN#
	10#76000#28#()#
5B42 : ORC#ROG#KEVKUL#(2,0)#35#[5#8#5#13#16#12]#(BLUFF,CLIMB,HIDE)#LEATHER#GREAT CLUB#
	10#76000#21#(GLOCK 201,SHORT BOW)#


**After Move #5:

5A1  : (2,0):27#[]##0#A merchant is selling a Great club
5A2  : (3,0):62#[ADEAK,JAMIAN,KEVKUL,PANROS]##0#Leader falls into a hole, hits head and suffers Amnesia
5A3  : HUMAN#FTR#JAMIAN#(3,0)#44#[8#11#9#13#13#8]#()#RIOT SHIELD#SWORD#
	10#76000#29#()#
5A4  : ELF#WIZ#ADEAK#(3,0)#18#[15#8#11#10#10#15]#(CONCENTRATION,HIDE,USE MAGIC DEVICES)##DAGGER#
	10#76000#27#(QUARTER STAFF)#
5A5  : HALFELF#CLR#PANROS#(3,0)#47#[6#11#10#6#7#11]#(HEAL,USE MAGIC DEVICES)#SMALL WOODEN SHIELD#STUN GUN#
	10#76000#28#()#
5A6  : ORC#ROG#KEVKUL#(3,0)#35#[5#8#5#13#16#12]#(BLUFF,CLIMB,HIDE)#LEATHER#GREAT CLUB#
	10#76000#21#(GLOCK 201,SHORT BOW)#



**After Healing #5:

5H1  : ADEAK
5H2  : JAMIAN
5H3  : KEVKUL
5H4  : PANROS

5H5  : HUMAN#FTR#JAMIAN#(3,0)#44#[8#11#9#13#13#8]#()#RIOT SHIELD#SWORD#
	10#76000#29#()#
5H6  : ELF#WIZ#ADEAK#(3,0)#18#[15#8#11#10#10#15]#(CONCENTRATION,HIDE,USE MAGIC DEVICES)##DAGGER#
	10#76000#27#(QUARTER STAFF)#
5H7  : HALFELF#CLR#PANROS#(3,0)#47#[6#11#10#6#7#11]#(HEAL,USE MAGIC DEVICES)#SMALL WOODEN SHIELD#STUN GUN#
	10#76000#28#()#
5H8  : ORC#ROG#KEVKUL#(3,0)#35#[5#8#5#13#16#12]#(BLUFF,CLIMB,HIDE)#LEATHER#GREAT CLUB#
	10#76000#21#(GLOCK 201,SHORT BOW)#


*************************************************
Mission #6:
*************************************************

**Before Deployment for round #6:

6D1  : DAGGER : 4
6D2  : GLOCK 171 : 1
6D3  : GLOCK 201 : 1
6D4  : LARGE WOODEN SHIELD : 1
6D5  : LEATHER JACKET : 1
6D6  : LONG SWORD : 1
6D7  : RAPIER : 1
6D8  : SHORT BOW : 1
6D9  : SWORD : 3

6D10 : MELEE#DAGGER#5#2#20#1#4#1#PIERCING
6D11 : MELEE#DAGGER#5#2#20#1#4#1#PIERCING
6D12 : MELEE#DAGGER#5#2#20#1#4#1#PIERCING
6D13 : MELEE#DAGGER#5#2#20#1#4#1#PIERCING
6D14 : RANGE#GLOCK 171#18#2#20#2#6#2#BALLISTIC
6D15 : RANGE#GLOCK 201#18#3#20#2#6#2#BALLISTIC
6D16 : ARMOR#LARGE WOODEN SHIELD#7#15#-2#2#30#PLATE
6D17 : ARMOR#LEATHER JACKET#10#4#0#1#30#LEATHER
6D18 : MELEE#LONG SWORD#11#4#19#1#8#3#SLASHING
6D19 : MELEE#RAPIER#10#3#18#1#6#3#PIERCING
6D20 : MELEE#SHORT BOW#10#6#20#2#6#3#PIERCING
6D21 : MELEE#SWORD#10#3#19#1#6#2#PIERCING
6D22 : MELEE#SWORD#10#3#19#1#6#2#PIERCING
6D23 : MELEE#SWORD#10#3#19#1#6#2#PIERCING


**Before Move #6:

6B1  : DAGGER : 4
6B2  : GLOCK 171 : 1
6B3  : GLOCK 201 : 1
6B4  : LARGE WOODEN SHIELD : 1
6B5  : LEATHER JACKET : 1
6B6  : LONG SWORD : 1
6B7  : RAPIER : 1
6B8  : SHORT BOW : 1
6B9  : SWORD : 3

6B10 : MELEE#DAGGER#5#2#20#1#4#1#PIERCING
6B11 : MELEE#DAGGER#5#2#20#1#4#1#PIERCING
6B12 : MELEE#DAGGER#5#2#20#1#4#1#PIERCING
6B13 : MELEE#DAGGER#5#2#20#1#4#1#PIERCING
6B14 : RANGE#GLOCK 171#18#2#20#2#6#2#BALLISTIC
6B15 : RANGE#GLOCK 201#18#3#20#2#6#2#BALLISTIC
6B16 : ARMOR#LARGE WOODEN SHIELD#7#15#-2#2#30#PLATE
6B17 : ARMOR#LEATHER JACKET#10#4#0#1#30#LEATHER
6B18 : MELEE#LONG SWORD#11#4#19#1#8#3#SLASHING
6B19 : MELEE#RAPIER#10#3#18#1#6#3#PIERCING
6B20 : MELEE#SHORT BOW#10#6#20#2#6#3#PIERCING
6B21 : MELEE#SWORD#10#3#19#1#6#2#PIERCING
6B22 : MELEE#SWORD#10#3#19#1#6#2#PIERCING
6B23 : MELEE#SWORD#10#3#19#1#6#2#PIERCING

6B24 : O
6B25 : O
6B26 : O
6B27 : O
6B28 : O
6B29 : O
6B30 : O
6B31 : O
6B32 : O
6B33 : X
6B34 : O
6B35 : O
6B36 : O
6B37 : O
6B38 : O

6B39 : ELF#WIZ#ADEAK#(3,0)#18#[15#8#11#10#10#15]#(CONCENTRATION,HIDE,USE MAGIC DEVICES)##DAGGER#
	10#76000#27#(QUARTER STAFF)#
6B40 : HALFELF#CLR#PANROS#(3,0)#47#[6#11#10#6#7#11]#(HEAL,USE MAGIC DEVICES)#SMALL WOODEN SHIELD#STUN GUN#
	10#76000#28#()#
6B41 : ORC#ROG#KEVKUL#(3,0)#35#[5#8#5#13#16#12]#(BLUFF,CLIMB,HIDE)#LEATHER#GREAT CLUB#
	10#76000#21#(GLOCK 201,SHORT BOW)#
6B42 : HUMAN#FTR#JAMIAN#(3,0)#44#[8#11#9#13#13#8]#()#RIOT SHIELD#SWORD#
	10#76000#29#()#


**After Move #6:

6A1  : (3,0):62#[]##0#Leader falls into a hole, hits head and suffers Amnesia
6A2  : (2,0):27#[ADEAK,JAMIAN,KEVKUL,PANROS]##0#A merchant is selling a Great club
6A3  : ELF#WIZ#ADEAK#(2,0)#18#[15#8#11#10#10#15]#(CONCENTRATION,HIDE,USE MAGIC DEVICES)##DAGGER#
	10#76000#27#(QUARTER STAFF)#
6A4  : HALFELF#CLR#PANROS#(2,0)#47#[6#11#10#6#7#11]#(HEAL,USE MAGIC DEVICES)#SMALL WOODEN SHIELD#STUN GUN#
	10#76000#28#()#
6A5  : ORC#ROG#KEVKUL#(2,0)#35#[5#8#5#13#16#12]#(BLUFF,CLIMB,HIDE)#LEATHER#GREAT CLUB#
	10#76000#21#(GLOCK 201,SHORT BOW)#
6A6  : HUMAN#FTR#JAMIAN#(2,0)#44#[8#11#9#13#13#8]#()#RIOT SHIELD#SWORD#
	10#76000#29#()#



**After Healing #6:

6H1  : ADEAK
6H2  : JAMIAN
6H3  : KEVKUL
6H4  : PANROS

6H5  : ELF#WIZ#ADEAK#(2,0)#18#[15#8#11#10#10#15]#(CONCENTRATION,HIDE,USE MAGIC DEVICES)##DAGGER#
	10#76000#27#(QUARTER STAFF)#
6H6  : HALFELF#CLR#PANROS#(2,0)#47#[6#11#10#6#7#11]#(HEAL,USE MAGIC DEVICES)#SMALL WOODEN SHIELD#STUN GUN#
	10#76000#28#()#
6H7  : ORC#ROG#KEVKUL#(2,0)#35#[5#8#5#13#16#12]#(BLUFF,CLIMB,HIDE)#LEATHER#GREAT CLUB#
	10#76000#21#(GLOCK 201,SHORT BOW)#
6H8  : HUMAN#FTR#JAMIAN#(2,0)#44#[8#11#9#13#13#8]#()#RIOT SHIELD#SWORD#
	10#76000#29#()#


*************************************************
Mission #7:
*************************************************

**Before Deployment for round #7:

7D1  : DAGGER : 4
7D2  : GLOCK 171 : 1
7D3  : GLOCK 201 : 1
7D4  : LARGE WOODEN SHIELD : 1
7D5  : LEATHER JACKET : 1
7D6  : LONG SWORD : 1
7D7  : RAPIER : 1
7D8  : SHORT BOW : 1
7D9  : SWORD : 3

7D10 : MELEE#DAGGER#5#2#20#1#4#1#PIERCING
7D11 : MELEE#DAGGER#5#2#20#1#4#1#PIERCING
7D12 : MELEE#DAGGER#5#2#20#1#4#1#PIERCING
7D13 : MELEE#DAGGER#5#2#20#1#4#1#PIERCING
7D14 : RANGE#GLOCK 171#18#2#20#2#6#2#BALLISTIC
7D15 : RANGE#GLOCK 201#18#3#20#2#6#2#BALLISTIC
7D16 : ARMOR#LARGE WOODEN SHIELD#7#15#-2#2#30#PLATE
7D17 : ARMOR#LEATHER JACKET#10#4#0#1#30#LEATHER
7D18 : MELEE#LONG SWORD#11#4#19#1#8#3#SLASHING
7D19 : MELEE#RAPIER#10#3#18#1#6#3#PIERCING
7D20 : MELEE#SHORT BOW#10#6#20#2#6#3#PIERCING
7D21 : MELEE#SWORD#10#3#19#1#6#2#PIERCING
7D22 : MELEE#SWORD#10#3#19#1#6#2#PIERCING
7D23 : MELEE#SWORD#10#3#19#1#6#2#PIERCING


**Before Move #7:

7B1  : DAGGER : 4
7B2  : GLOCK 171 : 1
7B3  : GLOCK 201 : 1
7B4  : LARGE WOODEN SHIELD : 1
7B5  : LEATHER JACKET : 1
7B6  : LONG SWORD : 1
7B7  : RAPIER : 1
7B8  : STUN GUN : 1
7B9  : SWORD : 3

7B10 : MELEE#DAGGER#5#2#20#1#4#1#PIERCING
7B11 : MELEE#DAGGER#5#2#20#1#4#1#PIERCING
7B12 : MELEE#DAGGER#5#2#20#1#4#1#PIERCING
7B13 : MELEE#DAGGER#5#2#20#1#4#1#PIERCING
7B14 : RANGE#GLOCK 171#18#2#20#2#6#2#BALLISTIC
7B15 : RANGE#GLOCK 201#18#3#20#2#6#2#BALLISTIC
7B16 : ARMOR#LARGE WOODEN SHIELD#7#15#-2#2#30#PLATE
7B17 : ARMOR#LEATHER JACKET#10#4#0#1#30#LEATHER
7B18 : MELEE#LONG SWORD#11#4#19#1#8#3#SLASHING
7B19 : MELEE#RAPIER#10#3#18#1#6#3#PIERCING
7B20 : MELEE#STUN GUN#5#1#20#1#3#1#ENERGY
7B21 : MELEE#SWORD#10#3#19#1#6#2#PIERCING
7B22 : MELEE#SWORD#10#3#19#1#6#2#PIERCING
7B23 : MELEE#SWORD#10#3#19#1#6#2#PIERCING

7B24 : O
7B25 : O
7B26 : O
7B27 : O
7B28 : O
7B29 : O
7B30 : X
7B31 : O
7B32 : O
7B33 : O
7B34 : O
7B35 : O
7B36 : O
7B37 : O
7B38 : O

7B39 : HALFELF#CLR#PANROS#(2,0)#47#[6#11#10#6#7#11]#(HEAL,USE MAGIC DEVICES)#SMALL WOODEN SHIELD#SHORT BOW#
	10#76000#28#()#
7B40 : ORC#ROG#KEVKUL#(2,0)#35#[5#8#5#13#16#12]#(BLUFF,CLIMB,HIDE)#LEATHER#GREAT CLUB#
	10#76000#21#(GLOCK 201,SHORT BOW)#
7B41 : HUMAN#FTR#JAMIAN#(2,0)#44#[8#11#9#13#13#8]#()#RIOT SHIELD#SWORD#
	10#76000#29#()#
7B42 : ELF#WIZ#ADEAK#(2,0)#18#[15#8#11#10#10#15]#(CONCENTRATION,HIDE,USE MAGIC DEVICES)##DAGGER#
	10#76000#27#(QUARTER STAFF)#


**After Move #7:

7A1  : (2,0):27#[]##0#A merchant is selling a Great club
7A2  : (2,2):57#[ADEAK,JAMIAN,KEVKUL,PANROS]##0#Learn and  achieve the skill of Spot
7A3  : HALFELF#CLR#PANROS#(2,2)#47#[6#11#10#6#7#11]#(HEAL,SPOT,USE MAGIC DEVICES)#SMALL WOODEN SHIELD#SHORT BOW#
	10#76000#28#()#
7A4  : ORC#ROG#KEVKUL#(2,2)#35#[5#8#5#13#16#12]#(BLUFF,CLIMB,HIDE)#LEATHER#GREAT CLUB#
	10#76000#21#(GLOCK 201,SHORT BOW)#
7A5  : HUMAN#FTR#JAMIAN#(2,2)#44#[8#11#9#13#13#8]#()#RIOT SHIELD#SWORD#
	10#76000#29#()#
7A6  : ELF#WIZ#ADEAK#(2,2)#18#[15#8#11#10#10#15]#(CONCENTRATION,HIDE,USE MAGIC DEVICES)##DAGGER#
	10#76000#27#(QUARTER STAFF)#



**After Healing #7:

7H1  : ADEAK
7H2  : JAMIAN
7H3  : KEVKUL
7H4  : PANROS

7H5  : HALFELF#CLR#PANROS#(2,2)#47#[6#11#10#6#7#11]#(HEAL,SPOT,USE MAGIC DEVICES)#SMALL WOODEN SHIELD#SHORT BOW#
	10#76000#28#()#
7H6  : ORC#ROG#KEVKUL#(2,2)#35#[5#8#5#13#16#12]#(BLUFF,CLIMB,HIDE)#LEATHER#GREAT CLUB#
	10#76000#21#(GLOCK 201,SHORT BOW)#
7H7  : HUMAN#FTR#JAMIAN#(2,2)#44#[8#11#9#13#13#8]#()#RIOT SHIELD#SWORD#
	10#76000#29#()#
7H8  : ELF#WIZ#ADEAK#(2,2)#18#[15#8#11#10#10#15]#(CONCENTRATION,HIDE,USE MAGIC DEVICES)##DAGGER#
	10#76000#27#(QUARTER STAFF)#


*************************************************
Mission #8:
*************************************************

**Before Deployment for round #8:

8D1  : DAGGER : 4
8D2  : GLOCK 171 : 1
8D3  : GLOCK 201 : 1
8D4  : LARGE WOODEN SHIELD : 1
8D5  : LEATHER JACKET : 1
8D6  : LONG SWORD : 1
8D7  : RAPIER : 1
8D8  : STUN GUN : 1
8D9  : SWORD : 3

8D10 : MELEE#DAGGER#5#2#20#1#4#1#PIERCING
8D11 : MELEE#DAGGER#5#2#20#1#4#1#PIERCING
8D12 : MELEE#DAGGER#5#2#20#1#4#1#PIERCING
8D13 : MELEE#DAGGER#5#2#20#1#4#1#PIERCING
8D14 : RANGE#GLOCK 171#18#2#20#2#6#2#BALLISTIC
8D15 : RANGE#GLOCK 201#18#3#20#2#6#2#BALLISTIC
8D16 : ARMOR#LARGE WOODEN SHIELD#7#15#-2#2#30#PLATE
8D17 : ARMOR#LEATHER JACKET#10#4#0#1#30#LEATHER
8D18 : MELEE#LONG SWORD#11#4#19#1#8#3#SLASHING
8D19 : MELEE#RAPIER#10#3#18#1#6#3#PIERCING
8D20 : MELEE#STUN GUN#5#1#20#1#3#1#ENERGY
8D21 : MELEE#SWORD#10#3#19#1#6#2#PIERCING
8D22 : MELEE#SWORD#10#3#19#1#6#2#PIERCING
8D23 : MELEE#SWORD#10#3#19#1#6#2#PIERCING


**Before Move #8:

8B1  : DAGGER : 3
8B2  : GLOCK 171 : 1
8B3  : GLOCK 201 : 1
8B4  : GREAT CLUB : 1
8B5  : LARGE WOODEN SHIELD : 1
8B6  : LEATHER JACKET : 1
8B7  : LONG SWORD : 1
8B8  : RAPIER : 1
8B9  : STUN GUN : 1
8B10 : SWORD : 3

8B11 : MELEE#DAGGER#5#2#20#1#4#1#PIERCING
8B12 : MELEE#DAGGER#5#2#20#1#4#1#PIERCING
8B13 : MELEE#DAGGER#5#2#20#1#4#1#PIERCING
8B14 : RANGE#GLOCK 171#18#2#20#2#6#2#BALLISTIC
8B15 : RANGE#GLOCK 201#18#3#20#2#6#2#BALLISTIC
8B16 : MELEE#GREAT CLUB#6#10#20#1#10#4#BLUDGEONING
8B17 : ARMOR#LARGE WOODEN SHIELD#7#15#-2#2#30#PLATE
8B18 : ARMOR#LEATHER JACKET#10#4#0#1#30#LEATHER
8B19 : MELEE#LONG SWORD#11#4#19#1#8#3#SLASHING
8B20 : MELEE#RAPIER#10#3#18#1#6#3#PIERCING
8B21 : MELEE#STUN GUN#5#1#20#1#3#1#ENERGY
8B22 : MELEE#SWORD#10#3#19#1#6#2#PIERCING
8B23 : MELEE#SWORD#10#3#19#1#6#2#PIERCING
8B24 : MELEE#SWORD#10#3#19#1#6#2#PIERCING

8B25 : O
8B26 : O
8B27 : O
8B28 : O
8B29 : O
8B30 : O
8B31 : O
8B32 : O
8B33 : X
8B34 : O
8B35 : O
8B36 : O
8B37 : O
8B38 : O
8B39 : O

8B40 : ORC#ROG#KEVKUL#(2,2)#35#[5#8#5#13#16#12]#(BLUFF,CLIMB,HIDE)#LEATHER#DAGGER#
	10#76000#21#(GLOCK 201,SHORT BOW)#
8B41 : HUMAN#FTR#JAMIAN#(2,2)#44#[8#11#9#13#13#8]#()#RIOT SHIELD#SWORD#
	10#76000#29#()#
8B42 : ELF#WIZ#ADEAK#(2,2)#18#[15#8#11#10#10#15]#(CONCENTRATION,HIDE,USE MAGIC DEVICES)##DAGGER#
	10#76000#27#(QUARTER STAFF)#
8B43 : HALFELF#CLR#PANROS#(2,2)#47#[6#11#10#6#7#11]#(HEAL,SPOT,USE MAGIC DEVICES)#SMALL WOODEN SHIELD#SHORT BOW#
	10#76000#28#()#


**After Move #8:

8A1  : (2,2):57#[]##0#Learn and  achieve the skill of Spot
8A2  : (2,1):38#[ADEAK,JAMIAN,KEVKUL,PANROS]##0#A merchant is selling a Concealable vest
8A3  : ORC#ROG#KEVKUL#(2,1)#35#[5#8#5#13#16#12]#(BLUFF,CLIMB,HIDE)#CONCEALABLE VEST#DAGGER#
	10#76000#6#(GLOCK 201,LEATHER,SHORT BOW)#
8A4  : HUMAN#FTR#JAMIAN#(2,1)#44#[8#11#9#13#13#8]#()#RIOT SHIELD#SWORD#
	10#76000#29#()#
8A5  : ELF#WIZ#ADEAK#(2,1)#18#[15#8#11#10#10#15]#(CONCENTRATION,HIDE,USE MAGIC DEVICES)##DAGGER#
	10#76000#27#(QUARTER STAFF)#
8A6  : HALFELF#CLR#PANROS#(2,1)#47#[6#11#10#6#7#11]#(HEAL,SPOT,USE MAGIC DEVICES)#SMALL WOODEN SHIELD#SHORT BOW#
	10#76000#28#()#



**After Healing #8:

8H1  : ADEAK
8H2  : JAMIAN
8H3  : KEVKUL
8H4  : PANROS

8H5  : ORC#ROG#KEVKUL#(2,1)#35#[5#8#5#13#16#12]#(BLUFF,CLIMB,HIDE)#CONCEALABLE VEST#DAGGER#
	10#76000#6#(GLOCK 201,LEATHER,SHORT BOW)#
8H6  : HUMAN#FTR#JAMIAN#(2,1)#44#[8#11#9#13#13#8]#()#RIOT SHIELD#SWORD#
	10#76000#29#()#
8H7  : ELF#WIZ#ADEAK#(2,1)#18#[15#8#11#10#10#15]#(CONCENTRATION,HIDE,USE MAGIC DEVICES)##DAGGER#
	10#76000#27#(QUARTER STAFF)#
8H8  : HALFELF#CLR#PANROS#(2,1)#47#[6#11#10#6#7#11]#(HEAL,SPOT,USE MAGIC DEVICES)#SMALL WOODEN SHIELD#SHORT BOW#
	10#76000#28#()#


*************************************************
Mission #9:
*************************************************

**Before Deployment for round #9:

9D1  : DAGGER : 3
9D2  : GLOCK 171 : 1
9D3  : GLOCK 201 : 1
9D4  : GREAT CLUB : 1
9D5  : LARGE WOODEN SHIELD : 1
9D6  : LEATHER JACKET : 1
9D7  : LONG SWORD : 1
9D8  : RAPIER : 1
9D9  : STUN GUN : 1
9D10 : SWORD : 3

9D11 : MELEE#DAGGER#5#2#20#1#4#1#PIERCING
9D12 : MELEE#DAGGER#5#2#20#1#4#1#PIERCING
9D13 : MELEE#DAGGER#5#2#20#1#4#1#PIERCING
9D14 : RANGE#GLOCK 171#18#2#20#2#6#2#BALLISTIC
9D15 : RANGE#GLOCK 201#18#3#20#2#6#2#BALLISTIC
9D16 : MELEE#GREAT CLUB#6#10#20#1#10#4#BLUDGEONING
9D17 : ARMOR#LARGE WOODEN SHIELD#7#15#-2#2#30#PLATE
9D18 : ARMOR#LEATHER JACKET#10#4#0#1#30#LEATHER
9D19 : MELEE#LONG SWORD#11#4#19#1#8#3#SLASHING
9D20 : MELEE#RAPIER#10#3#18#1#6#3#PIERCING
9D21 : MELEE#STUN GUN#5#1#20#1#3#1#ENERGY
9D22 : MELEE#SWORD#10#3#19#1#6#2#PIERCING
9D23 : MELEE#SWORD#10#3#19#1#6#2#PIERCING
9D24 : MELEE#SWORD#10#3#19#1#6#2#PIERCING


**Before Move #9:

9B1  : DAGGER : 3
9B2  : GLOCK 171 : 1
9B3  : GLOCK 201 : 1
9B4  : GREAT CLUB : 1
9B5  : LARGE WOODEN SHIELD : 1
9B6  : LEATHER JACKET : 1
9B7  : RAPIER : 1
9B8  : STUN GUN : 1
9B9  : SWORD : 4

9B10 : MELEE#DAGGER#5#2#20#1#4#1#PIERCING
9B11 : MELEE#DAGGER#5#2#20#1#4#1#PIERCING
9B12 : MELEE#DAGGER#5#2#20#1#4#1#PIERCING
9B13 : RANGE#GLOCK 171#18#2#20#2#6#2#BALLISTIC
9B14 : RANGE#GLOCK 201#18#3#20#2#6#2#BALLISTIC
9B15 : MELEE#GREAT CLUB#6#10#20#1#10#4#BLUDGEONING
9B16 : ARMOR#LARGE WOODEN SHIELD#7#15#-2#2#30#PLATE
9B17 : ARMOR#LEATHER JACKET#10#4#0#1#30#LEATHER
9B18 : MELEE#RAPIER#10#3#18#1#6#3#PIERCING
9B19 : MELEE#STUN GUN#5#1#20#1#3#1#ENERGY
9B20 : MELEE#SWORD#10#3#19#1#6#2#PIERCING
9B21 : MELEE#SWORD#10#3#19#1#6#2#PIERCING
9B22 : MELEE#SWORD#10#3#19#1#6#2#PIERCING
9B23 : MELEE#SWORD#10#3#19#1#6#2#PIERCING

9B24 : O
9B25 : O
9B26 : O
9B27 : O
9B28 : O
9B29 : O
9B30 : O
9B31 : X
9B32 : O
9B33 : O
9B34 : O
9B35 : O
9B36 : O
9B37 : O
9B38 : O

9B39 : HUMAN#FTR#JAMIAN#(2,1)#44#[8#11#9#13#13#8]#()#RIOT SHIELD#LONG SWORD#
	10#76000#29#()#
9B40 : ELF#WIZ#ADEAK#(2,1)#18#[15#8#11#10#10#15]#(CONCENTRATION,HIDE,USE MAGIC DEVICES)##DAGGER#
	10#76000#27#(QUARTER STAFF)#
9B41 : HALFELF#CLR#PANROS#(2,1)#47#[6#11#10#6#7#11]#(HEAL,SPOT,USE MAGIC DEVICES)#SMALL WOODEN SHIELD#SHORT BOW#
	10#76000#28#()#
9B42 : ORC#ROG#KEVKUL#(2,1)#35#[5#8#5#13#16#12]#(BLUFF,CLIMB,HIDE)#CONCEALABLE VEST#DAGGER#
	10#76000#6#(GLOCK 201,LEATHER,SHORT BOW)#


**After Move #9:

9A1  : (2,1):38#[]##0#A merchant is selling a Concealable vest
9A2  : (1,1):20#[ADEAK,JAMIAN,KEVKUL,PANROS]##0#OH my, encountered  red dragon breath
9A3  : HUMAN#FTR#JAMIAN#(1,1)#39#[8#11#9#13#13#8]#()#RIOT SHIELD#LONG SWORD#
	10#76000#29#()#
9A4  : ELF#WIZ#ADEAK#(1,1)#18#[15#8#11#10#10#15]#(CONCENTRATION,HIDE,USE MAGIC DEVICES)##DAGGER#
	10#76000#27#(QUARTER STAFF)#
9A5  : HALFELF#CLR#PANROS#(1,1)#47#[6#11#10#6#7#11]#(HEAL,SPOT,USE MAGIC DEVICES)#SMALL WOODEN SHIELD#SHORT BOW#
	10#76000#28#()#
9A6  : ORC#ROG#KEVKUL#(1,1)#35#[5#8#5#13#16#12]#(BLUFF,CLIMB,HIDE)#CONCEALABLE VEST#DAGGER#
	10#76000#6#(GLOCK 201,LEATHER,SHORT BOW)#



**After Healing #9:

9H1  : ADEAK
9H2  : JAMIAN
9H3  : KEVKUL
9H4  : PANROS

9H5  : HUMAN#FTR#JAMIAN#(1,1)#39#[8#11#9#13#13#8]#()#RIOT SHIELD#LONG SWORD#
	10#76000#29#()#
9H6  : ELF#WIZ#ADEAK#(1,1)#18#[15#8#11#10#10#15]#(CONCENTRATION,HIDE,USE MAGIC DEVICES)##DAGGER#
	10#76000#27#(QUARTER STAFF)#
9H7  : HALFELF#CLR#PANROS#(1,1)#47#[6#11#10#6#7#11]#(HEAL,SPOT,USE MAGIC DEVICES)#SMALL WOODEN SHIELD#SHORT BOW#
	10#76000#28#()#
9H8  : ORC#ROG#KEVKUL#(1,1)#35#[5#8#5#13#16#12]#(BLUFF,CLIMB,HIDE)#CONCEALABLE VEST#DAGGER#
	10#76000#6#(GLOCK 201,LEATHER,SHORT BOW)#


*************************************************
Mission #10:
*************************************************

**Before Deployment for round #10:

10D1  : DAGGER : 3
10D2  : GLOCK 171 : 1
10D3  : GLOCK 201 : 1
10D4  : GREAT CLUB : 1
10D5  : LARGE WOODEN SHIELD : 1
10D6  : LEATHER JACKET : 1
10D7  : RAPIER : 1
10D8  : STUN GUN : 1
10D9  : SWORD : 4

10D10 : MELEE#DAGGER#5#2#20#1#4#1#PIERCING
10D11 : MELEE#DAGGER#5#2#20#1#4#1#PIERCING
10D12 : MELEE#DAGGER#5#2#20#1#4#1#PIERCING
10D13 : RANGE#GLOCK 171#18#2#20#2#6#2#BALLISTIC
10D14 : RANGE#GLOCK 201#18#3#20#2#6#2#BALLISTIC
10D15 : MELEE#GREAT CLUB#6#10#20#1#10#4#BLUDGEONING
10D16 : ARMOR#LARGE WOODEN SHIELD#7#15#-2#2#30#PLATE
10D17 : ARMOR#LEATHER JACKET#10#4#0#1#30#LEATHER
10D18 : MELEE#RAPIER#10#3#18#1#6#3#PIERCING
10D19 : MELEE#STUN GUN#5#1#20#1#3#1#ENERGY
10D20 : MELEE#SWORD#10#3#19#1#6#2#PIERCING
10D21 : MELEE#SWORD#10#3#19#1#6#2#PIERCING
10D22 : MELEE#SWORD#10#3#19#1#6#2#PIERCING
10D23 : MELEE#SWORD#10#3#19#1#6#2#PIERCING


**Before Move #10:

10B1  : DAGGER : 4
10B2  : GLOCK 171 : 1
10B3  : GLOCK 201 : 1
10B4  : GREAT CLUB : 1
10B5  : LARGE WOODEN SHIELD : 1
10B6  : LEATHER JACKET : 1
10B7  : RAPIER : 1
10B8  : STUN GUN : 1
10B9  : SWORD : 3

10B10 : MELEE#DAGGER#5#2#20#1#4#1#PIERCING
10B11 : MELEE#DAGGER#5#2#20#1#4#1#PIERCING
10B12 : MELEE#DAGGER#5#2#20#1#4#1#PIERCING
10B13 : MELEE#DAGGER#5#2#20#1#4#1#PIERCING
10B14 : RANGE#GLOCK 171#18#2#20#2#6#2#BALLISTIC
10B15 : RANGE#GLOCK 201#18#3#20#2#6#2#BALLISTIC
10B16 : MELEE#GREAT CLUB#6#10#20#1#10#4#BLUDGEONING
10B17 : ARMOR#LARGE WOODEN SHIELD#7#15#-2#2#30#PLATE
10B18 : ARMOR#LEATHER JACKET#10#4#0#1#30#LEATHER
10B19 : MELEE#RAPIER#10#3#18#1#6#3#PIERCING
10B20 : MELEE#STUN GUN#5#1#20#1#3#1#ENERGY
10B21 : MELEE#SWORD#10#3#19#1#6#2#PIERCING
10B22 : MELEE#SWORD#10#3#19#1#6#2#PIERCING
10B23 : MELEE#SWORD#10#3#19#1#6#2#PIERCING

10B24 : O
10B25 : O
10B26 : O
10B27 : O
10B28 : X
10B29 : O
10B30 : O
10B31 : O
10B32 : O
10B33 : O
10B34 : O
10B35 : O
10B36 : O
10B37 : O
10B38 : O

10B39 : ELF#WIZ#ADEAK#(1,1)#18#[15#8#11#10#10#15]#(CONCENTRATION,HIDE,USE MAGIC DEVICES)##SWORD#
	10#76000#27#(QUARTER STAFF)#
10B40 : HALFELF#CLR#PANROS#(1,1)#47#[6#11#10#6#7#11]#(HEAL,SPOT,USE MAGIC DEVICES)#SMALL WOODEN SHIELD#SHORT BOW#
	10#76000#28#()#
10B41 : ORC#ROG#KEVKUL#(1,1)#35#[5#8#5#13#16#12]#(BLUFF,CLIMB,HIDE)#CONCEALABLE VEST#DAGGER#
	10#76000#6#(GLOCK 201,LEATHER,SHORT BOW)#
10B42 : HUMAN#FTR#JAMIAN#(1,1)#39#[8#11#9#13#13#8]#()#RIOT SHIELD#LONG SWORD#
	10#76000#29#()#


**After Move #10:

10A1  : (1,1):20#[]##0#OH my, encountered  red dragon breath
10A2  : (1,2):24#[ADEAK,JAMIAN,KEVKUL,PANROS]##0#OH my, experiencing a polymorph encounter
10A3  : ELF#WIZ#ADEAK#(1,2)#18#[15#8#11#10#10#15]#(CONCENTRATION,HIDE,USE MAGIC DEVICES)##SWORD#
	10#76000#27#(QUARTER STAFF)#
10A4  : HALFELF#CLR#PANROS#(1,2)#47#[6#11#10#6#7#11]#(HEAL,SPOT,USE MAGIC DEVICES)#SMALL WOODEN SHIELD#SHORT BOW#
	10#76000#28#()#
10A5  : ORC#ROG#KEVKUL#(1,2)#35#[5#8#5#13#16#12]#(BLUFF,CLIMB,HIDE)#CONCEALABLE VEST#DAGGER#
	10#76000#6#(GLOCK 201,LEATHER,SHORT BOW)#
10A6  : HUMAN#FTR#JAMIAN#(1,2)#39#[8#11#9#13#13#8]#()#RIOT SHIELD#LONG SWORD#
	10#76000#29#()#



**After Healing #10:

10H1  : ADEAK
10H2  : JAMIAN
10H3  : KEVKUL
10H4  : PANROS

10H5  : ELF#WIZ#ADEAK#(1,2)#18#[15#8#11#10#10#15]#(CONCENTRATION,HIDE,USE MAGIC DEVICES)##SWORD#
	10#76000#27#(QUARTER STAFF)#
10H6  : HALFELF#CLR#PANROS#(1,2)#47#[6#11#10#6#7#11]#(HEAL,SPOT,USE MAGIC DEVICES)#SMALL WOODEN SHIELD#SHORT BOW#
	10#76000#28#()#
10H7  : ORC#ROG#KEVKUL#(1,2)#35#[5#8#5#13#16#12]#(BLUFF,CLIMB,HIDE)#CONCEALABLE VEST#DAGGER#
	10#76000#6#(GLOCK 201,LEATHER,SHORT BOW)#
10H8  : HUMAN#FTR#JAMIAN#(1,2)#39#[8#11#9#13#13#8]#()#RIOT SHIELD#LONG SWORD#
	10#76000#29#()#


*************************************************
Mission #11:
*************************************************

**Before Deployment for round #11:

11D1  : DAGGER : 4
11D2  : GLOCK 171 : 1
11D3  : GLOCK 201 : 1
11D4  : GREAT CLUB : 1
11D5  : LARGE WOODEN SHIELD : 1
11D6  : LEATHER JACKET : 1
11D7  : RAPIER : 1
11D8  : STUN GUN : 1
11D9  : SWORD : 3

11D10 : MELEE#DAGGER#5#2#20#1#4#1#PIERCING
11D11 : MELEE#DAGGER#5#2#20#1#4#1#PIERCING
11D12 : MELEE#DAGGER#5#2#20#1#4#1#PIERCING
11D13 : MELEE#DAGGER#5#2#20#1#4#1#PIERCING
11D14 : RANGE#GLOCK 171#18#2#20#2#6#2#BALLISTIC
11D15 : RANGE#GLOCK 201#18#3#20#2#6#2#BALLISTIC
11D16 : MELEE#GREAT CLUB#6#10#20#1#10#4#BLUDGEONING
11D17 : ARMOR#LARGE WOODEN SHIELD#7#15#-2#2#30#PLATE
11D18 : ARMOR#LEATHER JACKET#10#4#0#1#30#LEATHER
11D19 : MELEE#RAPIER#10#3#18#1#6#3#PIERCING
11D20 : MELEE#STUN GUN#5#1#20#1#3#1#ENERGY
11D21 : MELEE#SWORD#10#3#19#1#6#2#PIERCING
11D22 : MELEE#SWORD#10#3#19#1#6#2#PIERCING
11D23 : MELEE#SWORD#10#3#19#1#6#2#PIERCING


**Before Move #11:

11B1  : DAGGER : 3
11B2  : GLOCK 171 : 1
11B3  : GLOCK 201 : 1
11B4  : GREAT CLUB : 1
11B5  : LARGE WOODEN SHIELD : 1
11B6  : LEATHER JACKET : 1
11B7  : RAPIER : 1
11B8  : SHORT BOW : 1
11B9  : STUN GUN : 1
11B10 : SWORD : 3

11B11 : MELEE#DAGGER#5#2#20#1#4#1#PIERCING
11B12 : MELEE#DAGGER#5#2#20#1#4#1#PIERCING
11B13 : MELEE#DAGGER#5#2#20#1#4#1#PIERCING
11B14 : RANGE#GLOCK 171#18#2#20#2#6#2#BALLISTIC
11B15 : RANGE#GLOCK 201#18#3#20#2#6#2#BALLISTIC
11B16 : MELEE#GREAT CLUB#6#10#20#1#10#4#BLUDGEONING
11B17 : ARMOR#LARGE WOODEN SHIELD#7#15#-2#2#30#PLATE
11B18 : ARMOR#LEATHER JACKET#10#4#0#1#30#LEATHER
11B19 : MELEE#RAPIER#10#3#18#1#6#3#PIERCING
11B20 : MELEE#SHORT BOW#10#6#20#2#6#3#PIERCING
11B21 : MELEE#STUN GUN#5#1#20#1#3#1#ENERGY
11B22 : MELEE#SWORD#10#3#19#1#6#2#PIERCING
11B23 : MELEE#SWORD#10#3#19#1#6#2#PIERCING
11B24 : MELEE#SWORD#10#3#19#1#6#2#PIERCING

11B25 : O
11B26 : O
11B27 : O
11B28 : O
11B29 : O
11B30 : X
11B31 : O
11B32 : O
11B33 : O
11B34 : O
11B35 : O
11B36 : O
11B37 : O
11B38 : O
11B39 : O

11B40 : HALFELF#CLR#PANROS#(1,2)#47#[6#11#10#6#7#11]#(HEAL,SPOT,USE MAGIC DEVICES)#SMALL WOODEN SHIELD#DAGGER#
	10#76000#28#()#
11B41 : ORC#ROG#KEVKUL#(1,2)#35#[5#8#5#13#16#12]#(BLUFF,CLIMB,HIDE)#CONCEALABLE VEST#DAGGER#
	10#76000#6#(GLOCK 201,LEATHER,SHORT BOW)#
11B42 : HUMAN#FTR#JAMIAN#(1,2)#39#[8#11#9#13#13#8]#()#RIOT SHIELD#LONG SWORD#
	10#76000#29#()#
11B43 : ELF#WIZ#ADEAK#(1,2)#18#[15#8#11#10#10#15]#(CONCENTRATION,HIDE,USE MAGIC DEVICES)##SWORD#
	10#76000#27#(QUARTER STAFF)#


**After Move #11:

11A1  : (1,2):24#[]##0#OH my, experiencing a polymorph encounter
11A2  : (2,2):57#[ADEAK,JAMIAN,KEVKUL,PANROS]##0#Learn and  achieve the skill of Spot
11A3  : HALFELF#CLR#PANROS#(2,2)#47#[6#11#10#6#7#11]#(HEAL,SPOT,USE MAGIC DEVICES)#SMALL WOODEN SHIELD#DAGGER#
	10#76000#28#()#
11A4  : ORC#ROG#KEVKUL#(2,2)#35#[5#8#5#13#16#12]#(BLUFF,CLIMB,HIDE)#CONCEALABLE VEST#DAGGER#
	10#76000#6#(GLOCK 201,LEATHER,SHORT BOW)#
11A5  : HUMAN#FTR#JAMIAN#(2,2)#39#[8#11#9#13#13#8]#()#RIOT SHIELD#LONG SWORD#
	10#76000#29#()#
11A6  : ELF#WIZ#ADEAK#(2,2)#18#[15#8#11#10#10#15]#(CONCENTRATION,HIDE,USE MAGIC DEVICES)##SWORD#
	10#76000#27#(QUARTER STAFF)#



**After Healing #11:

11H1  : ADEAK
11H2  : JAMIAN
11H3  : KEVKUL
11H4  : PANROS

11H5  : HALFELF#CLR#PANROS#(2,2)#47#[6#11#10#6#7#11]#(HEAL,SPOT,USE MAGIC DEVICES)#SMALL WOODEN SHIELD#DAGGER#
	10#76000#28#()#
11H6  : ORC#ROG#KEVKUL#(2,2)#35#[5#8#5#13#16#12]#(BLUFF,CLIMB,HIDE)#CONCEALABLE VEST#DAGGER#
	10#76000#6#(GLOCK 201,LEATHER,SHORT BOW)#
11H7  : HUMAN#FTR#JAMIAN#(2,2)#39#[8#11#9#13#13#8]#()#RIOT SHIELD#LONG SWORD#
	10#76000#29#()#
11H8  : ELF#WIZ#ADEAK#(2,2)#18#[15#8#11#10#10#15]#(CONCENTRATION,HIDE,USE MAGIC DEVICES)##SWORD#
	10#76000#27#(QUARTER STAFF)#


*************************************************
Mission #12:
*************************************************

**Before Deployment for round #12:

12D1  : DAGGER : 3
12D2  : GLOCK 171 : 1
12D3  : GLOCK 201 : 1
12D4  : GREAT CLUB : 1
12D5  : LARGE WOODEN SHIELD : 1
12D6  : LEATHER JACKET : 1
12D7  : RAPIER : 1
12D8  : SHORT BOW : 1
12D9  : STUN GUN : 1
12D10 : SWORD : 3

12D11 : MELEE#DAGGER#5#2#20#1#4#1#PIERCING
12D12 : MELEE#DAGGER#5#2#20#1#4#1#PIERCING
12D13 : MELEE#DAGGER#5#2#20#1#4#1#PIERCING
12D14 : RANGE#GLOCK 171#18#2#20#2#6#2#BALLISTIC
12D15 : RANGE#GLOCK 201#18#3#20#2#6#2#BALLISTIC
12D16 : MELEE#GREAT CLUB#6#10#20#1#10#4#BLUDGEONING
12D17 : ARMOR#LARGE WOODEN SHIELD#7#15#-2#2#30#PLATE
12D18 : ARMOR#LEATHER JACKET#10#4#0#1#30#LEATHER
12D19 : MELEE#RAPIER#10#3#18#1#6#3#PIERCING
12D20 : MELEE#SHORT BOW#10#6#20#2#6#3#PIERCING
12D21 : MELEE#STUN GUN#5#1#20#1#3#1#ENERGY
12D22 : MELEE#SWORD#10#3#19#1#6#2#PIERCING
12D23 : MELEE#SWORD#10#3#19#1#6#2#PIERCING
12D24 : MELEE#SWORD#10#3#19#1#6#2#PIERCING


**Before Move #12:

12B1  : DAGGER : 3
12B2  : GLOCK 171 : 1
12B3  : GLOCK 201 : 1
12B4  : GREAT CLUB : 1
12B5  : LARGE WOODEN SHIELD : 1
12B6  : LEATHER JACKET : 1
12B7  : RAPIER : 1
12B8  : SHORT BOW : 1
12B9  : STUN GUN : 1
12B10 : SWORD : 3

12B11 : MELEE#DAGGER#5#2#20#1#4#1#PIERCING
12B12 : MELEE#DAGGER#5#2#20#1#4#1#PIERCING
12B13 : MELEE#DAGGER#5#2#20#1#4#1#PIERCING
12B14 : RANGE#GLOCK 171#18#2#20#2#6#2#BALLISTIC
12B15 : RANGE#GLOCK 201#18#3#20#2#6#2#BALLISTIC
12B16 : MELEE#GREAT CLUB#6#10#20#1#10#4#BLUDGEONING
12B17 : ARMOR#LARGE WOODEN SHIELD#7#15#-2#2#30#PLATE
12B18 : ARMOR#LEATHER JACKET#10#4#0#1#30#LEATHER
12B19 : MELEE#RAPIER#10#3#18#1#6#3#PIERCING
12B20 : MELEE#SHORT BOW#10#6#20#2#6#3#PIERCING
12B21 : MELEE#STUN GUN#5#1#20#1#3#1#ENERGY
12B22 : MELEE#SWORD#10#3#19#1#6#2#PIERCING
12B23 : MELEE#SWORD#10#3#19#1#6#2#PIERCING
12B24 : MELEE#SWORD#10#3#19#1#6#2#PIERCING

12B25 : O
12B26 : O
12B27 : O
12B28 : O
12B29 : O
12B30 : O
12B31 : O
12B32 : O
12B33 : X
12B34 : O
12B35 : O
12B36 : O
12B37 : O
12B38 : O
12B39 : O

12B40 : ORC#ROG#KEVKUL#(2,2)#35#[5#8#5#13#16#12]#(BLUFF,CLIMB,HIDE)#CONCEALABLE VEST#DAGGER#
	10#76000#6#(GLOCK 201,LEATHER,SHORT BOW)#
12B41 : HUMAN#FTR#JAMIAN#(2,2)#39#[8#11#9#13#13#8]#()#RIOT SHIELD#LONG SWORD#
	10#76000#29#()#
12B42 : ELF#WIZ#ADEAK#(2,2)#18#[15#8#11#10#10#15]#(CONCENTRATION,HIDE,USE MAGIC DEVICES)##SWORD#
	10#76000#27#(QUARTER STAFF)#
12B43 : HALFELF#CLR#PANROS#(2,2)#47#[6#11#10#6#7#11]#(HEAL,SPOT,USE MAGIC DEVICES)#SMALL WOODEN SHIELD#DAGGER#
	10#76000#28#()#


**After Move #12:

12A1  : (2,2):57#[]##0#Learn and  achieve the skill of Spot
12A2  : (2,1):38#[ADEAK,JAMIAN,KEVKUL,PANROS]##0#A merchant is selling a Concealable vest
12A3  : ORC#ROG#KEVKUL#(2,1)#35#[5#8#5#13#16#12]#(BLUFF,CLIMB,HIDE)#CONCEALABLE VEST#DAGGER#
	10#76000#6#(GLOCK 201,LEATHER,SHORT BOW)#
12A4  : HUMAN#FTR#JAMIAN#(2,1)#39#[8#11#9#13#13#8]#()#RIOT SHIELD#LONG SWORD#
	10#76000#29#()#
12A5  : ELF#WIZ#ADEAK#(2,1)#18#[15#8#11#10#10#15]#(CONCENTRATION,HIDE,USE MAGIC DEVICES)##SWORD#
	10#76000#27#(QUARTER STAFF)#
12A6  : HALFELF#CLR#PANROS#(2,1)#47#[6#11#10#6#7#11]#(HEAL,SPOT,USE MAGIC DEVICES)#SMALL WOODEN SHIELD#DAGGER#
	10#76000#28#()#



**After Healing #12:

12H1  : ADEAK
12H2  : JAMIAN
12H3  : KEVKUL
12H4  : PANROS

12H5  : ORC#ROG#KEVKUL#(2,1)#35#[5#8#5#13#16#12]#(BLUFF,CLIMB,HIDE)#CONCEALABLE VEST#DAGGER#
	10#76000#6#(GLOCK 201,LEATHER,SHORT BOW)#
12H6  : HUMAN#FTR#JAMIAN#(2,1)#39#[8#11#9#13#13#8]#()#RIOT SHIELD#LONG SWORD#
	10#76000#29#()#
12H7  : ELF#WIZ#ADEAK#(2,1)#18#[15#8#11#10#10#15]#(CONCENTRATION,HIDE,USE MAGIC DEVICES)##SWORD#
	10#76000#27#(QUARTER STAFF)#
12H8  : HALFELF#CLR#PANROS#(2,1)#47#[6#11#10#6#7#11]#(HEAL,SPOT,USE MAGIC DEVICES)#SMALL WOODEN SHIELD#DAGGER#
	10#76000#28#()#


*************************************************
Mission #13:
*************************************************

**Before Deployment for round #13:

13D1  : DAGGER : 3
13D2  : GLOCK 171 : 1
13D3  : GLOCK 201 : 1
13D4  : GREAT CLUB : 1
13D5  : LARGE WOODEN SHIELD : 1
13D6  : LEATHER JACKET : 1
13D7  : RAPIER : 1
13D8  : SHORT BOW : 1
13D9  : STUN GUN : 1
13D10 : SWORD : 3

13D11 : MELEE#DAGGER#5#2#20#1#4#1#PIERCING
13D12 : MELEE#DAGGER#5#2#20#1#4#1#PIERCING
13D13 : MELEE#DAGGER#5#2#20#1#4#1#PIERCING
13D14 : RANGE#GLOCK 171#18#2#20#2#6#2#BALLISTIC
13D15 : RANGE#GLOCK 201#18#3#20#2#6#2#BALLISTIC
13D16 : MELEE#GREAT CLUB#6#10#20#1#10#4#BLUDGEONING
13D17 : ARMOR#LARGE WOODEN SHIELD#7#15#-2#2#30#PLATE
13D18 : ARMOR#LEATHER JACKET#10#4#0#1#30#LEATHER
13D19 : MELEE#RAPIER#10#3#18#1#6#3#PIERCING
13D20 : MELEE#SHORT BOW#10#6#20#2#6#3#PIERCING
13D21 : MELEE#STUN GUN#5#1#20#1#3#1#ENERGY
13D22 : MELEE#SWORD#10#3#19#1#6#2#PIERCING
13D23 : MELEE#SWORD#10#3#19#1#6#2#PIERCING
13D24 : MELEE#SWORD#10#3#19#1#6#2#PIERCING


**Before Move #13:

13B1  : DAGGER : 3
13B2  : GLOCK 171 : 1
13B3  : GLOCK 201 : 1
13B4  : GREAT CLUB : 1
13B5  : LARGE WOODEN SHIELD : 1
13B6  : LEATHER JACKET : 1
13B7  : LONG SWORD : 1
13B8  : RAPIER : 1
13B9  : SHORT BOW : 1
13B10 : STUN GUN : 1
13B11 : SWORD : 2

13B12 : MELEE#DAGGER#5#2#20#1#4#1#PIERCING
13B13 : MELEE#DAGGER#5#2#20#1#4#1#PIERCING
13B14 : MELEE#DAGGER#5#2#20#1#4#1#PIERCING
13B15 : RANGE#GLOCK 171#18#2#20#2#6#2#BALLISTIC
13B16 : RANGE#GLOCK 201#18#3#20#2#6#2#BALLISTIC
13B17 : MELEE#GREAT CLUB#6#10#20#1#10#4#BLUDGEONING
13B18 : ARMOR#LARGE WOODEN SHIELD#7#15#-2#2#30#PLATE
13B19 : ARMOR#LEATHER JACKET#10#4#0#1#30#LEATHER
13B20 : MELEE#LONG SWORD#11#4#19#1#8#3#SLASHING
13B21 : MELEE#RAPIER#10#3#18#1#6#3#PIERCING
13B22 : MELEE#SHORT BOW#10#6#20#2#6#3#PIERCING
13B23 : MELEE#STUN GUN#5#1#20#1#3#1#ENERGY
13B24 : MELEE#SWORD#10#3#19#1#6#2#PIERCING
13B25 : MELEE#SWORD#10#3#19#1#6#2#PIERCING

13B26 : O
13B27 : O
13B28 : O
13B29 : O
13B30 : O
13B31 : O
13B32 : O
13B33 : X
13B34 : O
13B35 : O
13B36 : O
13B37 : O
13B38 : O
13B39 : O
13B40 : O

13B41 : HUMAN#FTR#JAMIAN#(2,1)#39#[8#11#9#13#13#8]#()#RIOT SHIELD#SWORD#
	10#76000#29#()#
13B42 : ELF#WIZ#ADEAK#(2,1)#18#[15#8#11#10#10#15]#(CONCENTRATION,HIDE,USE MAGIC DEVICES)##SWORD#
	10#76000#27#(QUARTER STAFF)#
13B43 : HALFELF#CLR#PANROS#(2,1)#47#[6#11#10#6#7#11]#(HEAL,SPOT,USE MAGIC DEVICES)#SMALL WOODEN SHIELD#DAGGER#
	10#76000#28#()#
13B44 : ORC#ROG#KEVKUL#(2,1)#35#[5#8#5#13#16#12]#(BLUFF,CLIMB,HIDE)#CONCEALABLE VEST#DAGGER#
	10#76000#6#(GLOCK 201,LEATHER,SHORT BOW)#


**After Move #13:

13A1  : (2,1):38#[]##0#A merchant is selling a Concealable vest
13A2  : (1,1):20#[ADEAK,JAMIAN,KEVKUL,PANROS]##0#OH my, encountered  red dragon breath
13A3  : HUMAN#FTR#JAMIAN#(1,1)#34#[8#11#9#13#13#8]#()#RIOT SHIELD#SWORD#
	10#76000#29#()#
13A4  : ELF#WIZ#ADEAK#(1,1)#18#[15#8#11#10#10#15]#(CONCENTRATION,HIDE,USE MAGIC DEVICES)##SWORD#
	10#76000#27#(QUARTER STAFF)#
13A5  : HALFELF#CLR#PANROS#(1,1)#47#[6#11#10#6#7#11]#(HEAL,SPOT,USE MAGIC DEVICES)#SMALL WOODEN SHIELD#DAGGER#
	10#76000#28#()#
13A6  : ORC#ROG#KEVKUL#(1,1)#35#[5#8#5#13#16#12]#(BLUFF,CLIMB,HIDE)#CONCEALABLE VEST#DAGGER#
	10#76000#6#(GLOCK 201,LEATHER,SHORT BOW)#



**After Healing #13:

13H1  : ADEAK
13H2  : JAMIAN
13H3  : KEVKUL
13H4  : PANROS

13H5  : HUMAN#FTR#JAMIAN#(1,1)#34#[8#11#9#13#13#8]#()#RIOT SHIELD#SWORD#
	10#76000#29#()#
13H6  : ELF#WIZ#ADEAK#(1,1)#18#[15#8#11#10#10#15]#(CONCENTRATION,HIDE,USE MAGIC DEVICES)##SWORD#
	10#76000#27#(QUARTER STAFF)#
13H7  : HALFELF#CLR#PANROS#(1,1)#47#[6#11#10#6#7#11]#(HEAL,SPOT,USE MAGIC DEVICES)#SMALL WOODEN SHIELD#DAGGER#
	10#76000#28#()#
13H8  : ORC#ROG#KEVKUL#(1,1)#35#[5#8#5#13#16#12]#(BLUFF,CLIMB,HIDE)#CONCEALABLE VEST#DAGGER#
	10#76000#6#(GLOCK 201,LEATHER,SHORT BOW)#


*************************************************
Mission #14:
*************************************************

**Before Deployment for round #14:

14D1  : DAGGER : 3
14D2  : GLOCK 171 : 1
14D3  : GLOCK 201 : 1
14D4  : GREAT CLUB : 1
14D5  : LARGE WOODEN SHIELD : 1
14D6  : LEATHER JACKET : 1
14D7  : LONG SWORD : 1
14D8  : RAPIER : 1
14D9  : SHORT BOW : 1
14D10 : STUN GUN : 1
14D11 : SWORD : 2

14D12 : MELEE#DAGGER#5#2#20#1#4#1#PIERCING
14D13 : MELEE#DAGGER#5#2#20#1#4#1#PIERCING
14D14 : MELEE#DAGGER#5#2#20#1#4#1#PIERCING
14D15 : RANGE#GLOCK 171#18#2#20#2#6#2#BALLISTIC
14D16 : RANGE#GLOCK 201#18#3#20#2#6#2#BALLISTIC
14D17 : MELEE#GREAT CLUB#6#10#20#1#10#4#BLUDGEONING
14D18 : ARMOR#LARGE WOODEN SHIELD#7#15#-2#2#30#PLATE
14D19 : ARMOR#LEATHER JACKET#10#4#0#1#30#LEATHER
14D20 : MELEE#LONG SWORD#11#4#19#1#8#3#SLASHING
14D21 : MELEE#RAPIER#10#3#18#1#6#3#PIERCING
14D22 : MELEE#SHORT BOW#10#6#20#2#6#3#PIERCING
14D23 : MELEE#STUN GUN#5#1#20#1#3#1#ENERGY
14D24 : MELEE#SWORD#10#3#19#1#6#2#PIERCING
14D25 : MELEE#SWORD#10#3#19#1#6#2#PIERCING


**Before Move #14:

14B1  : DAGGER : 2
14B2  : GLOCK 171 : 1
14B3  : GLOCK 201 : 1
14B4  : GREAT CLUB : 1
14B5  : LARGE WOODEN SHIELD : 1
14B6  : LEATHER JACKET : 1
14B7  : LONG SWORD : 1
14B8  : RAPIER : 1
14B9  : SHORT BOW : 1
14B10 : STUN GUN : 1
14B11 : SWORD : 3

14B12 : MELEE#DAGGER#5#2#20#1#4#1#PIERCING
14B13 : MELEE#DAGGER#5#2#20#1#4#1#PIERCING
14B14 : RANGE#GLOCK 171#18#2#20#2#6#2#BALLISTIC
14B15 : RANGE#GLOCK 201#18#3#20#2#6#2#BALLISTIC
14B16 : MELEE#GREAT CLUB#6#10#20#1#10#4#BLUDGEONING
14B17 : ARMOR#LARGE WOODEN SHIELD#7#15#-2#2#30#PLATE
14B18 : ARMOR#LEATHER JACKET#10#4#0#1#30#LEATHER
14B19 : MELEE#LONG SWORD#11#4#19#1#8#3#SLASHING
14B20 : MELEE#RAPIER#10#3#18#1#6#3#PIERCING
14B21 : MELEE#SHORT BOW#10#6#20#2#6#3#PIERCING
14B22 : MELEE#STUN GUN#5#1#20#1#3#1#ENERGY
14B23 : MELEE#SWORD#10#3#19#1#6#2#PIERCING
14B24 : MELEE#SWORD#10#3#19#1#6#2#PIERCING
14B25 : MELEE#SWORD#10#3#19#1#6#2#PIERCING

14B26 : O
14B27 : O
14B28 : O
14B29 : O
14B30 : X
14B31 : O
14B32 : O
14B33 : O
14B34 : O
14B35 : O
14B36 : O
14B37 : O
14B38 : O
14B39 : O
14B40 : O

14B41 : ELF#WIZ#ADEAK#(1,1)#18#[15#8#11#10#10#15]#(CONCENTRATION,HIDE,USE MAGIC DEVICES)##DAGGER#
	10#76000#27#(QUARTER STAFF)#
14B42 : HALFELF#CLR#PANROS#(1,1)#47#[6#11#10#6#7#11]#(HEAL,SPOT,USE MAGIC DEVICES)#SMALL WOODEN SHIELD#DAGGER#
	10#76000#28#()#
14B43 : ORC#ROG#KEVKUL#(1,1)#35#[5#8#5#13#16#12]#(BLUFF,CLIMB,HIDE)#CONCEALABLE VEST#DAGGER#
	10#76000#6#(GLOCK 201,LEATHER,SHORT BOW)#
14B44 : HUMAN#FTR#JAMIAN#(1,1)#34#[8#11#9#13#13#8]#()#RIOT SHIELD#SWORD#
	10#76000#29#()#


**After Move #14:

14A1  : (1,1):20#[]##0#OH my, encountered  red dragon breath
14A2  : (1,2):24#[ADEAK,JAMIAN,KEVKUL,PANROS]##0#OH my, experiencing a polymorph encounter
14A3  : ELF#WIZ#ADEAK#(1,2)#18#[15#8#11#10#10#15]#(CONCENTRATION,HIDE,USE MAGIC DEVICES)##DAGGER#
	10#76000#27#(QUARTER STAFF)#
14A4  : HALFELF#CLR#PANROS#(1,2)#47#[6#11#10#6#7#11]#(HEAL,SPOT,USE MAGIC DEVICES)#SMALL WOODEN SHIELD#DAGGER#
	10#76000#28#()#
14A5  : ORC#ROG#KEVKUL#(1,2)#35#[5#8#5#13#16#12]#(BLUFF,CLIMB,HIDE)#CONCEALABLE VEST#DAGGER#
	10#76000#6#(GLOCK 201,LEATHER,SHORT BOW)#
14A6  : HUMAN#FTR#JAMIAN#(1,2)#34#[8#11#9#13#13#8]#()#RIOT SHIELD#SWORD#
	10#76000#29#()#



**After Healing #14:

14H1  : ADEAK
14H2  : JAMIAN
14H3  : KEVKUL
14H4  : PANROS

14H5  : ELF#WIZ#ADEAK#(1,2)#18#[15#8#11#10#10#15]#(CONCENTRATION,HIDE,USE MAGIC DEVICES)##DAGGER#
	10#76000#27#(QUARTER STAFF)#
14H6  : HALFELF#CLR#PANROS#(1,2)#47#[6#11#10#6#7#11]#(HEAL,SPOT,USE MAGIC DEVICES)#SMALL WOODEN SHIELD#DAGGER#
	10#76000#28#()#
14H7  : ORC#ROG#KEVKUL#(1,2)#35#[5#8#5#13#16#12]#(BLUFF,CLIMB,HIDE)#CONCEALABLE VEST#DAGGER#
	10#76000#6#(GLOCK 201,LEATHER,SHORT BOW)#
14H8  : HUMAN#FTR#JAMIAN#(1,2)#34#[8#11#9#13#13#8]#()#RIOT SHIELD#SWORD#
	10#76000#29#()#


*************************************************
Mission #15:
*************************************************

**Before Deployment for round #15:

15D1  : DAGGER : 2
15D2  : GLOCK 171 : 1
15D3  : GLOCK 201 : 1
15D4  : GREAT CLUB : 1
15D5  : LARGE WOODEN SHIELD : 1
15D6  : LEATHER JACKET : 1
15D7  : LONG SWORD : 1
15D8  : RAPIER : 1
15D9  : SHORT BOW : 1
15D10 : STUN GUN : 1
15D11 : SWORD : 3

15D12 : MELEE#DAGGER#5#2#20#1#4#1#PIERCING
15D13 : MELEE#DAGGER#5#2#20#1#4#1#PIERCING
15D14 : RANGE#GLOCK 171#18#2#20#2#6#2#BALLISTIC
15D15 : RANGE#GLOCK 201#18#3#20#2#6#2#BALLISTIC
15D16 : MELEE#GREAT CLUB#6#10#20#1#10#4#BLUDGEONING
15D17 : ARMOR#LARGE WOODEN SHIELD#7#15#-2#2#30#PLATE
15D18 : ARMOR#LEATHER JACKET#10#4#0#1#30#LEATHER
15D19 : MELEE#LONG SWORD#11#4#19#1#8#3#SLASHING
15D20 : MELEE#RAPIER#10#3#18#1#6#3#PIERCING
15D21 : MELEE#SHORT BOW#10#6#20#2#6#3#PIERCING
15D22 : MELEE#STUN GUN#5#1#20#1#3#1#ENERGY
15D23 : MELEE#SWORD#10#3#19#1#6#2#PIERCING
15D24 : MELEE#SWORD#10#3#19#1#6#2#PIERCING
15D25 : MELEE#SWORD#10#3#19#1#6#2#PIERCING


**Before Move #15:

15B1  : DAGGER : 3
15B2  : GLOCK 171 : 1
15B3  : GLOCK 201 : 1
15B4  : GREAT CLUB : 1
15B5  : LARGE WOODEN SHIELD : 1
15B6  : LEATHER JACKET : 1
15B7  : LONG SWORD : 1
15B8  : RAPIER : 1
15B9  : SHORT BOW : 1
15B10 : STUN GUN : 1
15B11 : SWORD : 2

15B12 : MELEE#DAGGER#5#2#20#1#4#1#PIERCING
15B13 : MELEE#DAGGER#5#2#20#1#4#1#PIERCING
15B14 : MELEE#DAGGER#5#2#20#1#4#1#PIERCING
15B15 : RANGE#GLOCK 171#18#2#20#2#6#2#BALLISTIC
15B16 : RANGE#GLOCK 201#18#3#20#2#6#2#BALLISTIC
15B17 : MELEE#GREAT CLUB#6#10#20#1#10#4#BLUDGEONING
15B18 : ARMOR#LARGE WOODEN SHIELD#7#15#-2#2#30#PLATE
15B19 : ARMOR#LEATHER JACKET#10#4#0#1#30#LEATHER
15B20 : MELEE#LONG SWORD#11#4#19#1#8#3#SLASHING
15B21 : MELEE#RAPIER#10#3#18#1#6#3#PIERCING
15B22 : MELEE#SHORT BOW#10#6#20#2#6#3#PIERCING
15B23 : MELEE#STUN GUN#5#1#20#1#3#1#ENERGY
15B24 : MELEE#SWORD#10#3#19#1#6#2#PIERCING
15B25 : MELEE#SWORD#10#3#19#1#6#2#PIERCING

15B26 : O
15B27 : O
15B28 : O
15B29 : O
15B30 : O
15B31 : X
15B32 : O
15B33 : O
15B34 : O
15B35 : O
15B36 : O
15B37 : O
15B38 : O
15B39 : O
15B40 : O

15B41 : HALFELF#CLR#PANROS#(1,2)#47#[6#11#10#6#7#11]#(HEAL,SPOT,USE MAGIC DEVICES)#SMALL WOODEN SHIELD#SWORD#
	10#76000#28#()#
15B42 : ORC#ROG#KEVKUL#(1,2)#35#[5#8#5#13#16#12]#(BLUFF,CLIMB,HIDE)#CONCEALABLE VEST#DAGGER#
	10#76000#6#(GLOCK 201,LEATHER,SHORT BOW)#
15B43 : HUMAN#FTR#JAMIAN#(1,2)#34#[8#11#9#13#13#8]#()#RIOT SHIELD#SWORD#
	10#76000#29#()#
15B44 : ELF#WIZ#ADEAK#(1,2)#18#[15#8#11#10#10#15]#(CONCENTRATION,HIDE,USE MAGIC DEVICES)##DAGGER#
	10#76000#27#(QUARTER STAFF)#


**After Move #15:

15A1  : (1,2):24#[]##0#OH my, experiencing a polymorph encounter
15A2  : (1,0):15#[ADEAK,JAMIAN,KEVKUL,PANROS]##0#OH my, encountered destruction
15A3  : HALFELF#CLR#PANROS#(1,0)#47#[6#11#10#6#7#11]#(HEAL,SPOT,USE MAGIC DEVICES)#SMALL WOODEN SHIELD#SWORD#
	10#76000#28#()#
15A4  : ORC#ROG#KEVKUL#(1,0)#35#[5#8#5#13#16#12]#(BLUFF,CLIMB,HIDE)#CONCEALABLE VEST#DAGGER#
	10#76000#6#(GLOCK 201,LEATHER,SHORT BOW)#
15A5  : HUMAN#FTR#JAMIAN#(1,0)#34#[8#11#9#13#13#8]#()#RIOT SHIELD#SWORD#
	10#76000#29#()#
15A6  : ELF#WIZ#ADEAK#(1,0)#18#[15#8#11#10#10#15]#(CONCENTRATION,HIDE,USE MAGIC DEVICES)##DAGGER#
	10#76000#27#(QUARTER STAFF)#



**After Healing #15:

15H1  : ADEAK
15H2  : JAMIAN
15H3  : KEVKUL
15H4  : PANROS

15H5  : HALFELF#CLR#PANROS#(1,0)#47#[6#11#10#6#7#11]#(HEAL,SPOT,USE MAGIC DEVICES)#SMALL WOODEN SHIELD#SWORD#
	10#76000#28#()#
15H6  : ORC#ROG#KEVKUL#(1,0)#35#[5#8#5#13#16#12]#(BLUFF,CLIMB,HIDE)#CONCEALABLE VEST#DAGGER#
	10#76000#6#(GLOCK 201,LEATHER,SHORT BOW)#
15H7  : HUMAN#FTR#JAMIAN#(1,0)#34#[8#11#9#13#13#8]#()#RIOT SHIELD#SWORD#
	10#76000#29#()#
15H8  : ELF#WIZ#ADEAK#(1,0)#18#[15#8#11#10#10#15]#(CONCENTRATION,HIDE,USE MAGIC DEVICES)##DAGGER#
	10#76000#27#(QUARTER STAFF)#


*************************************************
Mission #16:
*************************************************

**Before Deployment for round #16:

16D1  : DAGGER : 3
16D2  : GLOCK 171 : 1
16D3  : GLOCK 201 : 1
16D4  : GREAT CLUB : 1
16D5  : LARGE WOODEN SHIELD : 1
16D6  : LEATHER JACKET : 1
16D7  : LONG SWORD : 1
16D8  : RAPIER : 1
16D9  : SHORT BOW : 1
16D10 : STUN GUN : 1
16D11 : SWORD : 2

16D12 : MELEE#DAGGER#5#2#20#1#4#1#PIERCING
16D13 : MELEE#DAGGER#5#2#20#1#4#1#PIERCING
16D14 : MELEE#DAGGER#5#2#20#1#4#1#PIERCING
16D15 : RANGE#GLOCK 171#18#2#20#2#6#2#BALLISTIC
16D16 : RANGE#GLOCK 201#18#3#20#2#6#2#BALLISTIC
16D17 : MELEE#GREAT CLUB#6#10#20#1#10#4#BLUDGEONING
16D18 : ARMOR#LARGE WOODEN SHIELD#7#15#-2#2#30#PLATE
16D19 : ARMOR#LEATHER JACKET#10#4#0#1#30#LEATHER
16D20 : MELEE#LONG SWORD#11#4#19#1#8#3#SLASHING
16D21 : MELEE#RAPIER#10#3#18#1#6#3#PIERCING
16D22 : MELEE#SHORT BOW#10#6#20#2#6#3#PIERCING
16D23 : MELEE#STUN GUN#5#1#20#1#3#1#ENERGY
16D24 : MELEE#SWORD#10#3#19#1#6#2#PIERCING
16D25 : MELEE#SWORD#10#3#19#1#6#2#PIERCING


**Before Move #16:

16B1  : DAGGER : 4
16B2  : GLOCK 171 : 1
16B3  : GREAT CLUB : 1
16B4  : LARGE WOODEN SHIELD : 1
16B5  : LEATHER JACKET : 1
16B6  : LONG SWORD : 1
16B7  : RAPIER : 1
16B8  : SHORT BOW : 1
16B9  : STUN GUN : 1
16B10 : SWORD : 2

16B11 : MELEE#DAGGER#5#2#20#1#4#1#PIERCING
16B12 : MELEE#DAGGER#5#2#20#1#4#1#PIERCING
16B13 : MELEE#DAGGER#5#2#20#1#4#1#PIERCING
16B14 : MELEE#DAGGER#5#2#20#1#4#1#PIERCING
16B15 : RANGE#GLOCK 171#18#2#20#2#6#2#BALLISTIC
16B16 : MELEE#GREAT CLUB#6#10#20#1#10#4#BLUDGEONING
16B17 : ARMOR#LARGE WOODEN SHIELD#7#15#-2#2#30#PLATE
16B18 : ARMOR#LEATHER JACKET#10#4#0#1#30#LEATHER
16B19 : MELEE#LONG SWORD#11#4#19#1#8#3#SLASHING
16B20 : MELEE#RAPIER#10#3#18#1#6#3#PIERCING
16B21 : MELEE#SHORT BOW#10#6#20#2#6#3#PIERCING
16B22 : MELEE#STUN GUN#5#1#20#1#3#1#ENERGY
16B23 : MELEE#SWORD#10#3#19#1#6#2#PIERCING
16B24 : MELEE#SWORD#10#3#19#1#6#2#PIERCING

16B25 : O
16B26 : O
16B27 : O
16B28 : X
16B29 : O
16B30 : O
16B31 : O
16B32 : O
16B33 : O
16B34 : O
16B35 : O
16B36 : O
16B37 : O
16B38 : O
16B39 : O

16B40 : ORC#ROG#KEVKUL#(1,0)#35#[5#8#5#13#16#12]#(BLUFF,CLIMB,HIDE)#CONCEALABLE VEST#GLOCK 201#
	10#76000#6#(GLOCK 201,LEATHER,SHORT BOW)#
16B41 : HUMAN#FTR#JAMIAN#(1,0)#34#[8#11#9#13#13#8]#()#RIOT SHIELD#SWORD#
	10#76000#29#()#
16B42 : ELF#WIZ#ADEAK#(1,0)#18#[15#8#11#10#10#15]#(CONCENTRATION,HIDE,USE MAGIC DEVICES)##DAGGER#
	10#76000#27#(QUARTER STAFF)#
16B43 : HALFELF#CLR#PANROS#(1,0)#47#[6#11#10#6#7#11]#(HEAL,SPOT,USE MAGIC DEVICES)#SMALL WOODEN SHIELD#SWORD#
	10#76000#28#()#


**After Move #16:

16A1  : (1,0):15#[]##0#OH my, encountered destruction
16A2  : (0,0):0#[ADEAK,ELGEON,JAMIAN,KEVKUL,PANROS]##0#WOW! Elgeon is found alive!
16A3  : ORC#ROG#KEVKUL#(0,0)#35#[5#8#5#13#16#12]#(BLUFF,CLIMB,HIDE)#CONCEALABLE VEST#GLOCK 201#
	10#76000#6#(GLOCK 201,LEATHER,SHORT BOW)#
16A4  : HUMAN#FTR#JAMIAN#(0,0)#34#[8#11#9#13#13#8]#()#RIOT SHIELD#SWORD#
	10#76000#29#()#
16A5  : ELF#WIZ#ADEAK#(0,0)#18#[15#8#11#10#10#15]#(CONCENTRATION,HIDE,USE MAGIC DEVICES)##DAGGER#
	10#76000#27#(QUARTER STAFF)#
16A6  : HALFELF#CLR#PANROS#(0,0)#47#[6#11#10#6#7#11]#(HEAL,SPOT,USE MAGIC DEVICES)#SMALL WOODEN SHIELD#SWORD#
	10#76000#28#()#



**After Healing #16:

16H1  : ADEAK
16H2  : JAMIAN
16H3  : KEVKUL
16H4  : PANROS

16H5  : ORC#ROG#KEVKUL#(0,0)#35#[5#8#5#13#16#12]#(BLUFF,CLIMB,HIDE)#CONCEALABLE VEST#GLOCK 201#
	10#76000#6#(GLOCK 201,LEATHER,SHORT BOW)#
16H6  : HUMAN#FTR#JAMIAN#(0,0)#34#[8#11#9#13#13#8]#()#RIOT SHIELD#SWORD#
	10#76000#29#()#
16H7  : ELF#WIZ#ADEAK#(0,0)#18#[15#8#11#10#10#15]#(CONCENTRATION,HIDE,USE MAGIC DEVICES)##DAGGER#
	10#76000#27#(QUARTER STAFF)#
16H8  : HALFELF#CLR#PANROS#(0,0)#47#[6#11#10#6#7#11]#(HEAL,SPOT,USE MAGIC DEVICES)#SMALL WOODEN SHIELD#SWORD#
	10#76000#28#()#


*************************************************
GameOver: Elgeon Rescued
*************************************************

G1  : DAGGER : 4
G2  : GLOCK 171 : 1
G3  : GREAT CLUB : 1
G4  : LARGE WOODEN SHIELD : 1
G5  : LEATHER JACKET : 1
G6  : LONG SWORD : 1
G7  : RAPIER : 1
G8  : SHORT BOW : 1
G9  : STUN GUN : 1
G10 : SWORD : 2

G11 : MELEE#DAGGER#5#2#20#1#4#1#PIERCING
G12 : MELEE#DAGGER#5#2#20#1#4#1#PIERCING
G13 : MELEE#DAGGER#5#2#20#1#4#1#PIERCING
G14 : MELEE#DAGGER#5#2#20#1#4#1#PIERCING
G15 : RANGE#GLOCK 171#18#2#20#2#6#2#BALLISTIC
G16 : MELEE#GREAT CLUB#6#10#20#1#10#4#BLUDGEONING
G17 : ARMOR#LARGE WOODEN SHIELD#7#15#-2#2#30#PLATE
G18 : ARMOR#LEATHER JACKET#10#4#0#1#30#LEATHER
G19 : MELEE#LONG SWORD#11#4#19#1#8#3#SLASHING
G20 : MELEE#RAPIER#10#3#18#1#6#3#PIERCING
G21 : MELEE#SHORT BOW#10#6#20#2#6#3#PIERCING
G22 : MELEE#STUN GUN#5#1#20#1#3#1#ENERGY
G23 : MELEE#SWORD#10#3#19#1#6#2#PIERCING
G24 : MELEE#SWORD#10#3#19#1#6#2#PIERCING

G25 : (0,0):0#[ADEAK,ELGEON,JAMIAN,KEVKUL,PANROS]##0#WOW! Elgeon is found alive!
G26 : (0,1):3#[DARATRIS]##0#Combat is upon us!  We battle the Troll Daratris
G27 : (0,2):7#[JANUVIAL]##0#Combat is upon us!  We battle the Ogre Januvial
G28 : (1,0):15#[]##0#OH my, encountered destruction
G29 : (1,1):20#[]##0#OH my, encountered  red dragon breath
G30 : (1,2):24#[]##0#OH my, experiencing a polymorph encounter
G31 : (2,0):27#[]##0#A merchant is selling a Great club
G32 : (2,1):38#[]##0#A merchant is selling a Concealable vest
G33 : (2,2):57#[]##0#Learn and  achieve the skill of Spot
G34 : (3,0):62#[]##0#Leader falls into a hole, hits head and suffers Amnesia
G35 : (3,1):65#[]##25#WOW, a bag with 25 gold pieces has been found
G36 : (3,2):70#[]##0#Quite  an adventure so far and increase  XP by 2000
G37 : (4,0):73#[]#SPEAR#0#stumbled onto a chest of equipment -need Open Lock skillck
G38 : (4,1):78#[]##0#team found a magic wand - need Use Magic Devices skillck
G39 : (4,2):82#[]##0#team has fallen victim of a trap - need  Disable Device skillck

G40 : ADEAK
G41 : JAMIAN
G42 : KEVKUL
G43 : PANROS

G44 : ORC#ROG#KEVKUL#(0,0)#35#[5#8#5#13#16#12]#(BLUFF,CLIMB,HIDE)#CONCEALABLE VEST#GLOCK 201#
	10#76000#6#(GLOCK 201,LEATHER,SHORT BOW)#
G45 : HUMAN#FTR#JAMIAN#(0,0)#34#[8#11#9#13#13#8]#()#RIOT SHIELD#SWORD#
	10#76000#29#()#
G46 : ELF#WIZ#ADEAK#(0,0)#18#[15#8#11#10#10#15]#(CONCENTRATION,HIDE,USE MAGIC DEVICES)##DAGGER#
	10#76000#27#(QUARTER STAFF)#
G47 : HALFELF#CLR#PANROS#(0,0)#47#[6#11#10#6#7#11]#(HEAL,SPOT,USE MAGIC DEVICES)#SMALL WOODEN SHIELD#SWORD#
	10#76000#28#()#

*************************************************
GameOver: Elgeon Rescued
*************************************************


