COMBAT Data
*************************************************


JANUVIAL att = 29  dam = 10
KEVKUL def= 9 HP= 35

OGRE#JANUVIAL#(-1,-1)#31#[8#15#6#7#21#10]#(INTIMIDATE,LISTEN,SPOT)#SPIKED BANDS#SPEAR#


ORC#ROG#KEVKUL#(0,2)#35#[5#8#5#13#16#12]#(BLUFF,CLIMB,HIDE)#LEATHER#GLOCK 201#
	10#76000#27#(SHORT BOW)#


***********************************

KEVKUL att = 14  dam = 7
JANUVIAL def= 10 HP= 24

ORC#ROG#KEVKUL#(0,2)#35#[5#8#5#13#16#12]#(BLUFF,CLIMB,HIDE)#LEATHER#GLOCK 201#
	10#76000#27#(SHORT BOW)#


OGRE#JANUVIAL#(-1,-1)#24#[8#15#6#7#21#10]#(INTIMIDATE,LISTEN,SPOT)#SPIKED BANDS#SPEAR#


***********************************

JANUVIAL att = 32  dam = 11
KEVKUL def= 9 HP= 24

OGRE#JANUVIAL#(-1,-1)#24#[8#15#6#7#21#10]#(INTIMIDATE,LISTEN,SPOT)#SPIKED BANDS#SPEAR#


ORC#ROG#KEVKUL#(0,2)#24#[5#8#5#13#16#12]#(BLUFF,CLIMB,HIDE)#LEATHER#GLOCK 201#
	10#76000#27#(SHORT BOW)#


***********************************

KEVKUL att = 11  dam = 6
JANUVIAL def= 10 HP= 18

ORC#ROG#KEVKUL#(0,2)#24#[5#8#5#13#16#12]#(BLUFF,CLIMB,HIDE)#LEATHER#GLOCK 201#
	10#76000#27#(SHORT BOW)#


OGRE#JANUVIAL#(-1,-1)#18#[8#15#6#7#21#10]#(INTIMIDATE,LISTEN,SPOT)#SPIKED BANDS#SPEAR#


***********************************

JANUVIAL att = 29  dam = 9
KEVKUL def= 9 HP= 15

OGRE#JANUVIAL#(-1,-1)#18#[8#15#6#7#21#10]#(INTIMIDATE,LISTEN,SPOT)#SPIKED BANDS#SPEAR#


ORC#ROG#KEVKUL#(0,2)#15#[5#8#5#13#16#12]#(BLUFF,CLIMB,HIDE)#LEATHER#GLOCK 201#
	10#76000#27#(SHORT BOW)#


***********************************

KEVKUL att = 13  dam = 6
JANUVIAL def= 10 HP= 12

ORC#ROG#KEVKUL#(0,2)#15#[5#8#5#13#16#12]#(BLUFF,CLIMB,HIDE)#LEATHER#GLOCK 201#
	10#76000#27#(SHORT BOW)#


OGRE#JANUVIAL#(-1,-1)#12#[8#15#6#7#21#10]#(INTIMIDATE,LISTEN,SPOT)#SPIKED BANDS#SPEAR#


***********************************

JANUVIAL att = 15  dam = 12
KEVKUL def= 9 HP= 3

OGRE#JANUVIAL#(-1,-1)#12#[8#15#6#7#21#10]#(INTIMIDATE,LISTEN,SPOT)#SPIKED BANDS#SPEAR#


ORC#ROG#KEVKUL#(0,2)#3#[5#8#5#13#16#12]#(BLUFF,CLIMB,HIDE)#LEATHER#GLOCK 201#
	10#76000#27#(SHORT BOW)#


***********************************

KEVKUL att = 18  dam = 8
JANUVIAL def= 10 HP= 4

ORC#ROG#KEVKUL#(0,2)#3#[5#8#5#13#16#12]#(BLUFF,CLIMB,HIDE)#LEATHER#GLOCK 201#
	10#76000#27#(SHORT BOW)#


OGRE#JANUVIAL#(-1,-1)#4#[8#15#6#7#21#10]#(INTIMIDATE,LISTEN,SPOT)#SPIKED BANDS#SPEAR#


***********************************

JANUVIAL att = 18  dam = 10
KEVKUL def= 9 HP= -7

OGRE#JANUVIAL#(-1,-1)#4#[8#15#6#7#21#10]#(INTIMIDATE,LISTEN,SPOT)#SPIKED BANDS#SPEAR#


ORC#ROG#KEVKUL#(0,2)#-7#[5#8#5#13#16#12]#(BLUFF,CLIMB,HIDE)#LEATHER#GLOCK 201#
	10#76000#27#(SHORT BOW)#


***********************************

