=============
Program 5 output
=============

*************************************************
SetUp
*************************************************

S1  : DAGGER : 5
S2  : GLOCK 171 : 1
S3  : GLOCK 201 : 2
S4  : LEATHER JACKET : 1
S5  : RIOT SHIELD : 1
S6  : STUN GUN : 1
S7  : SWORD : 3

S8  : MELEE#DAGGER#5#2#20#1#4#1#PIERCING
S9  : MELEE#DAGGER#5#2#20#1#4#1#PIERCING
S10 : MELEE#DAGGER#5#2#20#1#4#1#PIERCING
S11 : MELEE#DAGGER#5#2#20#1#4#1#PIERCING
S12 : MELEE#DAGGER#5#2#20#1#4#1#PIERCING
S13 : RANGE#GLOCK 171#18#2#20#2#6#2#BALLISTIC
S14 : RANGE#GLOCK 201#18#3#20#2#6#2#BALLISTIC
S15 : RANGE#GLOCK 201#18#3#20#2#6#2#BALLISTIC
S16 : ARMOR#LEATHER JACKET#10#4#0#1#30#LEATHER
S17 : ARMOR#RIOT SHIELD#10#6#-1#3#30#PLATE
S18 : MELEE#STUN GUN#5#1#20#1#3#1#ENERGY
S19 : MELEE#SWORD#10#3#19#1#6#2#PIERCING
S20 : MELEE#SWORD#10#3#19#1#6#2#PIERCING
S21 : MELEE#SWORD#10#3#19#1#6#2#PIERCING

S22 : (0,0):0#[ELGEON]##0#WOW! Elgeon is found alive!
S23 : (0,1):3#[DARATRIS]##0#Combat is upon us!  We battle the Troll Daratris
S24 : (0,2):7#[JANUVIAL]##0#Combat is upon us!  We battle the Ogre Januvial
S25 : (1,0):15#[]##0#OH my, encountered destruction
S26 : (1,1):20#[]##0#OH my, encountered  red dragon breath
S27 : (1,2):24#[]##0#OH my, experiencing a polymorph encounter
S28 : (2,0):27#[]#GREAT CLUB#0#A merchant is selling a Great club
S29 : (2,1):38#[]#CONCEALABLE VEST#0#A merchant is selling a Concealable vest
S30 : (2,2):57#[]##0#Learn and  achieve the skill of Spot
S31 : (3,0):62#[]##0#Leader falls into a hole, hits head and suffers Amnesia
S32 : (3,1):65#[]##25#WOW, a bag with 25 gold pieces has been found
S33 : (3,2):70#[]##0#Quite  an adventure so far and increase  XP by 2000
S34 : (4,0):73#[]#SPEAR#0#stumbled onto a chest of equipment -need Open Lock skillck
S35 : (4,1):78#[]##0#team found a magic wand - need Use Magic Devices skillck
S36 : (4,2):82#[]##0#team has fallen victim of a trap - need  Disable Device skillck

S37 : ADEAK
S38 : JAMIAN
S39 : KEVKUL
S40 : PANROS

S41 : HUMAN#FTR#JAMIAN#(-1,-1)#44#[8#11#9#13#13#8]#(INTIMIDATE,SWIM)#LARGE WOODEN SHIELD#SWORD#
	10#76000#29#()#
S42 : ELF#WIZ#ADEAK#(-1,-1)#18#[15#8#11#10#10#15]#(CONCENTRATION,HIDE,USE MAGIC DEVICES)##SHORT BOW#
	10#76000#27#(QUARTER STAFF)#
S43 : HALFELF#CLR#PANROS#(-1,-1)#47#[6#11#10#6#7#11]#(HEAL,USE MAGIC DEVICES)#SMALL WOODEN SHIELD#LONG SWORD#
	10#76000#28#()#
S44 : ORC#ROG#KEVKUL#(-1,-1)#35#[5#8#5#13#16#12]#(BLUFF,CLIMB,HIDE)#LEATHER#RAPIER#
	10#76000#27#(SHORT BOW)#


*************************************************
Mission #1:
*************************************************

**Before Deployment for round #1:

1D1  : DAGGER : 5
1D2  : GLOCK 171 : 1
1D3  : GLOCK 201 : 2
1D4  : LEATHER JACKET : 1
1D5  : RIOT SHIELD : 1
1D6  : STUN GUN : 1
1D7  : SWORD : 3

1D8  : MELEE#DAGGER#5#2#20#1#4#1#PIERCING
1D9  : MELEE#DAGGER#5#2#20#1#4#1#PIERCING
1D10 : MELEE#DAGGER#5#2#20#1#4#1#PIERCING
1D11 : MELEE#DAGGER#5#2#20#1#4#1#PIERCING
1D12 : MELEE#DAGGER#5#2#20#1#4#1#PIERCING
1D13 : RANGE#GLOCK 171#18#2#20#2#6#2#BALLISTIC
1D14 : RANGE#GLOCK 201#18#3#20#2#6#2#BALLISTIC
1D15 : RANGE#GLOCK 201#18#3#20#2#6#2#BALLISTIC
1D16 : ARMOR#LEATHER JACKET#10#4#0#1#30#LEATHER
1D17 : ARMOR#RIOT SHIELD#10#6#-1#3#30#PLATE
1D18 : MELEE#STUN GUN#5#1#20#1#3#1#ENERGY
1D19 : MELEE#SWORD#10#3#19#1#6#2#PIERCING
1D20 : MELEE#SWORD#10#3#19#1#6#2#PIERCING
1D21 : MELEE#SWORD#10#3#19#1#6#2#PIERCING


**Before Move #1:

1B1  : DAGGER : 5
1B2  : GLOCK 171 : 1
1B3  : GLOCK 201 : 2
1B4  : LEATHER JACKET : 1
1B5  : RIOT SHIELD : 1
1B6  : STUN GUN : 1
1B7  : SWORD : 3

1B8  : MELEE#DAGGER#5#2#20#1#4#1#PIERCING
1B9  : MELEE#DAGGER#5#2#20#1#4#1#PIERCING
1B10 : MELEE#DAGGER#5#2#20#1#4#1#PIERCING
1B11 : MELEE#DAGGER#5#2#20#1#4#1#PIERCING
1B12 : MELEE#DAGGER#5#2#20#1#4#1#PIERCING
1B13 : RANGE#GLOCK 171#18#2#20#2#6#2#BALLISTIC
1B14 : RANGE#GLOCK 201#18#3#20#2#6#2#BALLISTIC
1B15 : RANGE#GLOCK 201#18#3#20#2#6#2#BALLISTIC
1B16 : ARMOR#LEATHER JACKET#10#4#0#1#30#LEATHER
1B17 : ARMOR#RIOT SHIELD#10#6#-1#3#30#PLATE
1B18 : MELEE#STUN GUN#5#1#20#1#3#1#ENERGY
1B19 : MELEE#SWORD#10#3#19#1#6#2#PIERCING
1B20 : MELEE#SWORD#10#3#19#1#6#2#PIERCING
1B21 : MELEE#SWORD#10#3#19#1#6#2#PIERCING

1B22 : O
1B23 : O
1B24 : O
1B25 : O
1B26 : O
1B27 : O
1B28 : O
1B29 : O
1B30 : O
1B31 : O
1B32 : O
1B33 : O
1B34 : O
1B35 : O
1B36 : O

1B37 : HUMAN#FTR#JAMIAN#(-1,-1)#44#[8#11#9#13#13#8]#(INTIMIDATE,SWIM)#LARGE WOODEN SHIELD#SWORD#
	10#76000#29#()#
1B38 : ELF#WIZ#ADEAK#(-1,-1)#18#[15#8#11#10#10#15]#(CONCENTRATION,HIDE,USE MAGIC DEVICES)##SHORT BOW#
	10#76000#27#(QUARTER STAFF)#
1B39 : HALFELF#CLR#PANROS#(-1,-1)#47#[6#11#10#6#7#11]#(HEAL,USE MAGIC DEVICES)#SMALL WOODEN SHIELD#LONG SWORD#
	10#76000#28#()#
1B40 : ORC#ROG#KEVKUL#(-1,-1)#35#[5#8#5#13#16#12]#(BLUFF,CLIMB,HIDE)#LEATHER#RAPIER#
	10#76000#27#(SHORT BOW)#


**After Move #1:

1A1  : No prevCell to report
1A2  : (2,2):57#[ADEAK,JAMIAN,KEVKUL,PANROS]##0#Learn and  achieve the skill of Spot
1A3  : HUMAN#FTR#JAMIAN#(2,2)#44#[8#11#9#13#13#8]#(INTIMIDATE,SPOT,SWIM)#LARGE WOODEN SHIELD#SWORD#
	10#76000#29#()#
1A4  : ELF#WIZ#ADEAK#(2,2)#18#[15#8#11#10#10#15]#(CONCENTRATION,HIDE,USE MAGIC DEVICES)##SHORT BOW#
	10#76000#27#(QUARTER STAFF)#
1A5  : HALFELF#CLR#PANROS#(2,2)#47#[6#11#10#6#7#11]#(HEAL,USE MAGIC DEVICES)#SMALL WOODEN SHIELD#LONG SWORD#
	10#76000#28#()#
1A6  : ORC#ROG#KEVKUL#(2,2)#35#[5#8#5#13#16#12]#(BLUFF,CLIMB,HIDE)#LEATHER#RAPIER#
	10#76000#27#(SHORT BOW)#



**After Healing #1:

1H1  : ADEAK
1H2  : JAMIAN
1H3  : KEVKUL
1H4  : PANROS

1H5  : HUMAN#FTR#JAMIAN#(2,2)#44#[8#11#9#13#13#8]#(INTIMIDATE,SPOT,SWIM)#LARGE WOODEN SHIELD#SWORD#
	10#76000#29#()#
1H6  : ELF#WIZ#ADEAK#(2,2)#18#[15#8#11#10#10#15]#(CONCENTRATION,HIDE,USE MAGIC DEVICES)##SHORT BOW#
	10#76000#27#(QUARTER STAFF)#
1H7  : HALFELF#CLR#PANROS#(2,2)#47#[6#11#10#6#7#11]#(HEAL,USE MAGIC DEVICES)#SMALL WOODEN SHIELD#LONG SWORD#
	10#76000#28#()#
1H8  : ORC#ROG#KEVKUL#(2,2)#35#[5#8#5#13#16#12]#(BLUFF,CLIMB,HIDE)#LEATHER#RAPIER#
	10#76000#27#(SHORT BOW)#


*************************************************
Mission #2:
*************************************************

**Before Deployment for round #2:

2D1  : DAGGER : 5
2D2  : GLOCK 171 : 1
2D3  : GLOCK 201 : 2
2D4  : LEATHER JACKET : 1
2D5  : RIOT SHIELD : 1
2D6  : STUN GUN : 1
2D7  : SWORD : 3

2D8  : MELEE#DAGGER#5#2#20#1#4#1#PIERCING
2D9  : MELEE#DAGGER#5#2#20#1#4#1#PIERCING
2D10 : MELEE#DAGGER#5#2#20#1#4#1#PIERCING
2D11 : MELEE#DAGGER#5#2#20#1#4#1#PIERCING
2D12 : MELEE#DAGGER#5#2#20#1#4#1#PIERCING
2D13 : RANGE#GLOCK 171#18#2#20#2#6#2#BALLISTIC
2D14 : RANGE#GLOCK 201#18#3#20#2#6#2#BALLISTIC
2D15 : RANGE#GLOCK 201#18#3#20#2#6#2#BALLISTIC
2D16 : ARMOR#LEATHER JACKET#10#4#0#1#30#LEATHER
2D17 : ARMOR#RIOT SHIELD#10#6#-1#3#30#PLATE
2D18 : MELEE#STUN GUN#5#1#20#1#3#1#ENERGY
2D19 : MELEE#SWORD#10#3#19#1#6#2#PIERCING
2D20 : MELEE#SWORD#10#3#19#1#6#2#PIERCING
2D21 : MELEE#SWORD#10#3#19#1#6#2#PIERCING


**Before Move #2:

2B1  : DAGGER : 5
2B2  : GLOCK 201 : 2
2B3  : LEATHER JACKET : 1
2B4  : RIOT SHIELD : 1
2B5  : SHORT BOW : 1
2B6  : STUN GUN : 1
2B7  : SWORD : 3

2B8  : MELEE#DAGGER#5#2#20#1#4#1#PIERCING
2B9  : MELEE#DAGGER#5#2#20#1#4#1#PIERCING
2B10 : MELEE#DAGGER#5#2#20#1#4#1#PIERCING
2B11 : MELEE#DAGGER#5#2#20#1#4#1#PIERCING
2B12 : MELEE#DAGGER#5#2#20#1#4#1#PIERCING
2B13 : RANGE#GLOCK 201#18#3#20#2#6#2#BALLISTIC
2B14 : RANGE#GLOCK 201#18#3#20#2#6#2#BALLISTIC
2B15 : ARMOR#LEATHER JACKET#10#4#0#1#30#LEATHER
2B16 : ARMOR#RIOT SHIELD#10#6#-1#3#30#PLATE
2B17 : MELEE#SHORT BOW#10#6#20#2#6#3#PIERCING
2B18 : MELEE#STUN GUN#5#1#20#1#3#1#ENERGY
2B19 : MELEE#SWORD#10#3#19#1#6#2#PIERCING
2B20 : MELEE#SWORD#10#3#19#1#6#2#PIERCING
2B21 : MELEE#SWORD#10#3#19#1#6#2#PIERCING

2B22 : O
2B23 : O
2B24 : O
2B25 : O
2B26 : O
2B27 : O
2B28 : O
2B29 : O
2B30 : X
2B31 : O
2B32 : O
2B33 : O
2B34 : O
2B35 : O
2B36 : O

2B37 : ELF#WIZ#ADEAK#(2,2)#18#[15#8#11#10#10#15]#(CONCENTRATION,HIDE,USE MAGIC DEVICES)##GLOCK 171#
	10#76000#27#(QUARTER STAFF)#
2B38 : HALFELF#CLR#PANROS#(2,2)#47#[6#11#10#6#7#11]#(HEAL,USE MAGIC DEVICES)#SMALL WOODEN SHIELD#LONG SWORD#
	10#76000#28#()#
2B39 : ORC#ROG#KEVKUL#(2,2)#35#[5#8#5#13#16#12]#(BLUFF,CLIMB,HIDE)#LEATHER#RAPIER#
	10#76000#27#(SHORT BOW)#
2B40 : HUMAN#FTR#JAMIAN#(2,2)#44#[8#11#9#13#13#8]#(INTIMIDATE,SPOT,SWIM)#LARGE WOODEN SHIELD#SWORD#
	10#76000#29#()#

